#
# A fatal error has been detected by the Java Runtime Environment:
#
#  EXCEPTION_ACCESS_VIOLATION (0xc0000005) at pc=0x00007ffc1c0291a9, pid=16220, tid=13684
#
# JRE version: Java(TM) SE Runtime Environment (15.0.1+9) (build 15.0.1+9-18)
# Java VM: Java HotSpot(TM) 64-Bit Server VM (15.0.1+9-18, mixed mode, sharing, tiered, compressed oops, g1 gc, windows-amd64)
# Problematic frame:
# C  [jniortools.dll+0x4891a9]
#
# No core dump will be written. Minidumps are not enabled by default on client versions of Windows
#
# If you would like to submit a bug report, please visit:
#   https://bugreport.java.com/bugreport/crash.jsp
# The crash happened outside the Java Virtual Machine in native code.
# See problematic frame for where to report the bug.
#

---------------  S U M M A R Y ------------

Command Line: MWG2.Phase1

Host: Intel(R) Core(TM) i5-8350U CPU @ 1.70GHz, 8 cores, 15G,  Windows 10 , 64 bit Build 19041 (10.0.19041.1023)
Time: Wed Jul 14 10:10:27 2021 SE Asia Standard Time elapsed time: 8.898080 seconds (0d 0h 0m 8s)

---------------  T H R E A D  ---------------

Current thread (0x000001990eadb380):  JavaThread "main" [_thread_in_native, id=13684, stack(0x0000008e96800000,0x0000008e96900000)]

Stack: [0x0000008e96800000,0x0000008e96900000],  sp=0x0000008e968ff220,  free space=1020k
Native frames: (J=compiled Java code, j=interpreted, Vv=VM code, C=native code)
C  [jniortools.dll+0x4891a9]

Java frames: (J=compiled Java code, j=interpreted, Vv=VM code)
J 2197  com.google.ortools.linearsolver.main_research_linear_solverJNI.MPVariable_solutionValue(JLcom/google/ortools/linearsolver/MPVariable;)D (0 bytes) @ 0x000001991e8e9f05 [0x000001991e8e9ea0+0x0000000000000065]
J 2250% c2 MWG2.Phase1.main([Ljava/lang/String;)V (1122 bytes) @ 0x000001991e8fb894 [0x000001991e8fb660+0x0000000000000234]
v  ~StubRoutines::call_stub

siginfo: EXCEPTION_ACCESS_VIOLATION (0xc0000005), reading address 0xffffffffffffffff


Register to memory mapping:

RIP=0x00007ffc1c0291a9 jniortools.dll
RAX=0x0000008e968ff2c0 is pointing into the stack for thread: 0x000001990eadb380
RBX=0x646574696d696c6e is an unknown value
RCX=0x646574696d696c6e is an unknown value
RDX=0x0000008e968ff2e0 is pointing into the stack for thread: 0x000001990eadb380
RSP=0x0000008e968ff220 is pointing into the stack for thread: 0x000001990eadb380
RBP=0x0000008e968ff2f0 is pointing into the stack for thread: 0x000001990eadb380
RSI=0x0 is NULL
RDI=0x646574696d696c6e is an unknown value
R8 =0x0000019934c7aa40 points into unknown readable memory: 0x6f20726f74636166 | 66 61 63 74 6f 72 20 6f
R9 =0x0000008e968ff2b8 is pointing into the stack for thread: 0x000001990eadb380
R10=0x00007ffc1bc86b50 jniortools.dll
R11=3791926814 is a compressed pointer to object: com.google.ortools.linearsolver.MPVariable 
{0x000000071021b0f0} - klass: 'com/google/ortools/linearsolver/MPVariable'
R12=0x0 is NULL
R13=0x0 is NULL
R14=0x0000008e968ff2e0 is pointing into the stack for thread: 0x000001990eadb380
R15=0x000001990eadb380 is a thread


Registers:
RAX=0x0000008e968ff2c0, RBX=0x646574696d696c6e, RCX=0x646574696d696c6e, RDX=0x0000008e968ff2e0
RSP=0x0000008e968ff220, RBP=0x0000008e968ff2f0, RSI=0x0000000000000000, RDI=0x646574696d696c6e
R8 =0x0000019934c7aa40, R9 =0x0000008e968ff2b8, R10=0x00007ffc1bc86b50, R11=0x00000000e204361e
R12=0x0000000000000000, R13=0x0000000000000000, R14=0x0000008e968ff2e0, R15=0x000001990eadb380
RIP=0x00007ffc1c0291a9, EFLAGS=0x0000000000010202

Top of Stack: (sp=0x0000008e968ff220)
0x0000008e968ff220:   0000019933003f67 0000019933003f67
0x0000008e968ff230:   0000019900000000 00007ffc373bdc80
0x0000008e968ff240:   e05d2887e05d288a 0000000702e94438
0x0000008e968ff250:   0000019934c7aa40 00007ffc1c036419
0x0000008e968ff260:   0000000702e94318 0000000702e94340
0x0000008e968ff270:   000022cebb0dd1fb 0000000000000000
0x0000008e968ff280:   0000000000000000 000001991e8e9fa5
0x0000008e968ff290:   0000000710400028 00007ffc37307d48
0x0000008e968ff2a0:   000001990eadb380 0000000000000000
0x0000008e968ff2b0:   0000000800011428 000000071021b0f0
0x0000008e968ff2c0:   0000000000000009 0000000000000009
0x0000008e968ff2d0:   0000000000000000 0000000000000009
0x0000008e968ff2e0:   000000071041b3b0 0000000000000000
0x0000008e968ff2f0:   0000000710400000 000001991e8fb894
0x0000008e968ff300:   0000000000000000 0000000000000000
0x0000008e968ff310:   00000007116d4ae0 0000000000000000 

Instructions: (pc=0x00007ffc1c0291a9)
0x00007ffc1c0290a9:   00 48 8d 15 97 0f 24 01 48 8d 4c 24 30 e8 85 18
0x00007ffc1c0290b9:   c8 ff 90 83 ce 01 89 74 24 58 48 8b c8 e8 65 9c
0x00007ffc1c0290c9:   c8 ff 48 8b c8 48 8d 15 eb 17 24 01 e8 46 48 b8
0x00007ffc1c0290d9:   ff 48 8b c8 48 8d 15 7c 17 24 01 e8 37 48 b8 ff
0x00007ffc1c0290e9:   90 40 f6 c6 01 75 2b 48 8d 4c 24 20 e8 66 f6 ff
0x00007ffc1c0290f9:   ff 48 83 7c 24 20 00 0f 85 6b ff ff ff 48 8b 5c
0x00007ffc1c029109:   24 50 48 8b 6c 24 60 48 8b 74 24 68 48 83 c4 40
0x00007ffc1c029119:   5f c3 48 8d 4c 24 30 e8 fb 20 c8 ff cc cc cc cc
0x00007ffc1c029129:   cc cc cc cc cc cc cc 40 53 48 83 ec 30 48 8b d9
0x00007ffc1c029139:   83 79 14 01 76 53 41 b9 02 00 00 00 41 b8 b0 06
0x00007ffc1c029149:   00 00 48 8d 15 f6 0e 24 01 48 8d 4c 24 20 e8 64
0x00007ffc1c029159:   16 c8 ff 90 48 8b c8 e8 cb 9b c8 ff 48 8b c8 48
0x00007ffc1c029169:   8d 15 39 24 24 01 e8 ac 47 b8 ff 8b 53 14 48 8b
0x00007ffc1c029179:   c8 e8 b1 f2 ff ff 90 48 8d 4c 24 20 e8 06 20 c8
0x00007ffc1c029189:   ff 32 c0 48 83 c4 30 5b c3 b0 01 48 83 c4 30 5b
0x00007ffc1c029199:   c3 cc cc cc cc cc cc 40 53 48 83 ec 30 48 8b d9
0x00007ffc1c0291a9:   83 79 10 02 74 63 41 b9 02 00 00 00 41 b8 a3 06
0x00007ffc1c0291b9:   00 00 48 8d 15 86 0e 24 01 48 8d 4c 24 20 e8 f4
0x00007ffc1c0291c9:   15 c8 ff 90 48 8b c8 e8 5b 9b c8 ff 48 8b c8 48
0x00007ffc1c0291d9:   8d 15 81 23 24 01 e8 3c 47 b8 ff 48 8b c8 48 8d
0x00007ffc1c0291e9:   15 4a 23 24 01 e8 2d 47 b8 ff 8b 53 10 48 8b c8
0x00007ffc1c0291f9:   ff 15 29 13 21 01 90 48 8d 4c 24 20 e8 86 1f c8
0x00007ffc1c029209:   ff 32 c0 48 83 c4 30 5b c3 b0 01 48 83 c4 30 5b
0x00007ffc1c029219:   c3 cc cc cc cc cc cc 40 53 48 83 ec 20 48 8b d9
0x00007ffc1c029229:   e8 72 ff ff ff 84 c0 74 18 48 8b 03 48 8b cb ff
0x00007ffc1c029239:   90 b0 00 00 00 84 c0 74 08 b0 01 48 83 c4 20 5b
0x00007ffc1c029249:   c3 32 c0 48 83 c4 20 5b c3 cc cc cc cc cc cc cc
0x00007ffc1c029259:   cc cc cc cc cc cc cc 48 8b c4 48 89 58 18 48 89
0x00007ffc1c029269:   70 20 55 57 41 55 41 56 41 57 48 8d 68 a1 48 81
0x00007ffc1c029279:   ec 00 01 00 00 0f 29 70 c8 0f 29 78 b8 48 8b 05
0x00007ffc1c029289:   7b 43 5a 01 48 33 c4 48 89 45 07 4c 8b f2 4c 8b
0x00007ffc1c029299:   e9 48 89 54 24 20 48 8b 49 30 e8 48 1a 00 00 49 


Stack slot to memory mapping:
stack at sp + 0 slots: 0x0000019933003f67 is an unknown value
stack at sp + 1 slots: 0x0000019933003f67 is an unknown value
stack at sp + 2 slots: 0x0000019900000000 is an unknown value
stack at sp + 3 slots: 0x00007ffc373bdc80 jvm.dll
stack at sp + 4 slots: 0xe05d2887e05d288a is an unknown value
stack at sp + 5 slots: 0x0000000702e94438 is an oop: java.io.OutputStreamWriter 
{0x0000000702e94438} - klass: 'java/io/OutputStreamWriter'
stack at sp + 6 slots: 0x0000019934c7aa40 points into unknown readable memory: 0x6f20726f74636166 | 66 61 63 74 6f 72 20 6f
stack at sp + 7 slots: 0x00007ffc1c036419 jniortools.dll


---------------  P R O C E S S  ---------------

Threads class SMR info:
_java_thread_list=0x000001993390f160, length=11, elements={
0x000001990eadb380, 0x00000199320fd270, 0x00000199320fde40, 0x0000019932117470,
0x0000019932119f30, 0x000001993211a9e0, 0x00000199321247e0, 0x0000019932128880,
0x000001993213af40, 0x0000019932ad6fa0, 0x0000019932ae10b0
}

Java Threads: ( => current thread )
=>0x000001990eadb380 JavaThread "main" [_thread_in_native, id=13684, stack(0x0000008e96800000,0x0000008e96900000)]
  0x00000199320fd270 JavaThread "Reference Handler" daemon [_thread_blocked, id=16164, stack(0x0000008e96f00000,0x0000008e97000000)]
  0x00000199320fde40 JavaThread "Finalizer" daemon [_thread_blocked, id=11632, stack(0x0000008e97000000,0x0000008e97100000)]
  0x0000019932117470 JavaThread "Signal Dispatcher" daemon [_thread_blocked, id=9096, stack(0x0000008e97100000,0x0000008e97200000)]
  0x0000019932119f30 JavaThread "Attach Listener" daemon [_thread_blocked, id=7272, stack(0x0000008e97200000,0x0000008e97300000)]
  0x000001993211a9e0 JavaThread "Service Thread" daemon [_thread_blocked, id=2672, stack(0x0000008e97300000,0x0000008e97400000)]
  0x00000199321247e0 JavaThread "C2 CompilerThread0" daemon [_thread_blocked, id=14256, stack(0x0000008e97400000,0x0000008e97500000)]
  0x0000019932128880 JavaThread "C1 CompilerThread0" daemon [_thread_blocked, id=16900, stack(0x0000008e97500000,0x0000008e97600000)]
  0x000001993213af40 JavaThread "Sweeper thread" daemon [_thread_blocked, id=9992, stack(0x0000008e97600000,0x0000008e97700000)]
  0x0000019932ad6fa0 JavaThread "Notification Thread" daemon [_thread_blocked, id=10024, stack(0x0000008e97700000,0x0000008e97800000)]
  0x0000019932ae10b0 JavaThread "Common-Cleaner" daemon [_thread_blocked, id=11656, stack(0x0000008e97900000,0x0000008e97a00000)]

Other Threads:
  0x00000199320f99e0 VMThread "VM Thread" [stack: 0x0000008e96e00000,0x0000008e96f00000] [id=10216]
  0x0000019932add490 WatcherThread [stack: 0x0000008e97800000,0x0000008e97900000] [id=11104]
  0x000001990eb2aa20 GCTaskThread "GC Thread#0" [stack: 0x0000008e96900000,0x0000008e96a00000] [id=10980]
  0x00000199332622a0 GCTaskThread "GC Thread#1" [stack: 0x0000008e97b00000,0x0000008e97c00000] [id=14332]
  0x0000019933263290 GCTaskThread "GC Thread#2" [stack: 0x0000008e97c00000,0x0000008e97d00000] [id=9588]
  0x00000199332648e0 GCTaskThread "GC Thread#3" [stack: 0x0000008e97d00000,0x0000008e97e00000] [id=12920]
  0x0000019933263c20 GCTaskThread "GC Thread#4" [stack: 0x0000008e97e00000,0x0000008e97f00000] [id=6464]
  0x0000019933264c10 GCTaskThread "GC Thread#5" [stack: 0x0000008e97f00000,0x0000008e98000000] [id=13864]
  0x000001990eb3d130 ConcurrentGCThread "G1 Main Marker" [stack: 0x0000008e96a00000,0x0000008e96b00000] [id=10352]
  0x000001990eb3dd20 ConcurrentGCThread "G1 Conc#0" [stack: 0x0000008e96b00000,0x0000008e96c00000] [id=11184]
  0x0000019931ff40f0 ConcurrentGCThread "G1 Refine#0" [stack: 0x0000008e96c00000,0x0000008e96d00000] [id=500]
  0x0000019933f0f020 ConcurrentGCThread "G1 Refine#1" [stack: 0x0000008e98100000,0x0000008e98200000] [id=4760]
  0x0000019935534010 ConcurrentGCThread "G1 Refine#2" [stack: 0x0000008e97a00000,0x0000008e97b00000] [id=4784]
  0x0000019931ff4cf0 ConcurrentGCThread "G1 Young RemSet Sampling" [stack: 0x0000008e96d00000,0x0000008e96e00000] [id=11408]

Threads with active compile tasks:

VM state: not at safepoint (normal execution)

VM Mutex/Monitor currently owned by a thread: None

Heap address: 0x0000000702800000, size: 4056 MB, Compressed Oops mode: Zero based, Oop shift amount: 3
CDS archive(s) mapped at: [0x0000000800000000-0x0000000800b50000-0x0000000800b50000), size 11862016, SharedBaseAddress: 0x0000000800000000, ArchiveRelocationMode: 0.
Compressed class space mapped at: 0x0000000800b50000-0x0000000840b50000, size: 1073741824
Narrow klass base: 0x0000000800000000, Narrow klass shift: 3, Narrow klass range: 0x100000000

GC Precious Log:
 CPUs: 8 total, 8 available
 Memory: 16217M
 Large Page Support: Disabled
 NUMA Support: Disabled
 Compressed Oops: Enabled (Zero based)
 Heap Region Size: 2M
 Heap Min Capacity: 8M
 Heap Initial Capacity: 254M
 Heap Max Capacity: 4056M
 Pre-touch: Disabled
 Parallel Workers: 8
 Concurrent Workers: 2
 Concurrent Refinement Workers: 8
 Periodic GC: Disabled

Heap:
 garbage-first heap   total 260096K, used 16770K [0x0000000702800000, 0x0000000800000000)
  region size 2048K, 3 young (6144K), 2 survivors (4096K)
 Metaspace       used 11327K, capacity 11534K, committed 11904K, reserved 1060864K
  class space    used 1222K, capacity 1289K, committed 1408K, reserved 1048576K

Heap Regions: E=young(eden), S=young(survivor), O=old, HS=humongous(starts), HC=humongous(continues), CS=collection set, F=free, OA=open archive, CA=closed archive, TAMS=top-at-mark-start (previous, next)
|   0|0x0000000702800000, 0x0000000702a00000, 0x0000000702a00000|100%| O|  |TAMS 0x0000000702800000, 0x0000000702800000| Untracked 
|   1|0x0000000702a00000, 0x0000000702c00000, 0x0000000702c00000|100%| O|  |TAMS 0x0000000702a00000, 0x0000000702a00000| Untracked 
|   2|0x0000000702c00000, 0x0000000702e00000, 0x0000000702e00000|100%| O|  |TAMS 0x0000000702c00000, 0x0000000702c00000| Untracked 
|   3|0x0000000702e00000, 0x0000000703000000, 0x0000000703000000|100%| O|  |TAMS 0x0000000702e00000, 0x0000000702e00000| Untracked 
|   4|0x0000000703000000, 0x0000000703200000, 0x0000000703200000|100%| O|  |TAMS 0x0000000703000000, 0x0000000703000000| Untracked 
|   5|0x0000000703200000, 0x0000000703400000, 0x0000000703400000|100%| O|  |TAMS 0x0000000703200000, 0x0000000703200000| Untracked 
|   6|0x0000000703400000, 0x0000000703460800, 0x0000000703600000| 18%| O|  |TAMS 0x0000000703400000, 0x0000000703400000| Untracked 
|   7|0x0000000703600000, 0x0000000703600000, 0x0000000703800000|  0%| F|  |TAMS 0x0000000703600000, 0x0000000703600000| Untracked 
|   8|0x0000000703800000, 0x0000000703800000, 0x0000000703a00000|  0%| F|  |TAMS 0x0000000703800000, 0x0000000703800000| Untracked 
|   9|0x0000000703a00000, 0x0000000703a00000, 0x0000000703c00000|  0%| F|  |TAMS 0x0000000703a00000, 0x0000000703a00000| Untracked 
|  10|0x0000000703c00000, 0x0000000703c00000, 0x0000000703e00000|  0%| F|  |TAMS 0x0000000703c00000, 0x0000000703c00000| Untracked 
|  11|0x0000000703e00000, 0x0000000703e00000, 0x0000000704000000|  0%| F|  |TAMS 0x0000000703e00000, 0x0000000703e00000| Untracked 
|  12|0x0000000704000000, 0x0000000704000000, 0x0000000704200000|  0%| F|  |TAMS 0x0000000704000000, 0x0000000704000000| Untracked 
|  13|0x0000000704200000, 0x0000000704200000, 0x0000000704400000|  0%| F|  |TAMS 0x0000000704200000, 0x0000000704200000| Untracked 
|  14|0x0000000704400000, 0x0000000704400000, 0x0000000704600000|  0%| F|  |TAMS 0x0000000704400000, 0x0000000704400000| Untracked 
|  15|0x0000000704600000, 0x0000000704600000, 0x0000000704800000|  0%| F|  |TAMS 0x0000000704600000, 0x0000000704600000| Untracked 
|  16|0x0000000704800000, 0x0000000704800000, 0x0000000704a00000|  0%| F|  |TAMS 0x0000000704800000, 0x0000000704800000| Untracked 
|  17|0x0000000704a00000, 0x0000000704a00000, 0x0000000704c00000|  0%| F|  |TAMS 0x0000000704a00000, 0x0000000704a00000| Untracked 
|  18|0x0000000704c00000, 0x0000000704c00000, 0x0000000704e00000|  0%| F|  |TAMS 0x0000000704c00000, 0x0000000704c00000| Untracked 
|  19|0x0000000704e00000, 0x0000000704e00000, 0x0000000705000000|  0%| F|  |TAMS 0x0000000704e00000, 0x0000000704e00000| Untracked 
|  20|0x0000000705000000, 0x0000000705000000, 0x0000000705200000|  0%| F|  |TAMS 0x0000000705000000, 0x0000000705000000| Untracked 
|  21|0x0000000705200000, 0x0000000705200000, 0x0000000705400000|  0%| F|  |TAMS 0x0000000705200000, 0x0000000705200000| Untracked 
|  22|0x0000000705400000, 0x0000000705400000, 0x0000000705600000|  0%| F|  |TAMS 0x0000000705400000, 0x0000000705400000| Untracked 
|  23|0x0000000705600000, 0x0000000705600000, 0x0000000705800000|  0%| F|  |TAMS 0x0000000705600000, 0x0000000705600000| Untracked 
|  24|0x0000000705800000, 0x0000000705800000, 0x0000000705a00000|  0%| F|  |TAMS 0x0000000705800000, 0x0000000705800000| Untracked 
|  25|0x0000000705a00000, 0x0000000705a00000, 0x0000000705c00000|  0%| F|  |TAMS 0x0000000705a00000, 0x0000000705a00000| Untracked 
|  26|0x0000000705c00000, 0x0000000705c00000, 0x0000000705e00000|  0%| F|  |TAMS 0x0000000705c00000, 0x0000000705c00000| Untracked 
|  27|0x0000000705e00000, 0x0000000705e00000, 0x0000000706000000|  0%| F|  |TAMS 0x0000000705e00000, 0x0000000705e00000| Untracked 
|  28|0x0000000706000000, 0x0000000706000000, 0x0000000706200000|  0%| F|  |TAMS 0x0000000706000000, 0x0000000706000000| Untracked 
|  29|0x0000000706200000, 0x0000000706200000, 0x0000000706400000|  0%| F|  |TAMS 0x0000000706200000, 0x0000000706200000| Untracked 
|  30|0x0000000706400000, 0x0000000706400000, 0x0000000706600000|  0%| F|  |TAMS 0x0000000706400000, 0x0000000706400000| Untracked 
|  31|0x0000000706600000, 0x0000000706600000, 0x0000000706800000|  0%| F|  |TAMS 0x0000000706600000, 0x0000000706600000| Untracked 
|  32|0x0000000706800000, 0x0000000706800000, 0x0000000706a00000|  0%| F|  |TAMS 0x0000000706800000, 0x0000000706800000| Untracked 
|  33|0x0000000706a00000, 0x0000000706a00000, 0x0000000706c00000|  0%| F|  |TAMS 0x0000000706a00000, 0x0000000706a00000| Untracked 
|  34|0x0000000706c00000, 0x0000000706c00000, 0x0000000706e00000|  0%| F|  |TAMS 0x0000000706c00000, 0x0000000706c00000| Untracked 
|  35|0x0000000706e00000, 0x0000000706e00000, 0x0000000707000000|  0%| F|  |TAMS 0x0000000706e00000, 0x0000000706e00000| Untracked 
|  36|0x0000000707000000, 0x0000000707000000, 0x0000000707200000|  0%| F|  |TAMS 0x0000000707000000, 0x0000000707000000| Untracked 
|  37|0x0000000707200000, 0x0000000707200000, 0x0000000707400000|  0%| F|  |TAMS 0x0000000707200000, 0x0000000707200000| Untracked 
|  38|0x0000000707400000, 0x0000000707400000, 0x0000000707600000|  0%| F|  |TAMS 0x0000000707400000, 0x0000000707400000| Untracked 
|  39|0x0000000707600000, 0x0000000707600000, 0x0000000707800000|  0%| F|  |TAMS 0x0000000707600000, 0x0000000707600000| Untracked 
|  40|0x0000000707800000, 0x0000000707800000, 0x0000000707a00000|  0%| F|  |TAMS 0x0000000707800000, 0x0000000707800000| Untracked 
|  41|0x0000000707a00000, 0x0000000707a00000, 0x0000000707c00000|  0%| F|  |TAMS 0x0000000707a00000, 0x0000000707a00000| Untracked 
|  42|0x0000000707c00000, 0x0000000707c00000, 0x0000000707e00000|  0%| F|  |TAMS 0x0000000707c00000, 0x0000000707c00000| Untracked 
|  43|0x0000000707e00000, 0x0000000707e00000, 0x0000000708000000|  0%| F|  |TAMS 0x0000000707e00000, 0x0000000707e00000| Untracked 
|  44|0x0000000708000000, 0x0000000708000000, 0x0000000708200000|  0%| F|  |TAMS 0x0000000708000000, 0x0000000708000000| Untracked 
|  45|0x0000000708200000, 0x0000000708200000, 0x0000000708400000|  0%| F|  |TAMS 0x0000000708200000, 0x0000000708200000| Untracked 
|  46|0x0000000708400000, 0x0000000708400000, 0x0000000708600000|  0%| F|  |TAMS 0x0000000708400000, 0x0000000708400000| Untracked 
|  47|0x0000000708600000, 0x0000000708600000, 0x0000000708800000|  0%| F|  |TAMS 0x0000000708600000, 0x0000000708600000| Untracked 
|  48|0x0000000708800000, 0x0000000708800000, 0x0000000708a00000|  0%| F|  |TAMS 0x0000000708800000, 0x0000000708800000| Untracked 
|  49|0x0000000708a00000, 0x0000000708a00000, 0x0000000708c00000|  0%| F|  |TAMS 0x0000000708a00000, 0x0000000708a00000| Untracked 
|  50|0x0000000708c00000, 0x0000000708c00000, 0x0000000708e00000|  0%| F|  |TAMS 0x0000000708c00000, 0x0000000708c00000| Untracked 
|  51|0x0000000708e00000, 0x0000000708e00000, 0x0000000709000000|  0%| F|  |TAMS 0x0000000708e00000, 0x0000000708e00000| Untracked 
|  52|0x0000000709000000, 0x0000000709000000, 0x0000000709200000|  0%| F|  |TAMS 0x0000000709000000, 0x0000000709000000| Untracked 
|  53|0x0000000709200000, 0x0000000709200000, 0x0000000709400000|  0%| F|  |TAMS 0x0000000709200000, 0x0000000709200000| Untracked 
|  54|0x0000000709400000, 0x0000000709400000, 0x0000000709600000|  0%| F|  |TAMS 0x0000000709400000, 0x0000000709400000| Untracked 
|  55|0x0000000709600000, 0x0000000709600000, 0x0000000709800000|  0%| F|  |TAMS 0x0000000709600000, 0x0000000709600000| Untracked 
|  56|0x0000000709800000, 0x0000000709800000, 0x0000000709a00000|  0%| F|  |TAMS 0x0000000709800000, 0x0000000709800000| Untracked 
|  57|0x0000000709a00000, 0x0000000709a00000, 0x0000000709c00000|  0%| F|  |TAMS 0x0000000709a00000, 0x0000000709a00000| Untracked 
|  58|0x0000000709c00000, 0x0000000709c00000, 0x0000000709e00000|  0%| F|  |TAMS 0x0000000709c00000, 0x0000000709c00000| Untracked 
|  59|0x0000000709e00000, 0x0000000709e00000, 0x000000070a000000|  0%| F|  |TAMS 0x0000000709e00000, 0x0000000709e00000| Untracked 
|  60|0x000000070a000000, 0x000000070a000000, 0x000000070a200000|  0%| F|  |TAMS 0x000000070a000000, 0x000000070a000000| Untracked 
|  61|0x000000070a200000, 0x000000070a200000, 0x000000070a400000|  0%| F|  |TAMS 0x000000070a200000, 0x000000070a200000| Untracked 
|  62|0x000000070a400000, 0x000000070a400000, 0x000000070a600000|  0%| F|  |TAMS 0x000000070a400000, 0x000000070a400000| Untracked 
|  63|0x000000070a600000, 0x000000070a600000, 0x000000070a800000|  0%| F|  |TAMS 0x000000070a600000, 0x000000070a600000| Untracked 
|  64|0x000000070a800000, 0x000000070a800000, 0x000000070aa00000|  0%| F|  |TAMS 0x000000070a800000, 0x000000070a800000| Untracked 
|  65|0x000000070aa00000, 0x000000070aa00000, 0x000000070ac00000|  0%| F|  |TAMS 0x000000070aa00000, 0x000000070aa00000| Untracked 
|  66|0x000000070ac00000, 0x000000070ac00000, 0x000000070ae00000|  0%| F|  |TAMS 0x000000070ac00000, 0x000000070ac00000| Untracked 
|  67|0x000000070ae00000, 0x000000070ae00000, 0x000000070b000000|  0%| F|  |TAMS 0x000000070ae00000, 0x000000070ae00000| Untracked 
|  68|0x000000070b000000, 0x000000070b000000, 0x000000070b200000|  0%| F|  |TAMS 0x000000070b000000, 0x000000070b000000| Untracked 
|  69|0x000000070b200000, 0x000000070b200000, 0x000000070b400000|  0%| F|  |TAMS 0x000000070b200000, 0x000000070b200000| Untracked 
|  70|0x000000070b400000, 0x000000070b400000, 0x000000070b600000|  0%| F|  |TAMS 0x000000070b400000, 0x000000070b400000| Untracked 
|  71|0x000000070b600000, 0x000000070b600000, 0x000000070b800000|  0%| F|  |TAMS 0x000000070b600000, 0x000000070b600000| Untracked 
|  72|0x000000070b800000, 0x000000070b800000, 0x000000070ba00000|  0%| F|  |TAMS 0x000000070b800000, 0x000000070b800000| Untracked 
|  73|0x000000070ba00000, 0x000000070ba00000, 0x000000070bc00000|  0%| F|  |TAMS 0x000000070ba00000, 0x000000070ba00000| Untracked 
|  74|0x000000070bc00000, 0x000000070bc00000, 0x000000070be00000|  0%| F|  |TAMS 0x000000070bc00000, 0x000000070bc00000| Untracked 
|  75|0x000000070be00000, 0x000000070be00000, 0x000000070c000000|  0%| F|  |TAMS 0x000000070be00000, 0x000000070be00000| Untracked 
|  76|0x000000070c000000, 0x000000070c000000, 0x000000070c200000|  0%| F|  |TAMS 0x000000070c000000, 0x000000070c000000| Untracked 
|  77|0x000000070c200000, 0x000000070c200000, 0x000000070c400000|  0%| F|  |TAMS 0x000000070c200000, 0x000000070c200000| Untracked 
|  78|0x000000070c400000, 0x000000070c400000, 0x000000070c600000|  0%| F|  |TAMS 0x000000070c400000, 0x000000070c400000| Untracked 
|  79|0x000000070c600000, 0x000000070c600000, 0x000000070c800000|  0%| F|  |TAMS 0x000000070c600000, 0x000000070c600000| Untracked 
|  80|0x000000070c800000, 0x000000070c800000, 0x000000070ca00000|  0%| F|  |TAMS 0x000000070c800000, 0x000000070c800000| Untracked 
|  81|0x000000070ca00000, 0x000000070ca00000, 0x000000070cc00000|  0%| F|  |TAMS 0x000000070ca00000, 0x000000070ca00000| Untracked 
|  82|0x000000070cc00000, 0x000000070cc00000, 0x000000070ce00000|  0%| F|  |TAMS 0x000000070cc00000, 0x000000070cc00000| Untracked 
|  83|0x000000070ce00000, 0x000000070ce00000, 0x000000070d000000|  0%| F|  |TAMS 0x000000070ce00000, 0x000000070ce00000| Untracked 
|  84|0x000000070d000000, 0x000000070d000000, 0x000000070d200000|  0%| F|  |TAMS 0x000000070d000000, 0x000000070d000000| Untracked 
|  85|0x000000070d200000, 0x000000070d200000, 0x000000070d400000|  0%| F|  |TAMS 0x000000070d200000, 0x000000070d200000| Untracked 
|  86|0x000000070d400000, 0x000000070d400000, 0x000000070d600000|  0%| F|  |TAMS 0x000000070d400000, 0x000000070d400000| Untracked 
|  87|0x000000070d600000, 0x000000070d600000, 0x000000070d800000|  0%| F|  |TAMS 0x000000070d600000, 0x000000070d600000| Untracked 
|  88|0x000000070d800000, 0x000000070d800000, 0x000000070da00000|  0%| F|  |TAMS 0x000000070d800000, 0x000000070d800000| Untracked 
|  89|0x000000070da00000, 0x000000070da00000, 0x000000070dc00000|  0%| F|  |TAMS 0x000000070da00000, 0x000000070da00000| Untracked 
|  90|0x000000070dc00000, 0x000000070dc00000, 0x000000070de00000|  0%| F|  |TAMS 0x000000070dc00000, 0x000000070dc00000| Untracked 
|  91|0x000000070de00000, 0x000000070de00000, 0x000000070e000000|  0%| F|  |TAMS 0x000000070de00000, 0x000000070de00000| Untracked 
|  92|0x000000070e000000, 0x000000070e000000, 0x000000070e200000|  0%| F|  |TAMS 0x000000070e000000, 0x000000070e000000| Untracked 
|  93|0x000000070e200000, 0x000000070e200000, 0x000000070e400000|  0%| F|  |TAMS 0x000000070e200000, 0x000000070e200000| Untracked 
|  94|0x000000070e400000, 0x000000070e400000, 0x000000070e600000|  0%| F|  |TAMS 0x000000070e400000, 0x000000070e400000| Untracked 
|  95|0x000000070e600000, 0x000000070e600000, 0x000000070e800000|  0%| F|  |TAMS 0x000000070e600000, 0x000000070e600000| Untracked 
|  96|0x000000070e800000, 0x000000070e800000, 0x000000070ea00000|  0%| F|  |TAMS 0x000000070e800000, 0x000000070e800000| Untracked 
|  97|0x000000070ea00000, 0x000000070ea00000, 0x000000070ec00000|  0%| F|  |TAMS 0x000000070ea00000, 0x000000070ea00000| Untracked 
|  98|0x000000070ec00000, 0x000000070ec00000, 0x000000070ee00000|  0%| F|  |TAMS 0x000000070ec00000, 0x000000070ec00000| Untracked 
|  99|0x000000070ee00000, 0x000000070ee00000, 0x000000070f000000|  0%| F|  |TAMS 0x000000070ee00000, 0x000000070ee00000| Untracked 
| 100|0x000000070f000000, 0x000000070f000000, 0x000000070f200000|  0%| F|  |TAMS 0x000000070f000000, 0x000000070f000000| Untracked 
| 101|0x000000070f200000, 0x000000070f200000, 0x000000070f400000|  0%| F|  |TAMS 0x000000070f200000, 0x000000070f200000| Untracked 
| 102|0x000000070f400000, 0x000000070f400000, 0x000000070f600000|  0%| F|  |TAMS 0x000000070f400000, 0x000000070f400000| Untracked 
| 103|0x000000070f600000, 0x000000070f600000, 0x000000070f800000|  0%| F|  |TAMS 0x000000070f600000, 0x000000070f600000| Untracked 
| 104|0x000000070f800000, 0x000000070f800000, 0x000000070fa00000|  0%| F|  |TAMS 0x000000070f800000, 0x000000070f800000| Untracked 
| 105|0x000000070fa00000, 0x000000070fa00000, 0x000000070fc00000|  0%| F|  |TAMS 0x000000070fa00000, 0x000000070fa00000| Untracked 
| 106|0x000000070fc00000, 0x000000070fc00000, 0x000000070fe00000|  0%| F|  |TAMS 0x000000070fc00000, 0x000000070fc00000| Untracked 
| 107|0x000000070fe00000, 0x000000070fe00000, 0x0000000710000000|  0%| F|  |TAMS 0x000000070fe00000, 0x000000070fe00000| Untracked 
| 108|0x0000000710000000, 0x0000000710000000, 0x0000000710200000|  0%| F|  |TAMS 0x0000000710000000, 0x0000000710000000| Untracked 
| 109|0x0000000710200000, 0x0000000710400000, 0x0000000710400000|100%| S|CS|TAMS 0x0000000710200000, 0x0000000710200000| Complete 
| 110|0x0000000710400000, 0x0000000710600000, 0x0000000710600000|100%| S|CS|TAMS 0x0000000710400000, 0x0000000710400000| Complete 
| 111|0x0000000710600000, 0x0000000710600000, 0x0000000710800000|  0%| F|  |TAMS 0x0000000710600000, 0x0000000710600000| Untracked 
| 112|0x0000000710800000, 0x0000000710800000, 0x0000000710a00000|  0%| F|  |TAMS 0x0000000710800000, 0x0000000710800000| Untracked 
| 113|0x0000000710a00000, 0x0000000710a00000, 0x0000000710c00000|  0%| F|  |TAMS 0x0000000710a00000, 0x0000000710a00000| Untracked 
| 114|0x0000000710c00000, 0x0000000710c00000, 0x0000000710e00000|  0%| F|  |TAMS 0x0000000710c00000, 0x0000000710c00000| Untracked 
| 115|0x0000000710e00000, 0x0000000710e00000, 0x0000000711000000|  0%| F|  |TAMS 0x0000000710e00000, 0x0000000710e00000| Untracked 
| 116|0x0000000711000000, 0x0000000711000000, 0x0000000711200000|  0%| F|  |TAMS 0x0000000711000000, 0x0000000711000000| Untracked 
| 117|0x0000000711200000, 0x0000000711200000, 0x0000000711400000|  0%| F|  |TAMS 0x0000000711200000, 0x0000000711200000| Untracked 
| 118|0x0000000711400000, 0x0000000711400000, 0x0000000711600000|  0%| F|  |TAMS 0x0000000711400000, 0x0000000711400000| Untracked 
| 119|0x0000000711600000, 0x0000000711600000, 0x0000000711800000|  0%| F|  |TAMS 0x0000000711600000, 0x0000000711600000| Untracked 
| 120|0x0000000711800000, 0x0000000711800000, 0x0000000711a00000|  0%| F|  |TAMS 0x0000000711800000, 0x0000000711800000| Untracked 
| 121|0x0000000711a00000, 0x0000000711a00000, 0x0000000711c00000|  0%| F|  |TAMS 0x0000000711a00000, 0x0000000711a00000| Untracked 
| 122|0x0000000711c00000, 0x0000000711c00000, 0x0000000711e00000|  0%| F|  |TAMS 0x0000000711c00000, 0x0000000711c00000| Untracked 
| 123|0x0000000711e00000, 0x0000000711e00000, 0x0000000712000000|  0%| F|  |TAMS 0x0000000711e00000, 0x0000000711e00000| Untracked 
| 124|0x0000000712000000, 0x0000000712000000, 0x0000000712200000|  0%| F|  |TAMS 0x0000000712000000, 0x0000000712000000| Untracked 
| 125|0x0000000712200000, 0x0000000712200000, 0x0000000712400000|  0%| F|  |TAMS 0x0000000712200000, 0x0000000712200000| Untracked 
| 126|0x0000000712400000, 0x00000007125bfb98, 0x0000000712600000| 87%| E|  |TAMS 0x0000000712400000, 0x0000000712400000| Complete 

Card table byte_map: [0x0000019926840000,0x0000019927030000] _byte_map_base: 0x000001992302c000

Marking Bits (Prev, Next): (CMBitMap*) 0x000001990eb2b2a0, (CMBitMap*) 0x000001990eb2b2e0
 Prev Bits: [0x0000019927820000, 0x000001992b780000)
 Next Bits: [0x000001992b780000, 0x000001992f6e0000)

Polling page: 0x000001990c930000

Metaspace:

Usage:
  Non-class:     10.00 MB capacity,     9.87 MB ( 99%) used,   125.47 KB (  1%) free+waste,    14.25 KB ( <1%) overhead. 
      Class:      1.26 MB capacity,     1.19 MB ( 95%) used,    61.12 KB (  5%) free+waste,     5.62 KB ( <1%) overhead. 
       Both:     11.26 MB capacity,    11.06 MB ( 98%) used,   186.59 KB (  2%) free+waste,    19.88 KB ( <1%) overhead. 

Virtual space:
  Non-class space:       12.00 MB reserved,      10.25 MB ( 85%) committed 
      Class space:        1.00 GB reserved,       1.38 MB ( <1%) committed 
             Both:        1.01 GB reserved,      11.62 MB (  1%) committed 

Chunk freelists:
   Non-Class:  59.00 KB
       Class:  0 bytes
        Both:  59.00 KB

MaxMetaspaceSize: 17179869184.00 GB
CompressedClassSpaceSize: 1.00 GB

CodeHeap 'non-profiled nmethods': size=120000Kb used=1142Kb max_used=1142Kb free=118858Kb
 bounds [0x000001991e7e0000, 0x000001991ea50000, 0x0000019925d10000]
CodeHeap 'profiled nmethods': size=120000Kb used=4361Kb max_used=4361Kb free=115639Kb
 bounds [0x00000199172b0000, 0x0000019917700000, 0x000001991e7e0000]
CodeHeap 'non-nmethods': size=5760Kb used=1221Kb max_used=1295Kb free=4539Kb
 bounds [0x0000019916d10000, 0x0000019916f80000, 0x00000199172b0000]
 total_blobs=2708 nmethods=2221 adapters=399
 compilation: enabled
              stopped_count=0, restarted_count=0
 full_count=0

Compilation events (20 events):
Event: 2.860 Thread 0x00000199321247e0 2242       4       java.lang.invoke.DelegatingMethodHandle$Holder::reinvoke_L (20 bytes)
Event: 2.860 Thread 0x0000019932b8eaa0 2241       4       java.lang.invoke.DirectMethodHandle$Holder::invokeStatic (14 bytes)
Event: 2.861 Thread 0x0000019932b8eaa0 nmethod 2241 0x000001991e8f9690 code [0x000001991e8f9820, 0x000001991e8f98c8]
Event: 2.861 Thread 0x00000199321247e0 nmethod 2242 0x000001991e8f9a10 code [0x000001991e8f9ba0, 0x000001991e8f9c98]
Event: 2.871 Thread 0x00000199321247e0 2243       4       java.lang.invoke.DirectMethodHandle$Holder::invokeStatic (14 bytes)
Event: 2.871 Thread 0x0000019932b8eaa0 2244       4       java.lang.invoke.LambdaForm$MH/0x0000000800c90840::invoke (32 bytes)
Event: 2.872 Thread 0x00000199321247e0 nmethod 2243 0x000001991e8f9e10 code [0x000001991e8f9fa0, 0x000001991e8fa048]
Event: 2.872 Thread 0x00000199321247e0 2245       4       java.lang.invoke.DirectMethodHandle$Holder::invokeStatic (21 bytes)
Event: 2.872 Thread 0x0000019932b8eaa0 nmethod 2244 0x000001991e8fa190 code [0x000001991e8fa320, 0x000001991e8fa438]
Event: 2.872 Thread 0x0000019932b8eaa0 2246       4       java.lang.StringConcatHelper::prepend (22 bytes)
Event: 2.873 Thread 0x00000199321247e0 nmethod 2245 0x000001991e8fa590 code [0x000001991e8fa720, 0x000001991e8fa7e8]
Event: 2.882 Thread 0x0000019932b8eaa0 nmethod 2246 0x000001991e8fa910 code [0x000001991e8faaa0, 0x000001991e8fb038]
Event: 4.325 Thread 0x0000019932128880 2247 % !   3       MWG2.Phase1::main @ 1039 (1122 bytes)
Event: 4.342 Thread 0x0000019932128880 nmethod 2247% 0x00000199176bd390 code [0x00000199176be2c0, 0x00000199176c86e8]
Event: 4.353 Thread 0x0000019932128880 2248 % !   3       MWG2.Phase1::main @ 1029 (1122 bytes)
Event: 4.365 Thread 0x0000019932128880 nmethod 2248% 0x00000199176ced90 code [0x00000199176cfcc0, 0x00000199176da0c8]
Event: 4.388 Thread 0x0000019932128880 2249   !   3       MWG2.Phase1::main (1122 bytes)
Event: 4.404 Thread 0x0000019932128880 nmethod 2249 0x00000199176e0790 code [0x00000199176e1700, 0x00000199176ebc58]
Event: 5.694 Thread 0x00000199321247e0 2250 % !   4       MWG2.Phase1::main @ 1039 (1122 bytes)
Event: 5.739 Thread 0x00000199321247e0 nmethod 2250% 0x000001991e8fb410 code [0x000001991e8fb660, 0x000001991e8fc8f0]

GC Heap History (6 events):
Event: 0.652 GC heap before
{Heap before GC invocations=0 (full 0):
 garbage-first heap   total 260096K, used 20480K [0x0000000702800000, 0x0000000800000000)
  region size 2048K, 11 young (22528K), 0 survivors (0K)
 Metaspace       used 4482K, capacity 6237K, committed 6528K, reserved 1056768K
  class space    used 447K, capacity 603K, committed 640K, reserved 1048576K
}
Event: 0.657 GC heap after
{Heap after GC invocations=1 (full 0):
 garbage-first heap   total 260096K, used 7082K [0x0000000702800000, 0x0000000800000000)
  region size 2048K, 2 young (4096K), 2 survivors (4096K)
 Metaspace       used 4482K, capacity 6237K, committed 6528K, reserved 1056768K
  class space    used 447K, capacity 603K, committed 640K, reserved 1048576K
}
Event: 1.616 GC heap before
{Heap before GC invocations=1 (full 0):
 garbage-first heap   total 260096K, used 27562K [0x0000000702800000, 0x0000000800000000)
  region size 2048K, 12 young (24576K), 2 survivors (4096K)
 Metaspace       used 8662K, capacity 9721K, committed 9856K, reserved 1058816K
  class space    used 941K, capacity 1057K, committed 1152K, reserved 1048576K
}
Event: 1.640 GC heap after
{Heap after GC invocations=2 (full 0):
 garbage-first heap   total 260096K, used 12515K [0x0000000702800000, 0x0000000800000000)
  region size 2048K, 2 young (4096K), 2 survivors (4096K)
 Metaspace       used 8662K, capacity 9721K, committed 9856K, reserved 1058816K
  class space    used 941K, capacity 1057K, committed 1152K, reserved 1048576K
}
Event: 8.858 GC heap before
{Heap before GC invocations=2 (full 0):
 garbage-first heap   total 260096K, used 41187K [0x0000000702800000, 0x0000000800000000)
  region size 2048K, 16 young (32768K), 2 survivors (4096K)
 Metaspace       used 11326K, capacity 11534K, committed 11904K, reserved 1060864K
  class space    used 1222K, capacity 1289K, committed 1408K, reserved 1048576K
}
Event: 8.868 GC heap after
{Heap after GC invocations=3 (full 0):
 garbage-first heap   total 260096K, used 16770K [0x0000000702800000, 0x0000000800000000)
  region size 2048K, 2 young (4096K), 2 survivors (4096K)
 Metaspace       used 11326K, capacity 11534K, committed 11904K, reserved 1060864K
  class space    used 1222K, capacity 1289K, committed 1408K, reserved 1048576K
}

Deoptimization events (20 events):
Event: 2.610 Thread 0x000001990eadb380 Uncommon trap: trap_request=0xffffffde fr.pc=0x000001991e8e814c relative=0x000000000000012c
Event: 2.610 Thread 0x000001990eadb380 Uncommon trap: reason=class_check action=maybe_recompile pc=0x000001991e8e814c method=jdk.internal.misc.Unsafe.allocateUninitializedArray(Ljava/lang/Class;I)Ljava/lang/Object; @ 51 c2
Event: 2.610 Thread 0x000001990eadb380 DEOPT PACKING pc=0x000001991e8e814c sp=0x0000008e968ff010
Event: 2.610 Thread 0x000001990eadb380 DEOPT UNPACKING pc=0x0000019916d5e42f sp=0x0000008e968fef98 mode 2
Event: 2.610 Thread 0x000001990eadb380 Uncommon trap: trap_request=0xffffffde fr.pc=0x000001991e8e814c relative=0x000000000000012c
Event: 2.610 Thread 0x000001990eadb380 Uncommon trap: reason=class_check action=maybe_recompile pc=0x000001991e8e814c method=jdk.internal.misc.Unsafe.allocateUninitializedArray(Ljava/lang/Class;I)Ljava/lang/Object; @ 51 c2
Event: 2.610 Thread 0x000001990eadb380 DEOPT PACKING pc=0x000001991e8e814c sp=0x0000008e968ff010
Event: 2.610 Thread 0x000001990eadb380 DEOPT UNPACKING pc=0x0000019916d5e42f sp=0x0000008e968fef98 mode 2
Event: 4.592 Thread 0x000001990eadb380 DEOPT PACKING pc=0x00000199176c800a sp=0x0000008e968ff0b0
Event: 4.592 Thread 0x000001990eadb380 DEOPT UNPACKING pc=0x0000019916d5e23f sp=0x0000008e968fe758 mode 0
Event: 4.867 Thread 0x000001990eadb380 DEOPT PACKING pc=0x00000199176c800a sp=0x0000008e968ff0b0
Event: 4.867 Thread 0x000001990eadb380 DEOPT UNPACKING pc=0x0000019916d5e23f sp=0x0000008e968fe758 mode 0
Event: 5.161 Thread 0x000001990eadb380 DEOPT PACKING pc=0x00000199176c802b sp=0x0000008e968ff0b0
Event: 5.161 Thread 0x000001990eadb380 DEOPT UNPACKING pc=0x0000019916d5e23f sp=0x0000008e968fe758 mode 0
Event: 5.422 Thread 0x000001990eadb380 DEOPT PACKING pc=0x00000199176c800a sp=0x0000008e968ff0b0
Event: 5.422 Thread 0x000001990eadb380 DEOPT UNPACKING pc=0x0000019916d5e23f sp=0x0000008e968fe758 mode 0
Event: 5.694 Thread 0x000001990eadb380 DEOPT PACKING pc=0x00000199176c800a sp=0x0000008e968ff0b0
Event: 5.694 Thread 0x000001990eadb380 DEOPT UNPACKING pc=0x0000019916d5e23f sp=0x0000008e968fe758 mode 0
Event: 5.969 Thread 0x000001990eadb380 DEOPT PACKING pc=0x00000199176c800a sp=0x0000008e968ff0b0
Event: 5.969 Thread 0x000001990eadb380 DEOPT UNPACKING pc=0x0000019916d5e23f sp=0x0000008e968fe758 mode 0

Classes unloaded (0 events):
No events

Classes redefined (0 events):
No events

Internal exceptions (20 events):
Event: 0.461 Thread 0x000001990eadb380 Exception <a 'java/lang/NoSuchMethodError'{0x00000007115cc7c8}: 'int java.lang.invoke.DirectMethodHandle$Holder.invokeStaticInit(java.lang.Object, java.lang.Object, java.lang.Object)'> (0x00000007115cc7c8) 
thrown [./open/src/hotspot/share/interpreter/linkResolver.cpp, line 782]
Event: 0.490 Thread 0x000001990eadb380 Exception <a 'java/lang/NoSuchMethodError'{0x000000071129c6d8}: 'java.lang.Object java.lang.invoke.DirectMethodHandle$Holder.invokeStatic(java.lang.Object)'> (0x000000071129c6d8) 
thrown [./open/src/hotspot/share/interpreter/linkResolver.cpp, line 782]
Event: 0.493 Thread 0x000001990eadb380 Exception <a 'java/lang/NoSuchMethodError'{0x00000007112b0630}: 'void java.lang.invoke.DirectMethodHandle$Holder.invokeVirtual(java.lang.Object, java.lang.Object, java.lang.Object, java.lang.Object)'> (0x00000007112b0630) 
thrown [./open/src/hotspot/share/interpreter/linkResolver.cpp, line 782]
Event: 0.515 Thread 0x000001990eadb380 Exception <a 'java/lang/NoSuchMethodError'{0x00000007112fc3f0}: 'void java.lang.invoke.DirectMethodHandle$Holder.invokeStatic(java.lang.Object, java.lang.Object, java.lang.Object, int)'> (0x00000007112fc3f0) 
thrown [./open/src/hotspot/share/interpreter/linkResolver.cpp, line 782]
Event: 0.516 Thread 0x000001990eadb380 Exception <a 'java/lang/NoSuchMethodError'{0x00000007112ffa90}: 'void java.lang.invoke.DirectMethodHandle$Holder.invokeStaticInit(java.lang.Object, java.lang.Object, java.lang.Object, int)'> (0x00000007112ffa90) 
thrown [./open/src/hotspot/share/interpreter/linkResolver.cpp, line 782]
Event: 0.555 Thread 0x000001990eadb380 Exception <a 'java/lang/NoSuchMethodError'{0x00000007113a3ef8}: 'void java.lang.invoke.DirectMethodHandle$Holder.invokeInterface(java.lang.Object, java.lang.Object, java.lang.Object)'> (0x00000007113a3ef8) 
thrown [./open/src/hotspot/share/interpreter/linkResolver.cpp, line 782]
Event: 0.777 Thread 0x000001990eadb380 Implicit null exception at 0x000001991e826d60 to 0x000001991e826df6
Event: 0.815 Thread 0x000001990eadb380 Exception <a 'java/lang/NoSuchMethodError'{0x0000000712129918}: 'java.lang.Object java.lang.invoke.DirectMethodHandle$Holder.invokeStaticInit(java.lang.Object)'> (0x0000000712129918) 
thrown [./open/src/hotspot/share/interpreter/linkResolver.cpp, line 782]
Event: 0.816 Thread 0x000001990eadb380 Exception <a 'java/lang/NoSuchMethodError'{0x000000071212fc68}: 'java.lang.Object java.lang.invoke.DirectMethodHandle$Holder.invokeInterface(java.lang.Object, java.lang.Object)'> (0x000000071212fc68) 
thrown [./open/src/hotspot/share/interpreter/linkResolver.cpp, line 782]
Event: 0.881 Thread 0x000001990eadb380 Exception <a 'java/lang/NoSuchMethodError'{0x0000000711eddce8}: 'void java.lang.invoke.DirectMethodHandle$Holder.invokeSpecial(java.lang.Object, java.lang.Object, java.lang.Object, java.lang.Object, java.lang.Object)'> (0x0000000711eddce8) 
thrown [./open/src/hotspot/share/interpreter/linkResolver.cpp, line 782]
Event: 0.887 Thread 0x000001990eadb380 Exception <a 'java/lang/NoSuchMethodError'{0x0000000711f03310}: 'void java.lang.invoke.DirectMethodHandle$Holder.invokeVirtual(java.lang.Object, java.lang.Object)'> (0x0000000711f03310) 
thrown [./open/src/hotspot/share/interpreter/linkResolver.cpp, line 782]
Event: 2.009 Thread 0x000001990eadb380 Exception <a 'java/lang/NoSuchMethodError'{0x000000071194fe38}: 'void java.lang.invoke.DirectMethodHandle$Holder.invokeStatic(java.lang.Object, java.lang.Object)'> (0x000000071194fe38) 
thrown [./open/src/hotspot/share/interpreter/linkResolver.cpp, line 782]
Event: 2.010 Thread 0x000001990eadb380 Exception <a 'java/lang/NoSuchMethodError'{0x0000000711953618}: 'void java.lang.invoke.DirectMethodHandle$Holder.invokeStaticInit(java.lang.Object, java.lang.Object)'> (0x0000000711953618) 
thrown [./open/src/hotspot/share/interpreter/linkResolver.cpp, line 782]
Event: 2.021 Thread 0x000001990eadb380 Exception <a 'java/lang/NoSuchMethodError'{0x0000000711980730}: 'java.lang.Object java.lang.invoke.DirectMethodHandle$Holder.invokeStaticInit(java.lang.Object, int, int, int, int)'> (0x0000000711980730) 
thrown [./open/src/hotspot/share/interpreter/linkResolver.cpp, line 782]
Event: 2.122 Thread 0x000001990eadb380 Exception <a 'java/lang/NoSuchMethodError'{0x0000000711648790}: 'java.lang.Object java.lang.invoke.DirectMethodHandle$Holder.invokeStaticInit(java.lang.Object, java.lang.Object, int, int, int, int)'> (0x0000000711648790) 
thrown [./open/src/hotspot/share/interpreter/linkResolver.cpp, line 782]
Event: 2.131 Thread 0x000001990eadb380 Exception <a 'java/lang/NoSuchMethodError'{0x0000000711652980}: 'void java.lang.invoke.DirectMethodHandle$Holder.invokeStatic(java.lang.Object, java.lang.Object, java.lang.Object)'> (0x0000000711652980) 
thrown [./open/src/hotspot/share/interpreter/linkResolver.cpp, line 782]
Event: 2.178 Thread 0x000001990eadb380 Exception <a 'sun/nio/fs/WindowsException'{0x0000000711699f68}> (0x0000000711699f68) 
thrown [./open/src/hotspot/share/prims/jni.cpp, line 578]
Event: 2.179 Thread 0x000001990eadb380 Exception <a 'sun/nio/fs/WindowsException'{0x000000071169a278}> (0x000000071169a278) 
thrown [./open/src/hotspot/share/prims/jni.cpp, line 578]
Event: 2.180 Thread 0x000001990eadb380 Exception <a 'sun/nio/fs/WindowsException'{0x000000071169b3a0}> (0x000000071169b3a0) 
thrown [./open/src/hotspot/share/prims/jni.cpp, line 578]
Event: 2.180 Thread 0x000001990eadb380 Exception <a 'sun/nio/fs/WindowsException'{0x000000071169b700}> (0x000000071169b700) 
thrown [./open/src/hotspot/share/prims/jni.cpp, line 578]

Events (20 events):
Event: 2.179 loading class java/nio/file/FileVisitResult done
Event: 2.181 loading class java/nio/channels/Channels
Event: 2.181 loading class java/nio/channels/Channels done
Event: 2.181 loading class java/nio/channels/Channels$1
Event: 2.181 loading class java/nio/channels/Channels$1 done
Event: 2.181 loading class java/nio/channels/SelectableChannel
Event: 2.182 loading class java/nio/channels/SelectableChannel done
Event: 2.221 Executing VM operation: ICBufferFull
Event: 2.221 Executing VM operation: ICBufferFull done
Event: 2.379 Thread 0x00000199336d37d0 Thread exited: 0x00000199336d37d0
Event: 2.448 loading class jdk/internal/access/foreign/MemorySegmentProxy
Event: 2.448 loading class jdk/internal/access/foreign/MemorySegmentProxy done
Event: 2.579 Loaded shared library C:\Users\Admin\AppData\Local\Temp\ortools-java15648550602366506598\win32-x86-64\jniortools.dll
Event: 2.607 Thread 0x0000019932b8eaa0 Thread exited: 0x0000019932b8eaa0
Event: 2.825 Thread 0x0000019932b8eaa0 Thread added: 0x0000019932b8eaa0
Event: 4.325 Thread 0x0000019932b8eaa0 Thread exited: 0x0000019932b8eaa0
Event: 8.858 Executing VM operation: G1CollectForAllocation
Event: 8.868 Executing VM operation: G1CollectForAllocation done
Event: 8.872 Executing VM operation: HandshakeAllThreads
Event: 8.872 Executing VM operation: HandshakeAllThreads done


Dynamic libraries:
0x00007ff6112f0000 - 0x00007ff6112ff000 	C:\Program Files\Java\jdk-15.0.1\bin\java.exe
0x00007ffc852b0000 - 0x00007ffc854a5000 	C:\Windows\SYSTEM32\ntdll.dll
0x00007ffc851b0000 - 0x00007ffc8526d000 	C:\Windows\System32\KERNEL32.DLL
0x00007ffc82d40000 - 0x00007ffc83009000 	C:\Windows\System32\KERNELBASE.dll
0x00007ffc831c0000 - 0x00007ffc832c0000 	C:\Windows\System32\ucrtbase.dll
0x00007ffc7aff0000 - 0x00007ffc7b009000 	C:\Program Files\Java\jdk-15.0.1\bin\VCRUNTIME140.dll
0x00007ffc7c7d0000 - 0x00007ffc7c7e8000 	C:\Program Files\Java\jdk-15.0.1\bin\jli.dll
0x00007ffc83ab0000 - 0x00007ffc83b5c000 	C:\Windows\System32\ADVAPI32.dll
0x00007ffc83b60000 - 0x00007ffc83bfe000 	C:\Windows\System32\msvcrt.dll
0x00007ffc84630000 - 0x00007ffc846cb000 	C:\Windows\System32\sechost.dll
0x00007ffc84500000 - 0x00007ffc8462a000 	C:\Windows\System32\RPCRT4.dll
0x00007ffc83400000 - 0x00007ffc835a0000 	C:\Windows\System32\USER32.dll
0x00007ffc82a90000 - 0x00007ffc82ab2000 	C:\Windows\System32\win32u.dll
0x00007ffc6fe10000 - 0x00007ffc700aa000 	C:\Windows\WinSxS\amd64_microsoft.windows.common-controls_6595b64144ccf1df_6.0.19041.1083_none_60bbe31371f34e71\COMCTL32.dll
0x00007ffc846d0000 - 0x00007ffc846fa000 	C:\Windows\System32\GDI32.dll
0x00007ffc82c00000 - 0x00007ffc82d0b000 	C:\Windows\System32\gdi32full.dll
0x00007ffc829f0000 - 0x00007ffc82a8d000 	C:\Windows\System32\msvcp_win.dll
0x00007ffc7b280000 - 0x00007ffc7b28a000 	C:\Windows\SYSTEM32\VERSION.dll
0x00007ffc848b0000 - 0x00007ffc848e0000 	C:\Windows\System32\IMM32.DLL
0x00007ffc7d1e0000 - 0x00007ffc7d1ec000 	C:\Program Files\Java\jdk-15.0.1\bin\vcruntime140_1.dll
0x00007ffc5a5a0000 - 0x00007ffc5a631000 	C:\Program Files\Java\jdk-15.0.1\bin\msvcp140.dll
0x00007ffc36c80000 - 0x00007ffc377de000 	C:\Program Files\Java\jdk-15.0.1\bin\server\jvm.dll
0x00007ffc84830000 - 0x00007ffc84838000 	C:\Windows\System32\PSAPI.DLL
0x00007ffc743f0000 - 0x00007ffc74417000 	C:\Windows\SYSTEM32\WINMM.dll
0x00007ffc723b0000 - 0x00007ffc723b9000 	C:\Windows\SYSTEM32\WSOCK32.dll
0x00007ffc84840000 - 0x00007ffc848ab000 	C:\Windows\System32\WS2_32.dll
0x00007ffc812b0000 - 0x00007ffc812c2000 	C:\Windows\SYSTEM32\kernel.appcore.dll
0x00007ffc7afe0000 - 0x00007ffc7afea000 	C:\Program Files\Java\jdk-15.0.1\bin\jimage.dll
0x00007ffc80fd0000 - 0x00007ffc811b4000 	C:\Windows\SYSTEM32\DBGHELP.DLL
0x00007ffc79610000 - 0x00007ffc7963c000 	C:\Windows\SYSTEM32\dbgcore.DLL
0x00007ffc82ac0000 - 0x00007ffc82b43000 	C:\Windows\System32\bcryptPrimitives.dll
0x00007ffc72ff0000 - 0x00007ffc73015000 	C:\Program Files\Java\jdk-15.0.1\bin\java.dll
0x00007ffc84a70000 - 0x00007ffc851af000 	C:\Windows\System32\SHELL32.dll
0x00007ffc80830000 - 0x00007ffc80fc1000 	C:\Windows\SYSTEM32\windows.storage.dll
0x00007ffc835a0000 - 0x00007ffc838f5000 	C:\Windows\System32\combase.dll
0x00007ffc82460000 - 0x00007ffc8248c000 	C:\Windows\SYSTEM32\Wldp.dll
0x00007ffc84330000 - 0x00007ffc843de000 	C:\Windows\System32\SHCORE.dll
0x00007ffc84a10000 - 0x00007ffc84a65000 	C:\Windows\System32\shlwapi.dll
0x00007ffc82930000 - 0x00007ffc8294f000 	C:\Windows\SYSTEM32\profapi.dll
0x00007ffc7ae10000 - 0x00007ffc7ae29000 	C:\Program Files\Java\jdk-15.0.1\bin\net.dll
0x00007ffc79ca0000 - 0x00007ffc79daa000 	C:\Windows\SYSTEM32\WINHTTP.dll
0x00007ffc821c0000 - 0x00007ffc8222a000 	C:\Windows\system32\mswsock.dll
0x00007ffc78370000 - 0x00007ffc78382000 	C:\Program Files\Java\jdk-15.0.1\bin\nio.dll
0x00007ffc77a60000 - 0x00007ffc77a78000 	C:\Program Files\Java\jdk-15.0.1\bin\zip.dll
0x00007ffc823a0000 - 0x00007ffc823b8000 	C:\Windows\SYSTEM32\CRYPTSP.dll
0x00007ffc81a90000 - 0x00007ffc81ac4000 	C:\Windows\system32\rsaenh.dll
0x00007ffc82d10000 - 0x00007ffc82d37000 	C:\Windows\System32\bcrypt.dll
0x00007ffc828f0000 - 0x00007ffc8291e000 	C:\Windows\SYSTEM32\USERENV.dll
0x00007ffc823c0000 - 0x00007ffc823cc000 	C:\Windows\SYSTEM32\CRYPTBASE.dll
0x00007ffc81e60000 - 0x00007ffc81e9b000 	C:\Windows\SYSTEM32\IPHLPAPI.DLL
0x00007ffc841d0000 - 0x00007ffc841d8000 	C:\Windows\System32\NSI.dll
0x00007ffc79740000 - 0x00007ffc79757000 	C:\Windows\SYSTEM32\dhcpcsvc6.DLL
0x00007ffc79a80000 - 0x00007ffc79a9d000 	C:\Windows\SYSTEM32\dhcpcsvc.DLL
0x00007ffc81ea0000 - 0x00007ffc81f6c000 	C:\Windows\SYSTEM32\DNSAPI.dll
0x00007ffc1bba0000 - 0x00007ffc1d729000 	C:\Users\Admin\AppData\Local\Temp\ortools-java15648550602366506598\win32-x86-64\jniortools.dll

dbghelp: loaded successfully - version: 4.0.5 - missing functions: none
symbol engine: initialized successfully - sym options: 0x614 - pdb path: .;C:\Program Files\Java\jdk-15.0.1\bin;C:\Windows\SYSTEM32;C:\Windows\WinSxS\amd64_microsoft.windows.common-controls_6595b64144ccf1df_6.0.19041.1083_none_60bbe31371f34e71;C:\Program Files\Java\jdk-15.0.1\bin\server;C:\Users\Admin\AppData\Local\Temp\ortools-java15648550602366506598\win32-x86-64

VM Arguments:
java_command: MWG2.Phase1
java_class_path (initial): C:\Users\Admin\OneDrive\Documents\NetBeansProjects\MWG2\target\classes;C:\Users\Admin\.m2\repository\com\google\ortools\ortools-java\9.0.9048\ortools-java-9.0.9048.jar;C:\Users\Admin\.m2\repository\com\google\ortools\ortools-linux-x86-64\9.0.9048\ortools-linux-x86-64-9.0.9048.jar;C:\Users\Admin\.m2\repository\com\google\ortools\ortools-darwin-x86-64\9.0.9048\ortools-darwin-x86-64-9.0.9048.jar;C:\Users\Admin\.m2\repository\com\google\ortools\ortools-win32-x86-64\9.0.9048\ortools-win32-x86-64-9.0.9048.jar;C:\Users\Admin\.m2\repository\net\java\dev\jna\jna-platform\5.8.0\jna-platform-5.8.0.jar;C:\Users\Admin\.m2\repository\net\java\dev\jna\jna\5.8.0\jna-5.8.0.jar;C:\Users\Admin\.m2\repository\com\google\protobuf\protobuf-java\3.15.8\protobuf-java-3.15.8.jar;C:\Users\Admin\.m2\repository\org\apache\poi\poi\5.0.0\poi-5.0.0.jar;C:\Users\Admin\.m2\repository\org\slf4j\slf4j-api\1.7.30\slf4j-api-1.7.30.jar;C:\Users\Admin\.m2\repository\org\slf4j\jcl-over-slf4j\1.7.30\jcl-over-slf4j-1.7.30.jar;C:\Users\Admin\.m2\repository\commons-codec\commons-codec\1.15\commons-codec-1.15.jar;C:\Users\Admin\.m2\repository\org\apache\commons\commons-collections4\4.4\commons-collections4-4.4.jar;C:\Users\Admin\.m2\repository\org\apache\commons\commons-math3\3.6.1\commons-math3-3.6.1.jar;C:\Users\Admin\.m2\repository\com\zaxxer\SparseBitSet\1.2\SparseBitSet-1.2.jar;C:\Users\Admin\.m2\repository\org\apache\poi\poi-ooxml\5.0.0\poi-ooxml-5.0.0.jar;C:\Users\Admin\.m2\repository\org\apache\poi\poi-ooxml-lite\5.0.0\poi-ooxml-lite-5.0.0.jar;C:\Users\Admin\.m2\repository\org\apache\xmlbeans\xmlbeans\4.0.0\xmlbeans-4.0.0.jar;C:\Users\Admin\.m2\repository\org\apache\commons\commons-compress\1.20\commons-compress-1.20.jar;C:\Users\Admin\.m2\repository\com\github\virtuald\curvesapi\1.06\curvesapi-1.06.jar;C:\Users\Admin\.m2\repository\org\bouncycastle\bcpkix-jdk15on\1.68\bcpkix-jdk15on-1.68.jar;C:\Users\Admin\.m2\repository\org\bouncycastle\bcprov-jdk15on\1.68\bcprov-jdk15on-
Launcher Type: SUN_STANDARD

[Global flags]
     intx CICompilerCount                          = 4                                         {product} {ergonomic}
     uint ConcGCThreads                            = 2                                         {product} {ergonomic}
     uint G1ConcRefinementThreads                  = 8                                         {product} {ergonomic}
   size_t G1HeapRegionSize                         = 2097152                                   {product} {ergonomic}
    uintx GCDrainStackTargetSize                   = 64                                        {product} {ergonomic}
   size_t InitialHeapSize                          = 266338304                                 {product} {ergonomic}
   size_t MarkStackSize                            = 4194304                                   {product} {ergonomic}
   size_t MaxHeapSize                              = 4253024256                                {product} {ergonomic}
   size_t MaxNewSize                               = 2550136832                                {product} {ergonomic}
   size_t MinHeapDeltaBytes                        = 2097152                                   {product} {ergonomic}
   size_t MinHeapSize                              = 8388608                                   {product} {ergonomic}
    uintx NonNMethodCodeHeapSize                   = 5839372                                {pd product} {ergonomic}
    uintx NonProfiledCodeHeapSize                  = 122909434                              {pd product} {ergonomic}
    uintx ProfiledCodeHeapSize                     = 122909434                              {pd product} {ergonomic}
    uintx ReservedCodeCacheSize                    = 251658240                              {pd product} {ergonomic}
     bool SegmentedCodeCache                       = true                                      {product} {ergonomic}
   size_t SoftMaxHeapSize                          = 4253024256                             {manageable} {ergonomic}
     bool UseCompressedClassPointers               = true                                 {lp64_product} {ergonomic}
     bool UseCompressedOops                        = true                                 {lp64_product} {ergonomic}
     bool UseG1GC                                  = true                                      {product} {ergonomic}
     bool UseLargePagesIndividualAllocation        = false                                  {pd product} {ergonomic}

Logging:
Log output configuration:
 #0: stdout all=warning uptime,level,tags
 #1: stderr all=off uptime,level,tags

Environment Variables:
JAVA_HOME=C:\Program Files\Java\jdk-15.0.1
PATH=C:\Program Files (x86)\Common Files\Intel\Shared Libraries\redist\intel64\compiler;C:\Program Files\Java\jdk-15.0.1\bin;C:\Program Files\Common Files\Oracle\Java\javapath;C:\Windows\system32;C:\Windows;C:\Windows\System32\Wbem;C:\Windows\System32\WindowsPowerShell\v1.0\;C:\Windows\System32\OpenSSH\;C:\Program Files\MongoDB\Server\4.4\bin;C:\Users\Admin\AppData\Roaming\Python\Python39\Scripts;C:\Program Files\Git\cmd;C:\Users\Admin\AppData\Local\Programs\Python\Python39\Scripts\;C:\Users\Admin\AppData\Local\Programs\Python\Python39\;C:\Users\Admin\AppData\Local\Microsoft\WindowsApps;C:\Users\Admin\AppData\Local\Programs\Microsoft VS Code\bin;C:\Program Files\JetBrains\PyCharm Community Edition 2021.1.1\bin;;C:\Users\Admin\AppData\Local\GitHubDesktop\bin
USERNAME=Admin
OS=Windows_NT
PROCESSOR_IDENTIFIER=Intel64 Family 6 Model 142 Stepping 10, GenuineIntel



---------------  S Y S T E M  ---------------

OS:
 Windows 10 , 64 bit Build 19041 (10.0.19041.1023)
OS uptime: 1 days 22:05 hours

CPU: total 8 (initial active 8) (4 cores per cpu, 2 threads per core) family 6 model 142 stepping 10 microcode 0xea, cmov, cx8, fxsr, mmx, sse, sse2, sse3, ssse3, sse4.1, sse4.2, popcnt, vzeroupper, avx, avx2, aes, clmul, erms, rtm, 3dnowpref, lzcnt, ht, tsc, tscinvbit, bmi1, bmi2, adx, fma, clflush, clflushopt

Memory: 4k page, system-wide physical 16217M (9308M free)
TotalPageFile size 18649M (AvailPageFile size 9506M)
current process WorkingSet (physical memory assigned to process): 118M, peak: 128M
current process commit charge ("private bytes"): 367M, peak: 396M

vm_info: Java HotSpot(TM) 64-Bit Server VM (15.0.1+9-18) for windows-amd64 JRE (15.0.1+9-18), built on Sep 15 2020 14:43:54 by "mach5one" with unknown MS VC++:1925

END.
