#
# A fatal error has been detected by the Java Runtime Environment:
#
#  EXCEPTION_ACCESS_VIOLATION (0xc0000005) at pc=0x00007ffc17d891a9, pid=5004, tid=13672
#
# JRE version: Java(TM) SE Runtime Environment (15.0.1+9) (build 15.0.1+9-18)
# Java VM: Java HotSpot(TM) 64-Bit Server VM (15.0.1+9-18, mixed mode, sharing, tiered, compressed oops, g1 gc, windows-amd64)
# Problematic frame:
# C  [jniortools.dll+0x4891a9]
#
# No core dump will be written. Minidumps are not enabled by default on client versions of Windows
#
# If you would like to submit a bug report, please visit:
#   https://bugreport.java.com/bugreport/crash.jsp
# The crash happened outside the Java Virtual Machine in native code.
# See problematic frame for where to report the bug.
#

---------------  S U M M A R Y ------------

Command Line: MWG2.Phase1

Host: Intel(R) Core(TM) i5-8350U CPU @ 1.70GHz, 8 cores, 15G,  Windows 10 , 64 bit Build 19041 (10.0.19041.1023)
Time: Wed Jul 14 10:22:25 2021 SE Asia Standard Time elapsed time: 6.007248 seconds (0d 0h 0m 6s)

---------------  T H R E A D  ---------------

Current thread (0x00000111b1ff9f50):  JavaThread "main" [_thread_in_native, id=13672, stack(0x000000027a100000,0x000000027a200000)]

Stack: [0x000000027a100000,0x000000027a200000],  sp=0x000000027a1ff3a0,  free space=1020k
Native frames: (J=compiled Java code, j=interpreted, Vv=VM code, C=native code)
C  [jniortools.dll+0x4891a9]

Java frames: (J=compiled Java code, j=interpreted, Vv=VM code)
J 2110  com.google.ortools.linearsolver.main_research_linear_solverJNI.MPVariable_solutionValue(JLcom/google/ortools/linearsolver/MPVariable;)D (0 bytes) @ 0x00000111c360f505 [0x00000111c360f4a0+0x0000000000000065]
J 2185% c1 MWG2.Phase1.main([Ljava/lang/String;)V (1076 bytes) @ 0x00000111bc3bffb4 [0x00000111bc3baa00+0x00000000000055b4]
v  ~StubRoutines::call_stub

siginfo: EXCEPTION_ACCESS_VIOLATION (0xc0000005), reading address 0xffffffffffffffff


Register to memory mapping:

RIP=0x00007ffc17d891a9 jniortools.dll
RAX=0x0000000711200030 is an oop: [[Lcom.google.ortools.linearsolver.MPVariable; 
{0x0000000711200030} - klass: 'com/google/ortools/linearsolver/MPVariable'[][]
 - length: 3
RBX=0x6e6f63206120666f is an unknown value
RCX=0x6e6f63206120666f is an unknown value
RDX=0x000000027a1ff460 is pointing into the stack for thread: 0x00000111b1ff9f50
RSP=0x000000027a1ff3a0 is pointing into the stack for thread: 0x00000111b1ff9f50
RBP=0x000000027a1ff470 is pointing into the stack for thread: 0x00000111b1ff9f50
RSI=0x0 is NULL
RDI=0x6e6f63206120666f is an unknown value
R8 =0x00000111d90a0ea0 points into unknown readable memory: 0x6769657720656874 | 74 68 65 20 77 65 69 67
R9 =0x000000027a1ff438 is pointing into the stack for thread: 0x00000111b1ff9f50
R10=0x00007ffc179e6b50 jniortools.dll
R11=0x00000111d90a0ea0 points into unknown readable memory: 0x6769657720656874 | 74 68 65 20 77 65 69 67
R12=0x0 is NULL
R13=0x00000111d9cfbbf0 is pointing into metadata
R14=0x000000027a1ff460 is pointing into the stack for thread: 0x00000111b1ff9f50
R15=0x00000111b1ff9f50 is a thread


Registers:
RAX=0x0000000711200030, RBX=0x6e6f63206120666f, RCX=0x6e6f63206120666f, RDX=0x000000027a1ff460
RSP=0x000000027a1ff3a0, RBP=0x000000027a1ff470, RSI=0x0000000000000000, RDI=0x6e6f63206120666f
R8 =0x00000111d90a0ea0, R9 =0x000000027a1ff438, R10=0x00007ffc179e6b50, R11=0x00000111d90a0ea0
R12=0x0000000000000000, R13=0x00000111d9cfbbf0, R14=0x000000027a1ff460, R15=0x00000111b1ff9f50
RIP=0x00007ffc17d891a9, EFLAGS=0x0000000000010206

Top of Stack: (sp=0x000000027a1ff3a0)
0x000000027a1ff3a0:   00000111b1e20000 00007ffc36e01f36
0x000000027a1ff3b0:   00000111b1e20000 0000011100000000
0x000000027a1ff3c0:   e05d72bee05d72c1 0000000702eb95f0
0x000000027a1ff3d0:   00000111d90a0ea0 00007ffc17d96419
0x000000027a1ff3e0:   0000000702eb94d0 0000000702eb94f8
0x000000027a1ff3f0:   00000111b1ff9f50 0000000000000007
0x000000027a1ff400:   0000000000000000 00000111c360f5a5
0x000000027a1ff410:   0000000000000000 00000111bbaac82d
0x000000027a1ff420:   00000007115ffd90 0000000000000007
0x000000027a1ff430:   0000000712400210 00000007113ccce8
0x000000027a1ff440:   0000000000000009 0000000000000009
0x000000027a1ff450:   0000000000000000 0000000000000009
0x000000027a1ff460:   000000071121c2a0 00000111b1ff9f50
0x000000027a1ff470:   000000027a1ff920 00000111bc3bffb4
0x000000027a1ff480:   00000111d7a51459 0000000000000000
0x000000027a1ff490:   00000000000000b8 0000000000000000 

Instructions: (pc=0x00007ffc17d891a9)
0x00007ffc17d890a9:   00 48 8d 15 97 0f 24 01 48 8d 4c 24 30 e8 85 18
0x00007ffc17d890b9:   c8 ff 90 83 ce 01 89 74 24 58 48 8b c8 e8 65 9c
0x00007ffc17d890c9:   c8 ff 48 8b c8 48 8d 15 eb 17 24 01 e8 46 48 b8
0x00007ffc17d890d9:   ff 48 8b c8 48 8d 15 7c 17 24 01 e8 37 48 b8 ff
0x00007ffc17d890e9:   90 40 f6 c6 01 75 2b 48 8d 4c 24 20 e8 66 f6 ff
0x00007ffc17d890f9:   ff 48 83 7c 24 20 00 0f 85 6b ff ff ff 48 8b 5c
0x00007ffc17d89109:   24 50 48 8b 6c 24 60 48 8b 74 24 68 48 83 c4 40
0x00007ffc17d89119:   5f c3 48 8d 4c 24 30 e8 fb 20 c8 ff cc cc cc cc
0x00007ffc17d89129:   cc cc cc cc cc cc cc 40 53 48 83 ec 30 48 8b d9
0x00007ffc17d89139:   83 79 14 01 76 53 41 b9 02 00 00 00 41 b8 b0 06
0x00007ffc17d89149:   00 00 48 8d 15 f6 0e 24 01 48 8d 4c 24 20 e8 64
0x00007ffc17d89159:   16 c8 ff 90 48 8b c8 e8 cb 9b c8 ff 48 8b c8 48
0x00007ffc17d89169:   8d 15 39 24 24 01 e8 ac 47 b8 ff 8b 53 14 48 8b
0x00007ffc17d89179:   c8 e8 b1 f2 ff ff 90 48 8d 4c 24 20 e8 06 20 c8
0x00007ffc17d89189:   ff 32 c0 48 83 c4 30 5b c3 b0 01 48 83 c4 30 5b
0x00007ffc17d89199:   c3 cc cc cc cc cc cc 40 53 48 83 ec 30 48 8b d9
0x00007ffc17d891a9:   83 79 10 02 74 63 41 b9 02 00 00 00 41 b8 a3 06
0x00007ffc17d891b9:   00 00 48 8d 15 86 0e 24 01 48 8d 4c 24 20 e8 f4
0x00007ffc17d891c9:   15 c8 ff 90 48 8b c8 e8 5b 9b c8 ff 48 8b c8 48
0x00007ffc17d891d9:   8d 15 81 23 24 01 e8 3c 47 b8 ff 48 8b c8 48 8d
0x00007ffc17d891e9:   15 4a 23 24 01 e8 2d 47 b8 ff 8b 53 10 48 8b c8
0x00007ffc17d891f9:   ff 15 29 13 21 01 90 48 8d 4c 24 20 e8 86 1f c8
0x00007ffc17d89209:   ff 32 c0 48 83 c4 30 5b c3 b0 01 48 83 c4 30 5b
0x00007ffc17d89219:   c3 cc cc cc cc cc cc 40 53 48 83 ec 20 48 8b d9
0x00007ffc17d89229:   e8 72 ff ff ff 84 c0 74 18 48 8b 03 48 8b cb ff
0x00007ffc17d89239:   90 b0 00 00 00 84 c0 74 08 b0 01 48 83 c4 20 5b
0x00007ffc17d89249:   c3 32 c0 48 83 c4 20 5b c3 cc cc cc cc cc cc cc
0x00007ffc17d89259:   cc cc cc cc cc cc cc 48 8b c4 48 89 58 18 48 89
0x00007ffc17d89269:   70 20 55 57 41 55 41 56 41 57 48 8d 68 a1 48 81
0x00007ffc17d89279:   ec 00 01 00 00 0f 29 70 c8 0f 29 78 b8 48 8b 05
0x00007ffc17d89289:   7b 43 5a 01 48 33 c4 48 89 45 07 4c 8b f2 4c 8b
0x00007ffc17d89299:   e9 48 89 54 24 20 48 8b 49 30 e8 48 1a 00 00 49 


Stack slot to memory mapping:
stack at sp + 0 slots: 0x00000111b1e20000 points into unknown readable memory: 0x0000000000000000 | 00 00 00 00 00 00 00 00
stack at sp + 1 slots: 0x00007ffc36e01f36 jvm.dll
stack at sp + 2 slots: 0x00000111b1e20000 points into unknown readable memory: 0x0000000000000000 | 00 00 00 00 00 00 00 00
stack at sp + 3 slots: 0x0000011100000000 is an unknown value
stack at sp + 4 slots: 0xe05d72bee05d72c1 is an unknown value
stack at sp + 5 slots: 0x0000000702eb95f0 is an oop: java.io.OutputStreamWriter 
{0x0000000702eb95f0} - klass: 'java/io/OutputStreamWriter'
stack at sp + 6 slots: 0x00000111d90a0ea0 points into unknown readable memory: 0x6769657720656874 | 74 68 65 20 77 65 69 67
stack at sp + 7 slots: 0x00007ffc17d96419 jniortools.dll


---------------  P R O C E S S  ---------------

Threads class SMR info:
_java_thread_list=0x00000111d96e9520, length=11, elements={
0x00000111b1ff9f50, 0x00000111d7647f30, 0x00000111d7648b00, 0x00000111d7f622d0,
0x00000111d7f64ca0, 0x00000111d7f65750, 0x00000111d7f67540, 0x00000111d7fd5ad0,
0x00000111d7fd6970, 0x00000111d8094e20, 0x00000111d8093b50
}

Java Threads: ( => current thread )
=>0x00000111b1ff9f50 JavaThread "main" [_thread_in_native, id=13672, stack(0x000000027a100000,0x000000027a200000)]
  0x00000111d7647f30 JavaThread "Reference Handler" daemon [_thread_blocked, id=6160, stack(0x000000027a800000,0x000000027a900000)]
  0x00000111d7648b00 JavaThread "Finalizer" daemon [_thread_blocked, id=14488, stack(0x000000027a900000,0x000000027aa00000)]
  0x00000111d7f622d0 JavaThread "Signal Dispatcher" daemon [_thread_blocked, id=10176, stack(0x000000027aa00000,0x000000027ab00000)]
  0x00000111d7f64ca0 JavaThread "Attach Listener" daemon [_thread_blocked, id=5128, stack(0x000000027ab00000,0x000000027ac00000)]
  0x00000111d7f65750 JavaThread "Service Thread" daemon [_thread_blocked, id=17252, stack(0x000000027ac00000,0x000000027ad00000)]
  0x00000111d7f67540 JavaThread "C2 CompilerThread0" daemon [_thread_blocked, id=13116, stack(0x000000027ad00000,0x000000027ae00000)]
  0x00000111d7fd5ad0 JavaThread "C1 CompilerThread0" daemon [_thread_blocked, id=16468, stack(0x000000027ae00000,0x000000027af00000)]
  0x00000111d7fd6970 JavaThread "Sweeper thread" daemon [_thread_blocked, id=16560, stack(0x000000027af00000,0x000000027b000000)]
  0x00000111d8094e20 JavaThread "Notification Thread" daemon [_thread_blocked, id=12752, stack(0x000000027b000000,0x000000027b100000)]
  0x00000111d8093b50 JavaThread "Common-Cleaner" daemon [_thread_blocked, id=15484, stack(0x000000027b200000,0x000000027b300000)]

Other Threads:
  0x00000111d7645f10 VMThread "VM Thread" [stack: 0x000000027a700000,0x000000027a800000] [id=1040]
  0x00000111d8093840 WatcherThread [stack: 0x000000027b100000,0x000000027b200000] [id=8656]
  0x00000111b204b880 GCTaskThread "GC Thread#0" [stack: 0x000000027a200000,0x000000027a300000] [id=12992]
  0x00000111d8882100 GCTaskThread "GC Thread#1" [stack: 0x000000027b400000,0x000000027b500000] [id=768]
  0x00000111d88830f0 GCTaskThread "GC Thread#2" [stack: 0x000000027b500000,0x000000027b600000] [id=14132]
  0x00000111d8882dc0 GCTaskThread "GC Thread#3" [stack: 0x000000027b600000,0x000000027b700000] [id=1980]
  0x00000111d8883a80 GCTaskThread "GC Thread#4" [stack: 0x000000027b700000,0x000000027b800000] [id=3268]
  0x00000111d8884a70 GCTaskThread "GC Thread#5" [stack: 0x000000027b800000,0x000000027b900000] [id=2180]
  0x00000111b205c8d0 ConcurrentGCThread "G1 Main Marker" [stack: 0x000000027a300000,0x000000027a400000] [id=10996]
  0x00000111b205e4d0 ConcurrentGCThread "G1 Conc#0" [stack: 0x000000027a400000,0x000000027a500000] [id=15256]
  0x00000111b20cda70 ConcurrentGCThread "G1 Refine#0" [stack: 0x000000027a500000,0x000000027a600000] [id=12720]
  0x00000111d8bfaba0 ConcurrentGCThread "G1 Refine#1" [stack: 0x000000027ba00000,0x000000027bb00000] [id=6600]
  0x00000111d9019760 ConcurrentGCThread "G1 Refine#2" [stack: 0x000000027bb00000,0x000000027bc00000] [id=16048]
  0x00000111da4c76b0 ConcurrentGCThread "G1 Refine#3" [stack: 0x000000027b300000,0x000000027b400000] [id=2436]
  0x00000111b20ce670 ConcurrentGCThread "G1 Young RemSet Sampling" [stack: 0x000000027a600000,0x000000027a700000] [id=12560]

Threads with active compile tasks:

VM state: not at safepoint (normal execution)

VM Mutex/Monitor currently owned by a thread: None

Heap address: 0x0000000702800000, size: 4056 MB, Compressed Oops mode: Zero based, Oop shift amount: 3
CDS archive(s) mapped at: [0x0000000800000000-0x0000000800b50000-0x0000000800b50000), size 11862016, SharedBaseAddress: 0x0000000800000000, ArchiveRelocationMode: 0.
Compressed class space mapped at: 0x0000000800b50000-0x0000000840b50000, size: 1073741824
Narrow klass base: 0x0000000800000000, Narrow klass shift: 3, Narrow klass range: 0x100000000

GC Precious Log:
 CPUs: 8 total, 8 available
 Memory: 16217M
 Large Page Support: Disabled
 NUMA Support: Disabled
 Compressed Oops: Enabled (Zero based)
 Heap Region Size: 2M
 Heap Min Capacity: 8M
 Heap Initial Capacity: 254M
 Heap Max Capacity: 4056M
 Pre-touch: Disabled
 Parallel Workers: 8
 Concurrent Workers: 2
 Concurrent Refinement Workers: 8
 Periodic GC: Disabled

Heap:
 garbage-first heap   total 260096K, used 16788K [0x0000000702800000, 0x0000000800000000)
  region size 2048K, 3 young (6144K), 2 survivors (4096K)
 Metaspace       used 11285K, capacity 11514K, committed 11648K, reserved 1058816K
  class space    used 1219K, capacity 1284K, committed 1408K, reserved 1048576K

Heap Regions: E=young(eden), S=young(survivor), O=old, HS=humongous(starts), HC=humongous(continues), CS=collection set, F=free, OA=open archive, CA=closed archive, TAMS=top-at-mark-start (previous, next)
|   0|0x0000000702800000, 0x0000000702a00000, 0x0000000702a00000|100%| O|  |TAMS 0x0000000702800000, 0x0000000702800000| Untracked 
|   1|0x0000000702a00000, 0x0000000702c00000, 0x0000000702c00000|100%| O|  |TAMS 0x0000000702a00000, 0x0000000702a00000| Untracked 
|   2|0x0000000702c00000, 0x0000000702e00000, 0x0000000702e00000|100%| O|  |TAMS 0x0000000702c00000, 0x0000000702c00000| Untracked 
|   3|0x0000000702e00000, 0x0000000703000000, 0x0000000703000000|100%| O|  |TAMS 0x0000000702e00000, 0x0000000702e00000| Untracked 
|   4|0x0000000703000000, 0x0000000703200000, 0x0000000703200000|100%| O|  |TAMS 0x0000000703000000, 0x0000000703000000| Untracked 
|   5|0x0000000703200000, 0x0000000703400000, 0x0000000703400000|100%| O|  |TAMS 0x0000000703200000, 0x0000000703200000| Untracked 
|   6|0x0000000703400000, 0x000000070355a008, 0x0000000703600000| 67%| O|  |TAMS 0x0000000703400000, 0x0000000703400000| Untracked 
|   7|0x0000000703600000, 0x0000000703600000, 0x0000000703800000|  0%| F|  |TAMS 0x0000000703600000, 0x0000000703600000| Untracked 
|   8|0x0000000703800000, 0x0000000703800000, 0x0000000703a00000|  0%| F|  |TAMS 0x0000000703800000, 0x0000000703800000| Untracked 
|   9|0x0000000703a00000, 0x0000000703a00000, 0x0000000703c00000|  0%| F|  |TAMS 0x0000000703a00000, 0x0000000703a00000| Untracked 
|  10|0x0000000703c00000, 0x0000000703c00000, 0x0000000703e00000|  0%| F|  |TAMS 0x0000000703c00000, 0x0000000703c00000| Untracked 
|  11|0x0000000703e00000, 0x0000000703e00000, 0x0000000704000000|  0%| F|  |TAMS 0x0000000703e00000, 0x0000000703e00000| Untracked 
|  12|0x0000000704000000, 0x0000000704000000, 0x0000000704200000|  0%| F|  |TAMS 0x0000000704000000, 0x0000000704000000| Untracked 
|  13|0x0000000704200000, 0x0000000704200000, 0x0000000704400000|  0%| F|  |TAMS 0x0000000704200000, 0x0000000704200000| Untracked 
|  14|0x0000000704400000, 0x0000000704400000, 0x0000000704600000|  0%| F|  |TAMS 0x0000000704400000, 0x0000000704400000| Untracked 
|  15|0x0000000704600000, 0x0000000704600000, 0x0000000704800000|  0%| F|  |TAMS 0x0000000704600000, 0x0000000704600000| Untracked 
|  16|0x0000000704800000, 0x0000000704800000, 0x0000000704a00000|  0%| F|  |TAMS 0x0000000704800000, 0x0000000704800000| Untracked 
|  17|0x0000000704a00000, 0x0000000704a00000, 0x0000000704c00000|  0%| F|  |TAMS 0x0000000704a00000, 0x0000000704a00000| Untracked 
|  18|0x0000000704c00000, 0x0000000704c00000, 0x0000000704e00000|  0%| F|  |TAMS 0x0000000704c00000, 0x0000000704c00000| Untracked 
|  19|0x0000000704e00000, 0x0000000704e00000, 0x0000000705000000|  0%| F|  |TAMS 0x0000000704e00000, 0x0000000704e00000| Untracked 
|  20|0x0000000705000000, 0x0000000705000000, 0x0000000705200000|  0%| F|  |TAMS 0x0000000705000000, 0x0000000705000000| Untracked 
|  21|0x0000000705200000, 0x0000000705200000, 0x0000000705400000|  0%| F|  |TAMS 0x0000000705200000, 0x0000000705200000| Untracked 
|  22|0x0000000705400000, 0x0000000705400000, 0x0000000705600000|  0%| F|  |TAMS 0x0000000705400000, 0x0000000705400000| Untracked 
|  23|0x0000000705600000, 0x0000000705600000, 0x0000000705800000|  0%| F|  |TAMS 0x0000000705600000, 0x0000000705600000| Untracked 
|  24|0x0000000705800000, 0x0000000705800000, 0x0000000705a00000|  0%| F|  |TAMS 0x0000000705800000, 0x0000000705800000| Untracked 
|  25|0x0000000705a00000, 0x0000000705a00000, 0x0000000705c00000|  0%| F|  |TAMS 0x0000000705a00000, 0x0000000705a00000| Untracked 
|  26|0x0000000705c00000, 0x0000000705c00000, 0x0000000705e00000|  0%| F|  |TAMS 0x0000000705c00000, 0x0000000705c00000| Untracked 
|  27|0x0000000705e00000, 0x0000000705e00000, 0x0000000706000000|  0%| F|  |TAMS 0x0000000705e00000, 0x0000000705e00000| Untracked 
|  28|0x0000000706000000, 0x0000000706000000, 0x0000000706200000|  0%| F|  |TAMS 0x0000000706000000, 0x0000000706000000| Untracked 
|  29|0x0000000706200000, 0x0000000706200000, 0x0000000706400000|  0%| F|  |TAMS 0x0000000706200000, 0x0000000706200000| Untracked 
|  30|0x0000000706400000, 0x0000000706400000, 0x0000000706600000|  0%| F|  |TAMS 0x0000000706400000, 0x0000000706400000| Untracked 
|  31|0x0000000706600000, 0x0000000706600000, 0x0000000706800000|  0%| F|  |TAMS 0x0000000706600000, 0x0000000706600000| Untracked 
|  32|0x0000000706800000, 0x0000000706800000, 0x0000000706a00000|  0%| F|  |TAMS 0x0000000706800000, 0x0000000706800000| Untracked 
|  33|0x0000000706a00000, 0x0000000706a00000, 0x0000000706c00000|  0%| F|  |TAMS 0x0000000706a00000, 0x0000000706a00000| Untracked 
|  34|0x0000000706c00000, 0x0000000706c00000, 0x0000000706e00000|  0%| F|  |TAMS 0x0000000706c00000, 0x0000000706c00000| Untracked 
|  35|0x0000000706e00000, 0x0000000706e00000, 0x0000000707000000|  0%| F|  |TAMS 0x0000000706e00000, 0x0000000706e00000| Untracked 
|  36|0x0000000707000000, 0x0000000707000000, 0x0000000707200000|  0%| F|  |TAMS 0x0000000707000000, 0x0000000707000000| Untracked 
|  37|0x0000000707200000, 0x0000000707200000, 0x0000000707400000|  0%| F|  |TAMS 0x0000000707200000, 0x0000000707200000| Untracked 
|  38|0x0000000707400000, 0x0000000707400000, 0x0000000707600000|  0%| F|  |TAMS 0x0000000707400000, 0x0000000707400000| Untracked 
|  39|0x0000000707600000, 0x0000000707600000, 0x0000000707800000|  0%| F|  |TAMS 0x0000000707600000, 0x0000000707600000| Untracked 
|  40|0x0000000707800000, 0x0000000707800000, 0x0000000707a00000|  0%| F|  |TAMS 0x0000000707800000, 0x0000000707800000| Untracked 
|  41|0x0000000707a00000, 0x0000000707a00000, 0x0000000707c00000|  0%| F|  |TAMS 0x0000000707a00000, 0x0000000707a00000| Untracked 
|  42|0x0000000707c00000, 0x0000000707c00000, 0x0000000707e00000|  0%| F|  |TAMS 0x0000000707c00000, 0x0000000707c00000| Untracked 
|  43|0x0000000707e00000, 0x0000000707e00000, 0x0000000708000000|  0%| F|  |TAMS 0x0000000707e00000, 0x0000000707e00000| Untracked 
|  44|0x0000000708000000, 0x0000000708000000, 0x0000000708200000|  0%| F|  |TAMS 0x0000000708000000, 0x0000000708000000| Untracked 
|  45|0x0000000708200000, 0x0000000708200000, 0x0000000708400000|  0%| F|  |TAMS 0x0000000708200000, 0x0000000708200000| Untracked 
|  46|0x0000000708400000, 0x0000000708400000, 0x0000000708600000|  0%| F|  |TAMS 0x0000000708400000, 0x0000000708400000| Untracked 
|  47|0x0000000708600000, 0x0000000708600000, 0x0000000708800000|  0%| F|  |TAMS 0x0000000708600000, 0x0000000708600000| Untracked 
|  48|0x0000000708800000, 0x0000000708800000, 0x0000000708a00000|  0%| F|  |TAMS 0x0000000708800000, 0x0000000708800000| Untracked 
|  49|0x0000000708a00000, 0x0000000708a00000, 0x0000000708c00000|  0%| F|  |TAMS 0x0000000708a00000, 0x0000000708a00000| Untracked 
|  50|0x0000000708c00000, 0x0000000708c00000, 0x0000000708e00000|  0%| F|  |TAMS 0x0000000708c00000, 0x0000000708c00000| Untracked 
|  51|0x0000000708e00000, 0x0000000708e00000, 0x0000000709000000|  0%| F|  |TAMS 0x0000000708e00000, 0x0000000708e00000| Untracked 
|  52|0x0000000709000000, 0x0000000709000000, 0x0000000709200000|  0%| F|  |TAMS 0x0000000709000000, 0x0000000709000000| Untracked 
|  53|0x0000000709200000, 0x0000000709200000, 0x0000000709400000|  0%| F|  |TAMS 0x0000000709200000, 0x0000000709200000| Untracked 
|  54|0x0000000709400000, 0x0000000709400000, 0x0000000709600000|  0%| F|  |TAMS 0x0000000709400000, 0x0000000709400000| Untracked 
|  55|0x0000000709600000, 0x0000000709600000, 0x0000000709800000|  0%| F|  |TAMS 0x0000000709600000, 0x0000000709600000| Untracked 
|  56|0x0000000709800000, 0x0000000709800000, 0x0000000709a00000|  0%| F|  |TAMS 0x0000000709800000, 0x0000000709800000| Untracked 
|  57|0x0000000709a00000, 0x0000000709a00000, 0x0000000709c00000|  0%| F|  |TAMS 0x0000000709a00000, 0x0000000709a00000| Untracked 
|  58|0x0000000709c00000, 0x0000000709c00000, 0x0000000709e00000|  0%| F|  |TAMS 0x0000000709c00000, 0x0000000709c00000| Untracked 
|  59|0x0000000709e00000, 0x0000000709e00000, 0x000000070a000000|  0%| F|  |TAMS 0x0000000709e00000, 0x0000000709e00000| Untracked 
|  60|0x000000070a000000, 0x000000070a000000, 0x000000070a200000|  0%| F|  |TAMS 0x000000070a000000, 0x000000070a000000| Untracked 
|  61|0x000000070a200000, 0x000000070a200000, 0x000000070a400000|  0%| F|  |TAMS 0x000000070a200000, 0x000000070a200000| Untracked 
|  62|0x000000070a400000, 0x000000070a400000, 0x000000070a600000|  0%| F|  |TAMS 0x000000070a400000, 0x000000070a400000| Untracked 
|  63|0x000000070a600000, 0x000000070a600000, 0x000000070a800000|  0%| F|  |TAMS 0x000000070a600000, 0x000000070a600000| Untracked 
|  64|0x000000070a800000, 0x000000070a800000, 0x000000070aa00000|  0%| F|  |TAMS 0x000000070a800000, 0x000000070a800000| Untracked 
|  65|0x000000070aa00000, 0x000000070aa00000, 0x000000070ac00000|  0%| F|  |TAMS 0x000000070aa00000, 0x000000070aa00000| Untracked 
|  66|0x000000070ac00000, 0x000000070ac00000, 0x000000070ae00000|  0%| F|  |TAMS 0x000000070ac00000, 0x000000070ac00000| Untracked 
|  67|0x000000070ae00000, 0x000000070ae00000, 0x000000070b000000|  0%| F|  |TAMS 0x000000070ae00000, 0x000000070ae00000| Untracked 
|  68|0x000000070b000000, 0x000000070b000000, 0x000000070b200000|  0%| F|  |TAMS 0x000000070b000000, 0x000000070b000000| Untracked 
|  69|0x000000070b200000, 0x000000070b200000, 0x000000070b400000|  0%| F|  |TAMS 0x000000070b200000, 0x000000070b200000| Untracked 
|  70|0x000000070b400000, 0x000000070b400000, 0x000000070b600000|  0%| F|  |TAMS 0x000000070b400000, 0x000000070b400000| Untracked 
|  71|0x000000070b600000, 0x000000070b600000, 0x000000070b800000|  0%| F|  |TAMS 0x000000070b600000, 0x000000070b600000| Untracked 
|  72|0x000000070b800000, 0x000000070b800000, 0x000000070ba00000|  0%| F|  |TAMS 0x000000070b800000, 0x000000070b800000| Untracked 
|  73|0x000000070ba00000, 0x000000070ba00000, 0x000000070bc00000|  0%| F|  |TAMS 0x000000070ba00000, 0x000000070ba00000| Untracked 
|  74|0x000000070bc00000, 0x000000070bc00000, 0x000000070be00000|  0%| F|  |TAMS 0x000000070bc00000, 0x000000070bc00000| Untracked 
|  75|0x000000070be00000, 0x000000070be00000, 0x000000070c000000|  0%| F|  |TAMS 0x000000070be00000, 0x000000070be00000| Untracked 
|  76|0x000000070c000000, 0x000000070c000000, 0x000000070c200000|  0%| F|  |TAMS 0x000000070c000000, 0x000000070c000000| Untracked 
|  77|0x000000070c200000, 0x000000070c200000, 0x000000070c400000|  0%| F|  |TAMS 0x000000070c200000, 0x000000070c200000| Untracked 
|  78|0x000000070c400000, 0x000000070c400000, 0x000000070c600000|  0%| F|  |TAMS 0x000000070c400000, 0x000000070c400000| Untracked 
|  79|0x000000070c600000, 0x000000070c600000, 0x000000070c800000|  0%| F|  |TAMS 0x000000070c600000, 0x000000070c600000| Untracked 
|  80|0x000000070c800000, 0x000000070c800000, 0x000000070ca00000|  0%| F|  |TAMS 0x000000070c800000, 0x000000070c800000| Untracked 
|  81|0x000000070ca00000, 0x000000070ca00000, 0x000000070cc00000|  0%| F|  |TAMS 0x000000070ca00000, 0x000000070ca00000| Untracked 
|  82|0x000000070cc00000, 0x000000070cc00000, 0x000000070ce00000|  0%| F|  |TAMS 0x000000070cc00000, 0x000000070cc00000| Untracked 
|  83|0x000000070ce00000, 0x000000070ce00000, 0x000000070d000000|  0%| F|  |TAMS 0x000000070ce00000, 0x000000070ce00000| Untracked 
|  84|0x000000070d000000, 0x000000070d000000, 0x000000070d200000|  0%| F|  |TAMS 0x000000070d000000, 0x000000070d000000| Untracked 
|  85|0x000000070d200000, 0x000000070d200000, 0x000000070d400000|  0%| F|  |TAMS 0x000000070d200000, 0x000000070d200000| Untracked 
|  86|0x000000070d400000, 0x000000070d400000, 0x000000070d600000|  0%| F|  |TAMS 0x000000070d400000, 0x000000070d400000| Untracked 
|  87|0x000000070d600000, 0x000000070d600000, 0x000000070d800000|  0%| F|  |TAMS 0x000000070d600000, 0x000000070d600000| Untracked 
|  88|0x000000070d800000, 0x000000070d800000, 0x000000070da00000|  0%| F|  |TAMS 0x000000070d800000, 0x000000070d800000| Untracked 
|  89|0x000000070da00000, 0x000000070da00000, 0x000000070dc00000|  0%| F|  |TAMS 0x000000070da00000, 0x000000070da00000| Untracked 
|  90|0x000000070dc00000, 0x000000070dc00000, 0x000000070de00000|  0%| F|  |TAMS 0x000000070dc00000, 0x000000070dc00000| Untracked 
|  91|0x000000070de00000, 0x000000070de00000, 0x000000070e000000|  0%| F|  |TAMS 0x000000070de00000, 0x000000070de00000| Untracked 
|  92|0x000000070e000000, 0x000000070e000000, 0x000000070e200000|  0%| F|  |TAMS 0x000000070e000000, 0x000000070e000000| Untracked 
|  93|0x000000070e200000, 0x000000070e200000, 0x000000070e400000|  0%| F|  |TAMS 0x000000070e200000, 0x000000070e200000| Untracked 
|  94|0x000000070e400000, 0x000000070e400000, 0x000000070e600000|  0%| F|  |TAMS 0x000000070e400000, 0x000000070e400000| Untracked 
|  95|0x000000070e600000, 0x000000070e600000, 0x000000070e800000|  0%| F|  |TAMS 0x000000070e600000, 0x000000070e600000| Untracked 
|  96|0x000000070e800000, 0x000000070e800000, 0x000000070ea00000|  0%| F|  |TAMS 0x000000070e800000, 0x000000070e800000| Untracked 
|  97|0x000000070ea00000, 0x000000070ea00000, 0x000000070ec00000|  0%| F|  |TAMS 0x000000070ea00000, 0x000000070ea00000| Untracked 
|  98|0x000000070ec00000, 0x000000070ec00000, 0x000000070ee00000|  0%| F|  |TAMS 0x000000070ec00000, 0x000000070ec00000| Untracked 
|  99|0x000000070ee00000, 0x000000070ee00000, 0x000000070f000000|  0%| F|  |TAMS 0x000000070ee00000, 0x000000070ee00000| Untracked 
| 100|0x000000070f000000, 0x000000070f000000, 0x000000070f200000|  0%| F|  |TAMS 0x000000070f000000, 0x000000070f000000| Untracked 
| 101|0x000000070f200000, 0x000000070f200000, 0x000000070f400000|  0%| F|  |TAMS 0x000000070f200000, 0x000000070f200000| Untracked 
| 102|0x000000070f400000, 0x000000070f400000, 0x000000070f600000|  0%| F|  |TAMS 0x000000070f400000, 0x000000070f400000| Untracked 
| 103|0x000000070f600000, 0x000000070f600000, 0x000000070f800000|  0%| F|  |TAMS 0x000000070f600000, 0x000000070f600000| Untracked 
| 104|0x000000070f800000, 0x000000070f800000, 0x000000070fa00000|  0%| F|  |TAMS 0x000000070f800000, 0x000000070f800000| Untracked 
| 105|0x000000070fa00000, 0x000000070fa00000, 0x000000070fc00000|  0%| F|  |TAMS 0x000000070fa00000, 0x000000070fa00000| Untracked 
| 106|0x000000070fc00000, 0x000000070fc00000, 0x000000070fe00000|  0%| F|  |TAMS 0x000000070fc00000, 0x000000070fc00000| Untracked 
| 107|0x000000070fe00000, 0x000000070fe00000, 0x0000000710000000|  0%| F|  |TAMS 0x000000070fe00000, 0x000000070fe00000| Untracked 
| 108|0x0000000710000000, 0x0000000710000000, 0x0000000710200000|  0%| F|  |TAMS 0x0000000710000000, 0x0000000710000000| Untracked 
| 109|0x0000000710200000, 0x0000000710200000, 0x0000000710400000|  0%| F|  |TAMS 0x0000000710200000, 0x0000000710200000| Untracked 
| 110|0x0000000710400000, 0x0000000710400000, 0x0000000710600000|  0%| F|  |TAMS 0x0000000710400000, 0x0000000710400000| Untracked 
| 111|0x0000000710600000, 0x0000000710600000, 0x0000000710800000|  0%| F|  |TAMS 0x0000000710600000, 0x0000000710600000| Untracked 
| 112|0x0000000710800000, 0x0000000710800000, 0x0000000710a00000|  0%| F|  |TAMS 0x0000000710800000, 0x0000000710800000| Untracked 
| 113|0x0000000710a00000, 0x0000000710a00000, 0x0000000710c00000|  0%| F|  |TAMS 0x0000000710a00000, 0x0000000710a00000| Untracked 
| 114|0x0000000710c00000, 0x0000000710c00000, 0x0000000710e00000|  0%| F|  |TAMS 0x0000000710c00000, 0x0000000710c00000| Untracked 
| 115|0x0000000710e00000, 0x0000000710e00000, 0x0000000711000000|  0%| F|  |TAMS 0x0000000710e00000, 0x0000000710e00000| Untracked 
| 116|0x0000000711000000, 0x000000071110b260, 0x0000000711200000| 52%| S|CS|TAMS 0x0000000711000000, 0x0000000711000000| Complete 
| 117|0x0000000711200000, 0x0000000711400000, 0x0000000711400000|100%| S|CS|TAMS 0x0000000711200000, 0x0000000711200000| Complete 
| 118|0x0000000711400000, 0x0000000711400000, 0x0000000711600000|  0%| F|  |TAMS 0x0000000711400000, 0x0000000711400000| Untracked 
| 119|0x0000000711600000, 0x0000000711600000, 0x0000000711800000|  0%| F|  |TAMS 0x0000000711600000, 0x0000000711600000| Untracked 
| 120|0x0000000711800000, 0x0000000711800000, 0x0000000711a00000|  0%| F|  |TAMS 0x0000000711800000, 0x0000000711800000| Untracked 
| 121|0x0000000711a00000, 0x0000000711a00000, 0x0000000711c00000|  0%| F|  |TAMS 0x0000000711a00000, 0x0000000711a00000| Untracked 
| 122|0x0000000711c00000, 0x0000000711c00000, 0x0000000711e00000|  0%| F|  |TAMS 0x0000000711c00000, 0x0000000711c00000| Untracked 
| 123|0x0000000711e00000, 0x0000000711e00000, 0x0000000712000000|  0%| F|  |TAMS 0x0000000711e00000, 0x0000000711e00000| Untracked 
| 124|0x0000000712000000, 0x0000000712000000, 0x0000000712200000|  0%| F|  |TAMS 0x0000000712000000, 0x0000000712000000| Untracked 
| 125|0x0000000712200000, 0x0000000712200000, 0x0000000712400000|  0%| F|  |TAMS 0x0000000712200000, 0x0000000712200000| Untracked 
| 126|0x0000000712400000, 0x0000000712500800, 0x0000000712600000| 50%| E|  |TAMS 0x0000000712400000, 0x0000000712400000| Complete 

Card table byte_map: [0x00000111cbca0000,0x00000111cc490000] _byte_map_base: 0x00000111c848c000

Marking Bits (Prev, Next): (CMBitMap*) 0x00000111b204c0f0, (CMBitMap*) 0x00000111b204c130
 Prev Bits: [0x00000111ccc80000, 0x00000111d0be0000)
 Next Bits: [0x00000111d0be0000, 0x00000111d4b40000)

Polling page: 0x00000111b20d0000

Metaspace:

Usage:
  Non-class:      9.99 MB capacity,     9.83 MB ( 98%) used,   150.64 KB (  1%) free+waste,    13.50 KB ( <1%) overhead. 
      Class:      1.25 MB capacity,     1.19 MB ( 95%) used,    58.93 KB (  5%) free+waste,     5.31 KB ( <1%) overhead. 
       Both:     11.24 MB capacity,    11.02 MB ( 98%) used,   209.57 KB (  2%) free+waste,    18.81 KB ( <1%) overhead. 

Virtual space:
  Non-class space:       10.00 MB reserved,      10.00 MB (100%) committed 
      Class space:        1.00 GB reserved,       1.38 MB ( <1%) committed 
             Both:        1.01 GB reserved,      11.38 MB (  1%) committed 

Chunk freelists:
   Non-Class:  10.00 KB
       Class:  0 bytes
        Both:  10.00 KB

MaxMetaspaceSize: 17179869184.00 GB
CompressedClassSpaceSize: 1.00 GB

CodeHeap 'non-profiled nmethods': size=120000Kb used=1112Kb max_used=1112Kb free=118887Kb
 bounds [0x00000111c3510000, 0x00000111c3780000, 0x00000111caa40000]
CodeHeap 'profiled nmethods': size=120000Kb used=4126Kb max_used=4126Kb free=115873Kb
 bounds [0x00000111bbfe0000, 0x00000111bc3f0000, 0x00000111c3510000]
CodeHeap 'non-nmethods': size=5760Kb used=1222Kb max_used=1299Kb free=4537Kb
 bounds [0x00000111bba40000, 0x00000111bbcb0000, 0x00000111bbfe0000]
 total_blobs=2638 nmethods=2151 adapters=399
 compilation: enabled
              stopped_count=0, restarted_count=0
 full_count=0

Compilation events (20 events):
Event: 3.154 Thread 0x00000111d9e1d6e0 nmethod 2179 0x00000111c361d690 code [0x00000111c361d820, 0x00000111c361dad8]
Event: 3.154 Thread 0x00000111d9e1d6e0 2180       4       java.lang.invoke.DirectMethodHandle$Holder::invokeStatic (17 bytes)
Event: 3.155 Thread 0x00000111d9e1d6e0 nmethod 2180 0x00000111c361dd90 code [0x00000111c361df20, 0x00000111c361dfe8]
Event: 3.188 Thread 0x00000111d9e1d6e0 2181       4       java.lang.invoke.DirectMethodHandle$Holder::invokeStatic (14 bytes)
Event: 3.189 Thread 0x00000111d9e1d6e0 nmethod 2181 0x00000111c361e110 code [0x00000111c361e2a0, 0x00000111c361e348]
Event: 3.189 Thread 0x00000111d9e1d6e0 2182       4       java.lang.invoke.LambdaForm$MH/0x0000000800c51440::invoke (32 bytes)
Event: 3.191 Thread 0x00000111d9e1d6e0 nmethod 2182 0x00000111c361e490 code [0x00000111c361e620, 0x00000111c361e738]
Event: 3.191 Thread 0x00000111d9e1d6e0 2183       4       java.lang.invoke.DirectMethodHandle$Holder::invokeStatic (21 bytes)
Event: 3.192 Thread 0x00000111d9e1d6e0 nmethod 2183 0x00000111c361e890 code [0x00000111c361ea20, 0x00000111c361eae8]
Event: 3.192 Thread 0x00000111d9e1d6e0 2184       4       java.lang.StringConcatHelper::prepend (22 bytes)
Event: 3.205 Thread 0x00000111d9e1d6e0 nmethod 2184 0x00000111c361ec10 code [0x00000111c361eda0, 0x00000111c361f338]
Event: 3.207 Thread 0x00000111d7f67540 nmethod 2169 0x00000111c361f710 code [0x00000111c361f9a0, 0x00000111c3622090]
Event: 4.490 Thread 0x00000111d7fd5ad0 2185 % !   3       MWG2.Phase1::main @ 993 (1076 bytes)
Event: 4.504 Thread 0x00000111d7fd5ad0 nmethod 2185% 0x00000111bc3b9d10 code [0x00000111bc3baa00, 0x00000111bc3c3598]
Event: 4.528 Thread 0x00000111d7fd5ad0 2186   !   3       MWG2.Phase1::main (1076 bytes)
Event: 4.543 Thread 0x00000111d7fd5ad0 nmethod 2186 0x00000111bc3c9010 code [0x00000111bc3c9d40, 0x00000111bc3d2a08]
Event: 5.584 Thread 0x00000111d7fd5ad0 2187 % !   3       MWG2.Phase1::main @ 983 (1076 bytes)
Event: 5.600 Thread 0x00000111d7fd5ad0 nmethod 2187% 0x00000111bc3d8610 code [0x00000111bc3d9300, 0x00000111bc3e1e58]
Event: 5.822 Thread 0x00000111d7f67540 2188 % !   4       MWG2.Phase1::main @ 993 (1076 bytes)
Event: 5.876 Thread 0x00000111d7f67540 nmethod 2188% 0x00000111c3624190 code [0x00000111c36243e0, 0x00000111c3625590]

GC Heap History (6 events):
Event: 0.941 GC heap before
{Heap before GC invocations=0 (full 0):
 garbage-first heap   total 260096K, used 20480K [0x0000000702800000, 0x0000000800000000)
  region size 2048K, 11 young (22528K), 0 survivors (0K)
 Metaspace       used 4538K, capacity 6244K, committed 6528K, reserved 1056768K
  class space    used 449K, capacity 603K, committed 640K, reserved 1048576K
}
Event: 0.947 GC heap after
{Heap after GC invocations=1 (full 0):
 garbage-first heap   total 260096K, used 6834K [0x0000000702800000, 0x0000000800000000)
  region size 2048K, 2 young (4096K), 2 survivors (4096K)
 Metaspace       used 4538K, capacity 6244K, committed 6528K, reserved 1056768K
  class space    used 449K, capacity 603K, committed 640K, reserved 1048576K
}
Event: 1.718 GC heap before
{Heap before GC invocations=1 (full 0):
 garbage-first heap   total 260096K, used 29362K [0x0000000702800000, 0x0000000800000000)
  region size 2048K, 13 young (26624K), 2 survivors (4096K)
 Metaspace       used 9032K, capacity 10021K, committed 10112K, reserved 1058816K
  class space    used 976K, capacity 1091K, committed 1152K, reserved 1048576K
}
Event: 1.727 GC heap after
{Heap after GC invocations=2 (full 0):
 garbage-first heap   total 260096K, used 13361K [0x0000000702800000, 0x0000000800000000)
  region size 2048K, 2 young (4096K), 2 survivors (4096K)
 Metaspace       used 9032K, capacity 10021K, committed 10112K, reserved 1058816K
  class space    used 976K, capacity 1091K, committed 1152K, reserved 1048576K
}
Event: 5.979 GC heap before
{Heap before GC invocations=2 (full 0):
 garbage-first heap   total 260096K, used 31793K [0x0000000702800000, 0x0000000800000000)
  region size 2048K, 11 young (22528K), 2 survivors (4096K)
 Metaspace       used 11284K, capacity 11514K, committed 11648K, reserved 1058816K
  class space    used 1219K, capacity 1284K, committed 1408K, reserved 1048576K
}
Event: 5.989 GC heap after
{Heap after GC invocations=3 (full 0):
 garbage-first heap   total 260096K, used 16788K [0x0000000702800000, 0x0000000800000000)
  region size 2048K, 2 young (4096K), 2 survivors (4096K)
 Metaspace       used 11284K, capacity 11514K, committed 11648K, reserved 1058816K
  class space    used 1219K, capacity 1284K, committed 1408K, reserved 1048576K
}

Deoptimization events (20 events):
Event: 2.871 Thread 0x00000111b1ff9f50 DEOPT PACKING pc=0x00000111c360e54c sp=0x000000027a1ff3b0
Event: 2.871 Thread 0x00000111b1ff9f50 DEOPT UNPACKING pc=0x00000111bba8e42f sp=0x000000027a1ff338 mode 2
Event: 2.871 Thread 0x00000111b1ff9f50 Uncommon trap: trap_request=0xffffffde fr.pc=0x00000111c360e54c relative=0x000000000000012c
Event: 2.871 Thread 0x00000111b1ff9f50 Uncommon trap: reason=class_check action=maybe_recompile pc=0x00000111c360e54c method=jdk.internal.misc.Unsafe.allocateUninitializedArray(Ljava/lang/Class;I)Ljava/lang/Object; @ 51 c2
Event: 2.871 Thread 0x00000111b1ff9f50 DEOPT PACKING pc=0x00000111c360e54c sp=0x000000027a1ff3b0
Event: 2.871 Thread 0x00000111b1ff9f50 DEOPT UNPACKING pc=0x00000111bba8e42f sp=0x000000027a1ff338 mode 2
Event: 2.871 Thread 0x00000111b1ff9f50 Uncommon trap: trap_request=0xffffffde fr.pc=0x00000111c360e54c relative=0x000000000000012c
Event: 2.871 Thread 0x00000111b1ff9f50 Uncommon trap: reason=class_check action=maybe_recompile pc=0x00000111c360e54c method=jdk.internal.misc.Unsafe.allocateUninitializedArray(Ljava/lang/Class;I)Ljava/lang/Object; @ 51 c2
Event: 2.871 Thread 0x00000111b1ff9f50 DEOPT PACKING pc=0x00000111c360e54c sp=0x000000027a1ff3b0
Event: 2.871 Thread 0x00000111b1ff9f50 DEOPT UNPACKING pc=0x00000111bba8e42f sp=0x000000027a1ff338 mode 2
Event: 4.755 Thread 0x00000111b1ff9f50 DEOPT PACKING pc=0x00000111bc3c2f71 sp=0x000000027a1ff480
Event: 4.755 Thread 0x00000111b1ff9f50 DEOPT UNPACKING pc=0x00000111bba8e23f sp=0x000000027a1feaf8 mode 0
Event: 5.016 Thread 0x00000111b1ff9f50 DEOPT PACKING pc=0x00000111bc3c2f71 sp=0x000000027a1ff480
Event: 5.016 Thread 0x00000111b1ff9f50 DEOPT UNPACKING pc=0x00000111bba8e23f sp=0x000000027a1feaf8 mode 0
Event: 5.287 Thread 0x00000111b1ff9f50 DEOPT PACKING pc=0x00000111bc3c2f71 sp=0x000000027a1ff480
Event: 5.287 Thread 0x00000111b1ff9f50 DEOPT UNPACKING pc=0x00000111bba8e23f sp=0x000000027a1feaf8 mode 0
Event: 5.550 Thread 0x00000111b1ff9f50 DEOPT PACKING pc=0x00000111bc3c2f71 sp=0x000000027a1ff480
Event: 5.550 Thread 0x00000111b1ff9f50 DEOPT UNPACKING pc=0x00000111bba8e23f sp=0x000000027a1feaf8 mode 0
Event: 5.822 Thread 0x00000111b1ff9f50 DEOPT PACKING pc=0x00000111bc3c2f71 sp=0x000000027a1ff480
Event: 5.822 Thread 0x00000111b1ff9f50 DEOPT UNPACKING pc=0x00000111bba8e23f sp=0x000000027a1feaf8 mode 0

Classes unloaded (0 events):
No events

Classes redefined (0 events):
No events

Internal exceptions (20 events):
Event: 0.707 Thread 0x00000111b1ff9f50 Exception <a 'java/lang/NoSuchMethodError'{0x00000007115c7d58}: 'int java.lang.invoke.DirectMethodHandle$Holder.invokeStaticInit(java.lang.Object, java.lang.Object, java.lang.Object)'> (0x00000007115c7d58) 
thrown [./open/src/hotspot/share/interpreter/linkResolver.cpp, line 782]
Event: 0.745 Thread 0x00000111b1ff9f50 Exception <a 'java/lang/NoSuchMethodError'{0x0000000711297d58}: 'java.lang.Object java.lang.invoke.DirectMethodHandle$Holder.invokeStatic(java.lang.Object)'> (0x0000000711297d58) 
thrown [./open/src/hotspot/share/interpreter/linkResolver.cpp, line 782]
Event: 0.750 Thread 0x00000111b1ff9f50 Exception <a 'java/lang/NoSuchMethodError'{0x00000007112abcb0}: 'void java.lang.invoke.DirectMethodHandle$Holder.invokeVirtual(java.lang.Object, java.lang.Object, java.lang.Object, java.lang.Object)'> (0x00000007112abcb0) 
thrown [./open/src/hotspot/share/interpreter/linkResolver.cpp, line 782]
Event: 0.778 Thread 0x00000111b1ff9f50 Exception <a 'java/lang/NoSuchMethodError'{0x00000007112f79b8}: 'void java.lang.invoke.DirectMethodHandle$Holder.invokeStatic(java.lang.Object, java.lang.Object, java.lang.Object, int)'> (0x00000007112f79b8) 
thrown [./open/src/hotspot/share/interpreter/linkResolver.cpp, line 782]
Event: 0.778 Thread 0x00000111b1ff9f50 Exception <a 'java/lang/NoSuchMethodError'{0x00000007112fb058}: 'void java.lang.invoke.DirectMethodHandle$Holder.invokeStaticInit(java.lang.Object, java.lang.Object, java.lang.Object, int)'> (0x00000007112fb058) 
thrown [./open/src/hotspot/share/interpreter/linkResolver.cpp, line 782]
Event: 0.822 Thread 0x00000111b1ff9f50 Exception <a 'java/lang/NoSuchMethodError'{0x000000071139f050}: 'void java.lang.invoke.DirectMethodHandle$Holder.invokeInterface(java.lang.Object, java.lang.Object, java.lang.Object)'> (0x000000071139f050) 
thrown [./open/src/hotspot/share/interpreter/linkResolver.cpp, line 782]
Event: 1.066 Thread 0x00000111b1ff9f50 Implicit null exception at 0x00000111c3558a60 to 0x00000111c3558af6
Event: 1.102 Thread 0x00000111b1ff9f50 Exception <a 'java/lang/NoSuchMethodError'{0x000000071212ced0}: 'java.lang.Object java.lang.invoke.DirectMethodHandle$Holder.invokeStaticInit(java.lang.Object)'> (0x000000071212ced0) 
thrown [./open/src/hotspot/share/interpreter/linkResolver.cpp, line 782]
Event: 1.104 Thread 0x00000111b1ff9f50 Exception <a 'java/lang/NoSuchMethodError'{0x0000000712133220}: 'java.lang.Object java.lang.invoke.DirectMethodHandle$Holder.invokeInterface(java.lang.Object, java.lang.Object)'> (0x0000000712133220) 
thrown [./open/src/hotspot/share/interpreter/linkResolver.cpp, line 782]
Event: 1.160 Thread 0x00000111b1ff9f50 Exception <a 'java/lang/NoSuchMethodError'{0x0000000711ee1380}: 'void java.lang.invoke.DirectMethodHandle$Holder.invokeSpecial(java.lang.Object, java.lang.Object, java.lang.Object, java.lang.Object, java.lang.Object)'> (0x0000000711ee1380) 
thrown [./open/src/hotspot/share/interpreter/linkResolver.cpp, line 782]
Event: 1.166 Thread 0x00000111b1ff9f50 Exception <a 'java/lang/NoSuchMethodError'{0x0000000711f069a8}: 'void java.lang.invoke.DirectMethodHandle$Holder.invokeVirtual(java.lang.Object, java.lang.Object)'> (0x0000000711f069a8) 
thrown [./open/src/hotspot/share/interpreter/linkResolver.cpp, line 782]
Event: 2.164 Thread 0x00000111b1ff9f50 Exception <a 'java/lang/NoSuchMethodError'{0x0000000711b130b0}: 'void java.lang.invoke.DirectMethodHandle$Holder.invokeStatic(java.lang.Object, java.lang.Object)'> (0x0000000711b130b0) 
thrown [./open/src/hotspot/share/interpreter/linkResolver.cpp, line 782]
Event: 2.164 Thread 0x00000111b1ff9f50 Exception <a 'java/lang/NoSuchMethodError'{0x0000000711b16890}: 'void java.lang.invoke.DirectMethodHandle$Holder.invokeStaticInit(java.lang.Object, java.lang.Object)'> (0x0000000711b16890) 
thrown [./open/src/hotspot/share/interpreter/linkResolver.cpp, line 782]
Event: 2.177 Thread 0x00000111b1ff9f50 Exception <a 'java/lang/NoSuchMethodError'{0x0000000711b439a8}: 'java.lang.Object java.lang.invoke.DirectMethodHandle$Holder.invokeStaticInit(java.lang.Object, int, int, int, int)'> (0x0000000711b439a8) 
thrown [./open/src/hotspot/share/interpreter/linkResolver.cpp, line 782]
Event: 2.310 Thread 0x00000111b1ff9f50 Exception <a 'java/lang/NoSuchMethodError'{0x000000071180b698}: 'java.lang.Object java.lang.invoke.DirectMethodHandle$Holder.invokeStaticInit(java.lang.Object, java.lang.Object, int, int, int, int)'> (0x000000071180b698) 
thrown [./open/src/hotspot/share/interpreter/linkResolver.cpp, line 782]
Event: 2.318 Thread 0x00000111b1ff9f50 Exception <a 'java/lang/NoSuchMethodError'{0x0000000711815888}: 'void java.lang.invoke.DirectMethodHandle$Holder.invokeStatic(java.lang.Object, java.lang.Object, java.lang.Object)'> (0x0000000711815888) 
thrown [./open/src/hotspot/share/interpreter/linkResolver.cpp, line 782]
Event: 2.367 Thread 0x00000111b1ff9f50 Exception <a 'sun/nio/fs/WindowsException'{0x000000071185cfe0}> (0x000000071185cfe0) 
thrown [./open/src/hotspot/share/prims/jni.cpp, line 578]
Event: 2.368 Thread 0x00000111b1ff9f50 Exception <a 'sun/nio/fs/WindowsException'{0x000000071185d2f0}> (0x000000071185d2f0) 
thrown [./open/src/hotspot/share/prims/jni.cpp, line 578]
Event: 2.369 Thread 0x00000111b1ff9f50 Exception <a 'sun/nio/fs/WindowsException'{0x000000071185e418}> (0x000000071185e418) 
thrown [./open/src/hotspot/share/prims/jni.cpp, line 578]
Event: 2.369 Thread 0x00000111b1ff9f50 Exception <a 'sun/nio/fs/WindowsException'{0x000000071185e778}> (0x000000071185e778) 
thrown [./open/src/hotspot/share/prims/jni.cpp, line 578]

Events (20 events):
Event: 2.367 loading class sun/nio/fs/WindowsException done
Event: 2.368 loading class java/nio/file/FileVisitResult
Event: 2.368 loading class java/nio/file/FileVisitResult done
Event: 2.370 loading class java/nio/channels/Channels
Event: 2.370 loading class java/nio/channels/Channels done
Event: 2.370 loading class java/nio/channels/Channels$1
Event: 2.370 loading class java/nio/channels/Channels$1 done
Event: 2.370 loading class java/nio/channels/SelectableChannel
Event: 2.371 loading class java/nio/channels/SelectableChannel done
Event: 2.556 Thread 0x00000111d8a38eb0 Thread exited: 0x00000111d8a38eb0
Event: 2.636 Thread 0x00000111d80bceb0 Thread exited: 0x00000111d80bceb0
Event: 2.685 loading class jdk/internal/access/foreign/MemorySegmentProxy
Event: 2.685 loading class jdk/internal/access/foreign/MemorySegmentProxy done
Event: 2.760 Executing VM operation: ICBufferFull
Event: 2.760 Executing VM operation: ICBufferFull done
Event: 2.838 Loaded shared library C:\Users\Admin\AppData\Local\Temp\ortools-java11325878839303050250\win32-x86-64\jniortools.dll
Event: 3.119 Thread 0x00000111d9e1d6e0 Thread added: 0x00000111d9e1d6e0
Event: 4.490 Thread 0x00000111d9e1d6e0 Thread exited: 0x00000111d9e1d6e0
Event: 5.979 Executing VM operation: G1CollectForAllocation
Event: 5.990 Executing VM operation: G1CollectForAllocation done


Dynamic libraries:
0x00007ff6112f0000 - 0x00007ff6112ff000 	C:\Program Files\Java\jdk-15.0.1\bin\java.exe
0x00007ffc852b0000 - 0x00007ffc854a5000 	C:\Windows\SYSTEM32\ntdll.dll
0x00007ffc851b0000 - 0x00007ffc8526d000 	C:\Windows\System32\KERNEL32.DLL
0x00007ffc82d40000 - 0x00007ffc83009000 	C:\Windows\System32\KERNELBASE.dll
0x00007ffc831c0000 - 0x00007ffc832c0000 	C:\Windows\System32\ucrtbase.dll
0x00007ffc7c7d0000 - 0x00007ffc7c7e8000 	C:\Program Files\Java\jdk-15.0.1\bin\jli.dll
0x00007ffc83ab0000 - 0x00007ffc83b5c000 	C:\Windows\System32\ADVAPI32.dll
0x00007ffc83b60000 - 0x00007ffc83bfe000 	C:\Windows\System32\msvcrt.dll
0x00007ffc84630000 - 0x00007ffc846cb000 	C:\Windows\System32\sechost.dll
0x00007ffc84500000 - 0x00007ffc8462a000 	C:\Windows\System32\RPCRT4.dll
0x00007ffc83400000 - 0x00007ffc835a0000 	C:\Windows\System32\USER32.dll
0x00007ffc82a90000 - 0x00007ffc82ab2000 	C:\Windows\System32\win32u.dll
0x00007ffc846d0000 - 0x00007ffc846fa000 	C:\Windows\System32\GDI32.dll
0x00007ffc82c00000 - 0x00007ffc82d0b000 	C:\Windows\System32\gdi32full.dll
0x00007ffc829f0000 - 0x00007ffc82a8d000 	C:\Windows\System32\msvcp_win.dll
0x00007ffc7aff0000 - 0x00007ffc7b009000 	C:\Program Files\Java\jdk-15.0.1\bin\VCRUNTIME140.dll
0x00007ffc6fe10000 - 0x00007ffc700aa000 	C:\Windows\WinSxS\amd64_microsoft.windows.common-controls_6595b64144ccf1df_6.0.19041.1083_none_60bbe31371f34e71\COMCTL32.dll
0x00007ffc7b280000 - 0x00007ffc7b28a000 	C:\Windows\SYSTEM32\VERSION.dll
0x00007ffc848b0000 - 0x00007ffc848e0000 	C:\Windows\System32\IMM32.DLL
0x00007ffc7d1e0000 - 0x00007ffc7d1ec000 	C:\Program Files\Java\jdk-15.0.1\bin\vcruntime140_1.dll
0x00007ffc5a5a0000 - 0x00007ffc5a631000 	C:\Program Files\Java\jdk-15.0.1\bin\msvcp140.dll
0x00007ffc36c80000 - 0x00007ffc377de000 	C:\Program Files\Java\jdk-15.0.1\bin\server\jvm.dll
0x00007ffc84830000 - 0x00007ffc84838000 	C:\Windows\System32\PSAPI.DLL
0x00007ffc723b0000 - 0x00007ffc723b9000 	C:\Windows\SYSTEM32\WSOCK32.dll
0x00007ffc84840000 - 0x00007ffc848ab000 	C:\Windows\System32\WS2_32.dll
0x00007ffc743f0000 - 0x00007ffc74417000 	C:\Windows\SYSTEM32\WINMM.dll
0x00007ffc812b0000 - 0x00007ffc812c2000 	C:\Windows\SYSTEM32\kernel.appcore.dll
0x00007ffc7afe0000 - 0x00007ffc7afea000 	C:\Program Files\Java\jdk-15.0.1\bin\jimage.dll
0x00007ffc80fd0000 - 0x00007ffc811b4000 	C:\Windows\SYSTEM32\DBGHELP.DLL
0x00007ffc79610000 - 0x00007ffc7963c000 	C:\Windows\SYSTEM32\dbgcore.DLL
0x00007ffc82ac0000 - 0x00007ffc82b43000 	C:\Windows\System32\bcryptPrimitives.dll
0x00007ffc72ff0000 - 0x00007ffc73015000 	C:\Program Files\Java\jdk-15.0.1\bin\java.dll
0x00007ffc84a70000 - 0x00007ffc851af000 	C:\Windows\System32\SHELL32.dll
0x00007ffc80830000 - 0x00007ffc80fc1000 	C:\Windows\SYSTEM32\windows.storage.dll
0x00007ffc835a0000 - 0x00007ffc838f5000 	C:\Windows\System32\combase.dll
0x00007ffc82460000 - 0x00007ffc8248c000 	C:\Windows\SYSTEM32\Wldp.dll
0x00007ffc84330000 - 0x00007ffc843de000 	C:\Windows\System32\SHCORE.dll
0x00007ffc84a10000 - 0x00007ffc84a65000 	C:\Windows\System32\shlwapi.dll
0x00007ffc82930000 - 0x00007ffc8294f000 	C:\Windows\SYSTEM32\profapi.dll
0x00007ffc7ae10000 - 0x00007ffc7ae29000 	C:\Program Files\Java\jdk-15.0.1\bin\net.dll
0x00007ffc79ca0000 - 0x00007ffc79daa000 	C:\Windows\SYSTEM32\WINHTTP.dll
0x00007ffc821c0000 - 0x00007ffc8222a000 	C:\Windows\system32\mswsock.dll
0x00007ffc78370000 - 0x00007ffc78382000 	C:\Program Files\Java\jdk-15.0.1\bin\nio.dll
0x00007ffc77a60000 - 0x00007ffc77a78000 	C:\Program Files\Java\jdk-15.0.1\bin\zip.dll
0x00007ffc823a0000 - 0x00007ffc823b8000 	C:\Windows\SYSTEM32\CRYPTSP.dll
0x00007ffc81a90000 - 0x00007ffc81ac4000 	C:\Windows\system32\rsaenh.dll
0x00007ffc82d10000 - 0x00007ffc82d37000 	C:\Windows\System32\bcrypt.dll
0x00007ffc828f0000 - 0x00007ffc8291e000 	C:\Windows\SYSTEM32\USERENV.dll
0x00007ffc823c0000 - 0x00007ffc823cc000 	C:\Windows\SYSTEM32\CRYPTBASE.dll
0x00007ffc81e60000 - 0x00007ffc81e9b000 	C:\Windows\SYSTEM32\IPHLPAPI.DLL
0x00007ffc841d0000 - 0x00007ffc841d8000 	C:\Windows\System32\NSI.dll
0x00007ffc79740000 - 0x00007ffc79757000 	C:\Windows\SYSTEM32\dhcpcsvc6.DLL
0x00007ffc79a80000 - 0x00007ffc79a9d000 	C:\Windows\SYSTEM32\dhcpcsvc.DLL
0x00007ffc81ea0000 - 0x00007ffc81f6c000 	C:\Windows\SYSTEM32\DNSAPI.dll
0x00007ffc17900000 - 0x00007ffc19489000 	C:\Users\Admin\AppData\Local\Temp\ortools-java11325878839303050250\win32-x86-64\jniortools.dll

dbghelp: loaded successfully - version: 4.0.5 - missing functions: none
symbol engine: initialized successfully - sym options: 0x614 - pdb path: .;C:\Program Files\Java\jdk-15.0.1\bin;C:\Windows\SYSTEM32;C:\Windows\WinSxS\amd64_microsoft.windows.common-controls_6595b64144ccf1df_6.0.19041.1083_none_60bbe31371f34e71;C:\Program Files\Java\jdk-15.0.1\bin\server;C:\Users\Admin\AppData\Local\Temp\ortools-java11325878839303050250\win32-x86-64

VM Arguments:
java_command: MWG2.Phase1
java_class_path (initial): C:\Users\Admin\OneDrive\Documents\NetBeansProjects\MWG2\target\classes;C:\Users\Admin\.m2\repository\com\google\ortools\ortools-java\9.0.9048\ortools-java-9.0.9048.jar;C:\Users\Admin\.m2\repository\com\google\ortools\ortools-linux-x86-64\9.0.9048\ortools-linux-x86-64-9.0.9048.jar;C:\Users\Admin\.m2\repository\com\google\ortools\ortools-darwin-x86-64\9.0.9048\ortools-darwin-x86-64-9.0.9048.jar;C:\Users\Admin\.m2\repository\com\google\ortools\ortools-win32-x86-64\9.0.9048\ortools-win32-x86-64-9.0.9048.jar;C:\Users\Admin\.m2\repository\net\java\dev\jna\jna-platform\5.8.0\jna-platform-5.8.0.jar;C:\Users\Admin\.m2\repository\net\java\dev\jna\jna\5.8.0\jna-5.8.0.jar;C:\Users\Admin\.m2\repository\com\google\protobuf\protobuf-java\3.15.8\protobuf-java-3.15.8.jar;C:\Users\Admin\.m2\repository\org\apache\poi\poi\5.0.0\poi-5.0.0.jar;C:\Users\Admin\.m2\repository\org\slf4j\slf4j-api\1.7.30\slf4j-api-1.7.30.jar;C:\Users\Admin\.m2\repository\org\slf4j\jcl-over-slf4j\1.7.30\jcl-over-slf4j-1.7.30.jar;C:\Users\Admin\.m2\repository\commons-codec\commons-codec\1.15\commons-codec-1.15.jar;C:\Users\Admin\.m2\repository\org\apache\commons\commons-collections4\4.4\commons-collections4-4.4.jar;C:\Users\Admin\.m2\repository\org\apache\commons\commons-math3\3.6.1\commons-math3-3.6.1.jar;C:\Users\Admin\.m2\repository\com\zaxxer\SparseBitSet\1.2\SparseBitSet-1.2.jar;C:\Users\Admin\.m2\repository\org\apache\poi\poi-ooxml\5.0.0\poi-ooxml-5.0.0.jar;C:\Users\Admin\.m2\repository\org\apache\poi\poi-ooxml-lite\5.0.0\poi-ooxml-lite-5.0.0.jar;C:\Users\Admin\.m2\repository\org\apache\xmlbeans\xmlbeans\4.0.0\xmlbeans-4.0.0.jar;C:\Users\Admin\.m2\repository\org\apache\commons\commons-compress\1.20\commons-compress-1.20.jar;C:\Users\Admin\.m2\repository\com\github\virtuald\curvesapi\1.06\curvesapi-1.06.jar;C:\Users\Admin\.m2\repository\org\bouncycastle\bcpkix-jdk15on\1.68\bcpkix-jdk15on-1.68.jar;C:\Users\Admin\.m2\repository\org\bouncycastle\bcprov-jdk15on\1.68\bcprov-jdk15on-
Launcher Type: SUN_STANDARD

[Global flags]
     intx CICompilerCount                          = 4                                         {product} {ergonomic}
     uint ConcGCThreads                            = 2                                         {product} {ergonomic}
     uint G1ConcRefinementThreads                  = 8                                         {product} {ergonomic}
   size_t G1HeapRegionSize                         = 2097152                                   {product} {ergonomic}
    uintx GCDrainStackTargetSize                   = 64                                        {product} {ergonomic}
   size_t InitialHeapSize                          = 266338304                                 {product} {ergonomic}
   size_t MarkStackSize                            = 4194304                                   {product} {ergonomic}
   size_t MaxHeapSize                              = 4253024256                                {product} {ergonomic}
   size_t MaxNewSize                               = 2550136832                                {product} {ergonomic}
   size_t MinHeapDeltaBytes                        = 2097152                                   {product} {ergonomic}
   size_t MinHeapSize                              = 8388608                                   {product} {ergonomic}
    uintx NonNMethodCodeHeapSize                   = 5839372                                {pd product} {ergonomic}
    uintx NonProfiledCodeHeapSize                  = 122909434                              {pd product} {ergonomic}
    uintx ProfiledCodeHeapSize                     = 122909434                              {pd product} {ergonomic}
    uintx ReservedCodeCacheSize                    = 251658240                              {pd product} {ergonomic}
     bool SegmentedCodeCache                       = true                                      {product} {ergonomic}
   size_t SoftMaxHeapSize                          = 4253024256                             {manageable} {ergonomic}
     bool UseCompressedClassPointers               = true                                 {lp64_product} {ergonomic}
     bool UseCompressedOops                        = true                                 {lp64_product} {ergonomic}
     bool UseG1GC                                  = true                                      {product} {ergonomic}
     bool UseLargePagesIndividualAllocation        = false                                  {pd product} {ergonomic}

Logging:
Log output configuration:
 #0: stdout all=warning uptime,level,tags
 #1: stderr all=off uptime,level,tags

Environment Variables:
JAVA_HOME=C:\Program Files\Java\jdk-15.0.1
PATH=C:\Program Files (x86)\Common Files\Intel\Shared Libraries\redist\intel64\compiler;C:\Program Files\Java\jdk-15.0.1\bin;C:\Program Files\Common Files\Oracle\Java\javapath;C:\Windows\system32;C:\Windows;C:\Windows\System32\Wbem;C:\Windows\System32\WindowsPowerShell\v1.0\;C:\Windows\System32\OpenSSH\;C:\Program Files\MongoDB\Server\4.4\bin;C:\Users\Admin\AppData\Roaming\Python\Python39\Scripts;C:\Program Files\Git\cmd;C:\Users\Admin\AppData\Local\Programs\Python\Python39\Scripts\;C:\Users\Admin\AppData\Local\Programs\Python\Python39\;C:\Users\Admin\AppData\Local\Microsoft\WindowsApps;C:\Users\Admin\AppData\Local\Programs\Microsoft VS Code\bin;C:\Program Files\JetBrains\PyCharm Community Edition 2021.1.1\bin;;C:\Users\Admin\AppData\Local\GitHubDesktop\bin
USERNAME=Admin
OS=Windows_NT
PROCESSOR_IDENTIFIER=Intel64 Family 6 Model 142 Stepping 10, GenuineIntel



---------------  S Y S T E M  ---------------

OS:
 Windows 10 , 64 bit Build 19041 (10.0.19041.1023)
OS uptime: 1 days 22:17 hours

CPU: total 8 (initial active 8) (4 cores per cpu, 2 threads per core) family 6 model 142 stepping 10 microcode 0xea, cmov, cx8, fxsr, mmx, sse, sse2, sse3, ssse3, sse4.1, sse4.2, popcnt, vzeroupper, avx, avx2, aes, clmul, erms, rtm, 3dnowpref, lzcnt, ht, tsc, tscinvbit, bmi1, bmi2, adx, fma, clflush, clflushopt

Memory: 4k page, system-wide physical 16217M (8655M free)
TotalPageFile size 18649M (AvailPageFile size 7735M)
current process WorkingSet (physical memory assigned to process): 114M, peak: 148M
current process commit charge ("private bytes"): 369M, peak: 415M

vm_info: Java HotSpot(TM) 64-Bit Server VM (15.0.1+9-18) for windows-amd64 JRE (15.0.1+9-18), built on Sep 15 2020 14:43:54 by "mach5one" with unknown MS VC++:1925

END.
