#
# A fatal error has been detected by the Java Runtime Environment:
#
#  EXCEPTION_ACCESS_VIOLATION (0xc0000005) at pc=0x00007ffc17d891a9, pid=11456, tid=16904
#
# JRE version: Java(TM) SE Runtime Environment (15.0.1+9) (build 15.0.1+9-18)
# Java VM: Java HotSpot(TM) 64-Bit Server VM (15.0.1+9-18, mixed mode, sharing, tiered, compressed oops, g1 gc, windows-amd64)
# Problematic frame:
# C  [jniortools.dll+0x4891a9]
#
# No core dump will be written. Minidumps are not enabled by default on client versions of Windows
#
# If you would like to submit a bug report, please visit:
#   https://bugreport.java.com/bugreport/crash.jsp
# The crash happened outside the Java Virtual Machine in native code.
# See problematic frame for where to report the bug.
#

---------------  S U M M A R Y ------------

Command Line: MWG2.Phase1

Host: Intel(R) Core(TM) i5-8350U CPU @ 1.70GHz, 8 cores, 15G,  Windows 10 , 64 bit Build 19041 (10.0.19041.1023)
Time: Wed Jul 14 10:18:26 2021 SE Asia Standard Time elapsed time: 7.446549 seconds (0d 0h 0m 7s)

---------------  T H R E A D  ---------------

Current thread (0x0000027efa11bcf0):  JavaThread "main" [_thread_in_native, id=16904, stack(0x000000eedd300000,0x000000eedd400000)]

Stack: [0x000000eedd300000,0x000000eedd400000],  sp=0x000000eedd3ff080,  free space=1020k
Native frames: (J=compiled Java code, j=interpreted, Vv=VM code, C=native code)
C  [jniortools.dll+0x4891a9]

Java frames: (J=compiled Java code, j=interpreted, Vv=VM code)
J 2144  com.google.ortools.linearsolver.main_research_linear_solverJNI.MPVariable_solutionValue(JLcom/google/ortools/linearsolver/MPVariable;)D (0 bytes) @ 0x0000027e8fd21a85 [0x0000027e8fd21a20+0x0000000000000065]
J 2228% c2 MWG2.Phase1.main([Ljava/lang/String;)V (1092 bytes) @ 0x0000027e8fd37c20 [0x0000027e8fd379e0+0x0000000000000240]
v  ~StubRoutines::call_stub

siginfo: EXCEPTION_ACCESS_VIOLATION (0xc0000005), reading address 0x000002003f726f84


Register to memory mapping:

RIP=0x00007ffc17d891a9 jniortools.dll
RAX=0x0 is NULL
RBX=0x000002003f726f74 is an unknown value
RCX=0x000002003f726f74 is an unknown value
RDX=0x000000eedd3ff140 is pointing into the stack for thread: 0x0000027efa11bcf0
RSP=0x000000eedd3ff080 is pointing into the stack for thread: 0x0000027efa11bcf0
RBP=0x000000eedd3ff150 is pointing into the stack for thread: 0x0000027efa11bcf0
RSI=0x0 is NULL
RDI=0x000002003f726f74 is an unknown value
R8 =0x0000027e9f52c2f0 points into unknown readable memory: 0x7320646c756f6873 | 73 68 6f 75 6c 64 20 73
R9 =0x000000eedd3ff118 is pointing into the stack for thread: 0x0000027efa11bcf0
R10=0x00007ffc179e6b50 jniortools.dll
R11=3793681322 is a compressed pointer to object: com.google.ortools.linearsolver.MPVariable 
{0x0000000710f7dd50} - klass: 'com/google/ortools/linearsolver/MPVariable'
R12=0x0 is NULL
R13=0x0000000000000009 is an unknown value
R14=0x000000eedd3ff140 is pointing into the stack for thread: 0x0000027efa11bcf0
R15=0x0000027efa11bcf0 is a thread


Registers:
RAX=0x0000000000000000, RBX=0x000002003f726f74, RCX=0x000002003f726f74, RDX=0x000000eedd3ff140
RSP=0x000000eedd3ff080, RBP=0x000000eedd3ff150, RSI=0x0000000000000000, RDI=0x000002003f726f74
R8 =0x0000027e9f52c2f0, R9 =0x000000eedd3ff118, R10=0x00007ffc179e6b50, R11=0x00000000e21efbaa
R12=0x0000000000000000, R13=0x0000000000000009, R14=0x000000eedd3ff140, R15=0x0000027efa11bcf0
RIP=0x00007ffc17d891a9, EFLAGS=0x0000000000010202

Top of Stack: (sp=0x000000eedd3ff080)
0x000000eedd3ff080:   0000027ea01b2ee0 0000027ea01b2ee0
0x000000eedd3ff090:   0000000800000000 0000000000000006
0x000000eedd3ff0a0:   0000027e9f9b25c0 0000027e9f9b25c0
0x000000eedd3ff0b0:   0000027e9f52c2f0 00007ffc17d96419
0x000000eedd3ff0c0:   00000007028bfaf0 00000007028bf960
0x000000eedd3ff0d0:   00000007028bf988 0000000000000000
0x000000eedd3ff0e0:   0000000000000000 0000027e8fd21b25
0x000000eedd3ff0f0:   0000000000000000 e0517f5be0517f5e
0x000000eedd3ff100:   0000027efa11bcf0 0000000000000000
0x000000eedd3ff110:   0000000800011428 0000000710f7dd50
0x000000eedd3ff120:   0000000000000001 0000000000000001
0x000000eedd3ff130:   0000000000000000 0000000000000001
0x000000eedd3ff140:   0000000710e1aea8 000000eedd3ff140
0x000000eedd3ff150:   0000000710e00000 0000027e8fd37c20
0x000000eedd3ff160:   0000000000000000 0000000000000000
0x000000eedd3ff170:   00000007118964e8 0000000000000000 

Instructions: (pc=0x00007ffc17d891a9)
0x00007ffc17d890a9:   00 48 8d 15 97 0f 24 01 48 8d 4c 24 30 e8 85 18
0x00007ffc17d890b9:   c8 ff 90 83 ce 01 89 74 24 58 48 8b c8 e8 65 9c
0x00007ffc17d890c9:   c8 ff 48 8b c8 48 8d 15 eb 17 24 01 e8 46 48 b8
0x00007ffc17d890d9:   ff 48 8b c8 48 8d 15 7c 17 24 01 e8 37 48 b8 ff
0x00007ffc17d890e9:   90 40 f6 c6 01 75 2b 48 8d 4c 24 20 e8 66 f6 ff
0x00007ffc17d890f9:   ff 48 83 7c 24 20 00 0f 85 6b ff ff ff 48 8b 5c
0x00007ffc17d89109:   24 50 48 8b 6c 24 60 48 8b 74 24 68 48 83 c4 40
0x00007ffc17d89119:   5f c3 48 8d 4c 24 30 e8 fb 20 c8 ff cc cc cc cc
0x00007ffc17d89129:   cc cc cc cc cc cc cc 40 53 48 83 ec 30 48 8b d9
0x00007ffc17d89139:   83 79 14 01 76 53 41 b9 02 00 00 00 41 b8 b0 06
0x00007ffc17d89149:   00 00 48 8d 15 f6 0e 24 01 48 8d 4c 24 20 e8 64
0x00007ffc17d89159:   16 c8 ff 90 48 8b c8 e8 cb 9b c8 ff 48 8b c8 48
0x00007ffc17d89169:   8d 15 39 24 24 01 e8 ac 47 b8 ff 8b 53 14 48 8b
0x00007ffc17d89179:   c8 e8 b1 f2 ff ff 90 48 8d 4c 24 20 e8 06 20 c8
0x00007ffc17d89189:   ff 32 c0 48 83 c4 30 5b c3 b0 01 48 83 c4 30 5b
0x00007ffc17d89199:   c3 cc cc cc cc cc cc 40 53 48 83 ec 30 48 8b d9
0x00007ffc17d891a9:   83 79 10 02 74 63 41 b9 02 00 00 00 41 b8 a3 06
0x00007ffc17d891b9:   00 00 48 8d 15 86 0e 24 01 48 8d 4c 24 20 e8 f4
0x00007ffc17d891c9:   15 c8 ff 90 48 8b c8 e8 5b 9b c8 ff 48 8b c8 48
0x00007ffc17d891d9:   8d 15 81 23 24 01 e8 3c 47 b8 ff 48 8b c8 48 8d
0x00007ffc17d891e9:   15 4a 23 24 01 e8 2d 47 b8 ff 8b 53 10 48 8b c8
0x00007ffc17d891f9:   ff 15 29 13 21 01 90 48 8d 4c 24 20 e8 86 1f c8
0x00007ffc17d89209:   ff 32 c0 48 83 c4 30 5b c3 b0 01 48 83 c4 30 5b
0x00007ffc17d89219:   c3 cc cc cc cc cc cc 40 53 48 83 ec 20 48 8b d9
0x00007ffc17d89229:   e8 72 ff ff ff 84 c0 74 18 48 8b 03 48 8b cb ff
0x00007ffc17d89239:   90 b0 00 00 00 84 c0 74 08 b0 01 48 83 c4 20 5b
0x00007ffc17d89249:   c3 32 c0 48 83 c4 20 5b c3 cc cc cc cc cc cc cc
0x00007ffc17d89259:   cc cc cc cc cc cc cc 48 8b c4 48 89 58 18 48 89
0x00007ffc17d89269:   70 20 55 57 41 55 41 56 41 57 48 8d 68 a1 48 81
0x00007ffc17d89279:   ec 00 01 00 00 0f 29 70 c8 0f 29 78 b8 48 8b 05
0x00007ffc17d89289:   7b 43 5a 01 48 33 c4 48 89 45 07 4c 8b f2 4c 8b
0x00007ffc17d89299:   e9 48 89 54 24 20 48 8b 49 30 e8 48 1a 00 00 49 


Stack slot to memory mapping:
stack at sp + 0 slots: 0x0000027ea01b2ee0 points into unknown readable memory: 0x005c003f003f005c | 5c 00 3f 00 3f 00 5c 00
stack at sp + 1 slots: 0x0000027ea01b2ee0 points into unknown readable memory: 0x005c003f003f005c | 5c 00 3f 00 3f 00 5c 00
stack at sp + 2 slots: 0x0000000800000000 is pointing into metadata
stack at sp + 3 slots: 0x0000000000000006 is an unknown value
stack at sp + 4 slots: 0x0000027e9f9b25c0 points into unknown readable memory: 0x0000027e9efc8030 | 30 80 fc 9e 7e 02 00 00
stack at sp + 5 slots: 0x0000027e9f9b25c0 points into unknown readable memory: 0x0000027e9efc8030 | 30 80 fc 9e 7e 02 00 00
stack at sp + 6 slots: 0x0000027e9f52c2f0 points into unknown readable memory: 0x7320646c756f6873 | 73 68 6f 75 6c 64 20 73
stack at sp + 7 slots: 0x00007ffc17d96419 jniortools.dll


---------------  P R O C E S S  ---------------

Threads class SMR info:
_java_thread_list=0x0000027e9f4d94d0, length=11, elements={
0x0000027efa11bcf0, 0x0000027e9d8089a0, 0x0000027e9d809570, 0x0000027e9e122c20,
0x0000027e9e1255f0, 0x0000027e9e1260a0, 0x0000027e9e127f40, 0x0000027e9e129280,
0x0000027e9e12c520, 0x0000027e9e24f330, 0x0000027e9e25c8e0
}

Java Threads: ( => current thread )
=>0x0000027efa11bcf0 JavaThread "main" [_thread_in_native, id=16904, stack(0x000000eedd300000,0x000000eedd400000)]
  0x0000027e9d8089a0 JavaThread "Reference Handler" daemon [_thread_blocked, id=10976, stack(0x000000eedda00000,0x000000eeddb00000)]
  0x0000027e9d809570 JavaThread "Finalizer" daemon [_thread_blocked, id=12232, stack(0x000000eeddb00000,0x000000eeddc00000)]
  0x0000027e9e122c20 JavaThread "Signal Dispatcher" daemon [_thread_blocked, id=16848, stack(0x000000eeddc00000,0x000000eeddd00000)]
  0x0000027e9e1255f0 JavaThread "Attach Listener" daemon [_thread_blocked, id=14928, stack(0x000000eeddd00000,0x000000eedde00000)]
  0x0000027e9e1260a0 JavaThread "Service Thread" daemon [_thread_blocked, id=8680, stack(0x000000eedde00000,0x000000eeddf00000)]
  0x0000027e9e127f40 JavaThread "C2 CompilerThread0" daemon [_thread_blocked, id=8912, stack(0x000000eeddf00000,0x000000eede000000)]
  0x0000027e9e129280 JavaThread "C1 CompilerThread0" daemon [_thread_blocked, id=9372, stack(0x000000eede000000,0x000000eede100000)]
  0x0000027e9e12c520 JavaThread "Sweeper thread" daemon [_thread_blocked, id=11284, stack(0x000000eede100000,0x000000eede200000)]
  0x0000027e9e24f330 JavaThread "Notification Thread" daemon [_thread_blocked, id=13032, stack(0x000000eede200000,0x000000eede300000)]
  0x0000027e9e25c8e0 JavaThread "Common-Cleaner" daemon [_thread_blocked, id=11784, stack(0x000000eede400000,0x000000eede500000)]

Other Threads:
  0x0000027e9d806980 VMThread "VM Thread" [stack: 0x000000eedd900000,0x000000eedda00000] [id=9892]
  0x0000027e9e267380 WatcherThread [stack: 0x000000eede300000,0x000000eede400000] [id=4996]
  0x0000027efa16e5b0 GCTaskThread "GC Thread#0" [stack: 0x000000eedd400000,0x000000eedd500000] [id=16660]
  0x0000027e9e72d670 GCTaskThread "GC Thread#1" [stack: 0x000000eede600000,0x000000eede700000] [id=11488]
  0x0000027e9e72dcd0 GCTaskThread "GC Thread#2" [stack: 0x000000eede700000,0x000000eede800000] [id=15560]
  0x0000027e9e72d340 GCTaskThread "GC Thread#3" [stack: 0x000000eede800000,0x000000eede900000] [id=8800]
  0x0000027e9e72e330 GCTaskThread "GC Thread#4" [stack: 0x000000eede900000,0x000000eedea00000] [id=13524]
  0x0000027e9e72d9a0 GCTaskThread "GC Thread#5" [stack: 0x000000eedea00000,0x000000eedeb00000] [id=15308]
  0x0000027efa17f480 ConcurrentGCThread "G1 Main Marker" [stack: 0x000000eedd500000,0x000000eedd600000] [id=12568]
  0x0000027efa180070 ConcurrentGCThread "G1 Conc#0" [stack: 0x000000eedd600000,0x000000eedd700000] [id=12316]
  0x0000027e9d67c110 ConcurrentGCThread "G1 Refine#0" [stack: 0x000000eedd700000,0x000000eedd800000] [id=4904]
  0x0000027e9f9bbe40 ConcurrentGCThread "G1 Refine#1" [stack: 0x000000eedec00000,0x000000eeded00000] [id=15692]
  0x0000027e9fcd7f90 ConcurrentGCThread "G1 Refine#2" [stack: 0x000000eeded00000,0x000000eedee00000] [id=13656]
  0x0000027ea0391c40 ConcurrentGCThread "G1 Refine#3" [stack: 0x000000eede500000,0x000000eede600000] [id=13272]
  0x0000027e9d67cb20 ConcurrentGCThread "G1 Young RemSet Sampling" [stack: 0x000000eedd800000,0x000000eedd900000] [id=3560]

Threads with active compile tasks:

VM state: not at safepoint (normal execution)

VM Mutex/Monitor currently owned by a thread: None

Heap address: 0x0000000702800000, size: 4056 MB, Compressed Oops mode: Zero based, Oop shift amount: 3
CDS archive(s) mapped at: [0x0000000800000000-0x0000000800b50000-0x0000000800b50000), size 11862016, SharedBaseAddress: 0x0000000800000000, ArchiveRelocationMode: 0.
Compressed class space mapped at: 0x0000000800b50000-0x0000000840b50000, size: 1073741824
Narrow klass base: 0x0000000800000000, Narrow klass shift: 3, Narrow klass range: 0x100000000

GC Precious Log:
 CPUs: 8 total, 8 available
 Memory: 16217M
 Large Page Support: Disabled
 NUMA Support: Disabled
 Compressed Oops: Enabled (Zero based)
 Heap Region Size: 2M
 Heap Min Capacity: 8M
 Heap Initial Capacity: 254M
 Heap Max Capacity: 4056M
 Pre-touch: Disabled
 Parallel Workers: 8
 Concurrent Workers: 2
 Concurrent Refinement Workers: 8
 Periodic GC: Disabled

Heap:
 garbage-first heap   total 260096K, used 16807K [0x0000000702800000, 0x0000000800000000)
  region size 2048K, 3 young (6144K), 2 survivors (4096K)
 Metaspace       used 11313K, capacity 11526K, committed 11648K, reserved 1058816K
  class space    used 1222K, capacity 1289K, committed 1408K, reserved 1048576K

Heap Regions: E=young(eden), S=young(survivor), O=old, HS=humongous(starts), HC=humongous(continues), CS=collection set, F=free, OA=open archive, CA=closed archive, TAMS=top-at-mark-start (previous, next)
|   0|0x0000000702800000, 0x0000000702a00000, 0x0000000702a00000|100%| O|  |TAMS 0x0000000702800000, 0x0000000702800000| Untracked 
|   1|0x0000000702a00000, 0x0000000702c00000, 0x0000000702c00000|100%| O|  |TAMS 0x0000000702a00000, 0x0000000702a00000| Untracked 
|   2|0x0000000702c00000, 0x0000000702e00000, 0x0000000702e00000|100%| O|  |TAMS 0x0000000702c00000, 0x0000000702c00000| Untracked 
|   3|0x0000000702e00000, 0x0000000703000000, 0x0000000703000000|100%| O|  |TAMS 0x0000000702e00000, 0x0000000702e00000| Untracked 
|   4|0x0000000703000000, 0x0000000703200000, 0x0000000703200000|100%| O|  |TAMS 0x0000000703000000, 0x0000000703000000| Untracked 
|   5|0x0000000703200000, 0x0000000703400000, 0x0000000703400000|100%| O|  |TAMS 0x0000000703200000, 0x0000000703200000| Untracked 
|   6|0x0000000703400000, 0x0000000703552a00, 0x0000000703600000| 66%| O|  |TAMS 0x0000000703400000, 0x0000000703400000| Untracked 
|   7|0x0000000703600000, 0x0000000703600000, 0x0000000703800000|  0%| F|  |TAMS 0x0000000703600000, 0x0000000703600000| Untracked 
|   8|0x0000000703800000, 0x0000000703800000, 0x0000000703a00000|  0%| F|  |TAMS 0x0000000703800000, 0x0000000703800000| Untracked 
|   9|0x0000000703a00000, 0x0000000703a00000, 0x0000000703c00000|  0%| F|  |TAMS 0x0000000703a00000, 0x0000000703a00000| Untracked 
|  10|0x0000000703c00000, 0x0000000703c00000, 0x0000000703e00000|  0%| F|  |TAMS 0x0000000703c00000, 0x0000000703c00000| Untracked 
|  11|0x0000000703e00000, 0x0000000703e00000, 0x0000000704000000|  0%| F|  |TAMS 0x0000000703e00000, 0x0000000703e00000| Untracked 
|  12|0x0000000704000000, 0x0000000704000000, 0x0000000704200000|  0%| F|  |TAMS 0x0000000704000000, 0x0000000704000000| Untracked 
|  13|0x0000000704200000, 0x0000000704200000, 0x0000000704400000|  0%| F|  |TAMS 0x0000000704200000, 0x0000000704200000| Untracked 
|  14|0x0000000704400000, 0x0000000704400000, 0x0000000704600000|  0%| F|  |TAMS 0x0000000704400000, 0x0000000704400000| Untracked 
|  15|0x0000000704600000, 0x0000000704600000, 0x0000000704800000|  0%| F|  |TAMS 0x0000000704600000, 0x0000000704600000| Untracked 
|  16|0x0000000704800000, 0x0000000704800000, 0x0000000704a00000|  0%| F|  |TAMS 0x0000000704800000, 0x0000000704800000| Untracked 
|  17|0x0000000704a00000, 0x0000000704a00000, 0x0000000704c00000|  0%| F|  |TAMS 0x0000000704a00000, 0x0000000704a00000| Untracked 
|  18|0x0000000704c00000, 0x0000000704c00000, 0x0000000704e00000|  0%| F|  |TAMS 0x0000000704c00000, 0x0000000704c00000| Untracked 
|  19|0x0000000704e00000, 0x0000000704e00000, 0x0000000705000000|  0%| F|  |TAMS 0x0000000704e00000, 0x0000000704e00000| Untracked 
|  20|0x0000000705000000, 0x0000000705000000, 0x0000000705200000|  0%| F|  |TAMS 0x0000000705000000, 0x0000000705000000| Untracked 
|  21|0x0000000705200000, 0x0000000705200000, 0x0000000705400000|  0%| F|  |TAMS 0x0000000705200000, 0x0000000705200000| Untracked 
|  22|0x0000000705400000, 0x0000000705400000, 0x0000000705600000|  0%| F|  |TAMS 0x0000000705400000, 0x0000000705400000| Untracked 
|  23|0x0000000705600000, 0x0000000705600000, 0x0000000705800000|  0%| F|  |TAMS 0x0000000705600000, 0x0000000705600000| Untracked 
|  24|0x0000000705800000, 0x0000000705800000, 0x0000000705a00000|  0%| F|  |TAMS 0x0000000705800000, 0x0000000705800000| Untracked 
|  25|0x0000000705a00000, 0x0000000705a00000, 0x0000000705c00000|  0%| F|  |TAMS 0x0000000705a00000, 0x0000000705a00000| Untracked 
|  26|0x0000000705c00000, 0x0000000705c00000, 0x0000000705e00000|  0%| F|  |TAMS 0x0000000705c00000, 0x0000000705c00000| Untracked 
|  27|0x0000000705e00000, 0x0000000705e00000, 0x0000000706000000|  0%| F|  |TAMS 0x0000000705e00000, 0x0000000705e00000| Untracked 
|  28|0x0000000706000000, 0x0000000706000000, 0x0000000706200000|  0%| F|  |TAMS 0x0000000706000000, 0x0000000706000000| Untracked 
|  29|0x0000000706200000, 0x0000000706200000, 0x0000000706400000|  0%| F|  |TAMS 0x0000000706200000, 0x0000000706200000| Untracked 
|  30|0x0000000706400000, 0x0000000706400000, 0x0000000706600000|  0%| F|  |TAMS 0x0000000706400000, 0x0000000706400000| Untracked 
|  31|0x0000000706600000, 0x0000000706600000, 0x0000000706800000|  0%| F|  |TAMS 0x0000000706600000, 0x0000000706600000| Untracked 
|  32|0x0000000706800000, 0x0000000706800000, 0x0000000706a00000|  0%| F|  |TAMS 0x0000000706800000, 0x0000000706800000| Untracked 
|  33|0x0000000706a00000, 0x0000000706a00000, 0x0000000706c00000|  0%| F|  |TAMS 0x0000000706a00000, 0x0000000706a00000| Untracked 
|  34|0x0000000706c00000, 0x0000000706c00000, 0x0000000706e00000|  0%| F|  |TAMS 0x0000000706c00000, 0x0000000706c00000| Untracked 
|  35|0x0000000706e00000, 0x0000000706e00000, 0x0000000707000000|  0%| F|  |TAMS 0x0000000706e00000, 0x0000000706e00000| Untracked 
|  36|0x0000000707000000, 0x0000000707000000, 0x0000000707200000|  0%| F|  |TAMS 0x0000000707000000, 0x0000000707000000| Untracked 
|  37|0x0000000707200000, 0x0000000707200000, 0x0000000707400000|  0%| F|  |TAMS 0x0000000707200000, 0x0000000707200000| Untracked 
|  38|0x0000000707400000, 0x0000000707400000, 0x0000000707600000|  0%| F|  |TAMS 0x0000000707400000, 0x0000000707400000| Untracked 
|  39|0x0000000707600000, 0x0000000707600000, 0x0000000707800000|  0%| F|  |TAMS 0x0000000707600000, 0x0000000707600000| Untracked 
|  40|0x0000000707800000, 0x0000000707800000, 0x0000000707a00000|  0%| F|  |TAMS 0x0000000707800000, 0x0000000707800000| Untracked 
|  41|0x0000000707a00000, 0x0000000707a00000, 0x0000000707c00000|  0%| F|  |TAMS 0x0000000707a00000, 0x0000000707a00000| Untracked 
|  42|0x0000000707c00000, 0x0000000707c00000, 0x0000000707e00000|  0%| F|  |TAMS 0x0000000707c00000, 0x0000000707c00000| Untracked 
|  43|0x0000000707e00000, 0x0000000707e00000, 0x0000000708000000|  0%| F|  |TAMS 0x0000000707e00000, 0x0000000707e00000| Untracked 
|  44|0x0000000708000000, 0x0000000708000000, 0x0000000708200000|  0%| F|  |TAMS 0x0000000708000000, 0x0000000708000000| Untracked 
|  45|0x0000000708200000, 0x0000000708200000, 0x0000000708400000|  0%| F|  |TAMS 0x0000000708200000, 0x0000000708200000| Untracked 
|  46|0x0000000708400000, 0x0000000708400000, 0x0000000708600000|  0%| F|  |TAMS 0x0000000708400000, 0x0000000708400000| Untracked 
|  47|0x0000000708600000, 0x0000000708600000, 0x0000000708800000|  0%| F|  |TAMS 0x0000000708600000, 0x0000000708600000| Untracked 
|  48|0x0000000708800000, 0x0000000708800000, 0x0000000708a00000|  0%| F|  |TAMS 0x0000000708800000, 0x0000000708800000| Untracked 
|  49|0x0000000708a00000, 0x0000000708a00000, 0x0000000708c00000|  0%| F|  |TAMS 0x0000000708a00000, 0x0000000708a00000| Untracked 
|  50|0x0000000708c00000, 0x0000000708c00000, 0x0000000708e00000|  0%| F|  |TAMS 0x0000000708c00000, 0x0000000708c00000| Untracked 
|  51|0x0000000708e00000, 0x0000000708e00000, 0x0000000709000000|  0%| F|  |TAMS 0x0000000708e00000, 0x0000000708e00000| Untracked 
|  52|0x0000000709000000, 0x0000000709000000, 0x0000000709200000|  0%| F|  |TAMS 0x0000000709000000, 0x0000000709000000| Untracked 
|  53|0x0000000709200000, 0x0000000709200000, 0x0000000709400000|  0%| F|  |TAMS 0x0000000709200000, 0x0000000709200000| Untracked 
|  54|0x0000000709400000, 0x0000000709400000, 0x0000000709600000|  0%| F|  |TAMS 0x0000000709400000, 0x0000000709400000| Untracked 
|  55|0x0000000709600000, 0x0000000709600000, 0x0000000709800000|  0%| F|  |TAMS 0x0000000709600000, 0x0000000709600000| Untracked 
|  56|0x0000000709800000, 0x0000000709800000, 0x0000000709a00000|  0%| F|  |TAMS 0x0000000709800000, 0x0000000709800000| Untracked 
|  57|0x0000000709a00000, 0x0000000709a00000, 0x0000000709c00000|  0%| F|  |TAMS 0x0000000709a00000, 0x0000000709a00000| Untracked 
|  58|0x0000000709c00000, 0x0000000709c00000, 0x0000000709e00000|  0%| F|  |TAMS 0x0000000709c00000, 0x0000000709c00000| Untracked 
|  59|0x0000000709e00000, 0x0000000709e00000, 0x000000070a000000|  0%| F|  |TAMS 0x0000000709e00000, 0x0000000709e00000| Untracked 
|  60|0x000000070a000000, 0x000000070a000000, 0x000000070a200000|  0%| F|  |TAMS 0x000000070a000000, 0x000000070a000000| Untracked 
|  61|0x000000070a200000, 0x000000070a200000, 0x000000070a400000|  0%| F|  |TAMS 0x000000070a200000, 0x000000070a200000| Untracked 
|  62|0x000000070a400000, 0x000000070a400000, 0x000000070a600000|  0%| F|  |TAMS 0x000000070a400000, 0x000000070a400000| Untracked 
|  63|0x000000070a600000, 0x000000070a600000, 0x000000070a800000|  0%| F|  |TAMS 0x000000070a600000, 0x000000070a600000| Untracked 
|  64|0x000000070a800000, 0x000000070a800000, 0x000000070aa00000|  0%| F|  |TAMS 0x000000070a800000, 0x000000070a800000| Untracked 
|  65|0x000000070aa00000, 0x000000070aa00000, 0x000000070ac00000|  0%| F|  |TAMS 0x000000070aa00000, 0x000000070aa00000| Untracked 
|  66|0x000000070ac00000, 0x000000070ac00000, 0x000000070ae00000|  0%| F|  |TAMS 0x000000070ac00000, 0x000000070ac00000| Untracked 
|  67|0x000000070ae00000, 0x000000070ae00000, 0x000000070b000000|  0%| F|  |TAMS 0x000000070ae00000, 0x000000070ae00000| Untracked 
|  68|0x000000070b000000, 0x000000070b000000, 0x000000070b200000|  0%| F|  |TAMS 0x000000070b000000, 0x000000070b000000| Untracked 
|  69|0x000000070b200000, 0x000000070b200000, 0x000000070b400000|  0%| F|  |TAMS 0x000000070b200000, 0x000000070b200000| Untracked 
|  70|0x000000070b400000, 0x000000070b400000, 0x000000070b600000|  0%| F|  |TAMS 0x000000070b400000, 0x000000070b400000| Untracked 
|  71|0x000000070b600000, 0x000000070b600000, 0x000000070b800000|  0%| F|  |TAMS 0x000000070b600000, 0x000000070b600000| Untracked 
|  72|0x000000070b800000, 0x000000070b800000, 0x000000070ba00000|  0%| F|  |TAMS 0x000000070b800000, 0x000000070b800000| Untracked 
|  73|0x000000070ba00000, 0x000000070ba00000, 0x000000070bc00000|  0%| F|  |TAMS 0x000000070ba00000, 0x000000070ba00000| Untracked 
|  74|0x000000070bc00000, 0x000000070bc00000, 0x000000070be00000|  0%| F|  |TAMS 0x000000070bc00000, 0x000000070bc00000| Untracked 
|  75|0x000000070be00000, 0x000000070be00000, 0x000000070c000000|  0%| F|  |TAMS 0x000000070be00000, 0x000000070be00000| Untracked 
|  76|0x000000070c000000, 0x000000070c000000, 0x000000070c200000|  0%| F|  |TAMS 0x000000070c000000, 0x000000070c000000| Untracked 
|  77|0x000000070c200000, 0x000000070c200000, 0x000000070c400000|  0%| F|  |TAMS 0x000000070c200000, 0x000000070c200000| Untracked 
|  78|0x000000070c400000, 0x000000070c400000, 0x000000070c600000|  0%| F|  |TAMS 0x000000070c400000, 0x000000070c400000| Untracked 
|  79|0x000000070c600000, 0x000000070c600000, 0x000000070c800000|  0%| F|  |TAMS 0x000000070c600000, 0x000000070c600000| Untracked 
|  80|0x000000070c800000, 0x000000070c800000, 0x000000070ca00000|  0%| F|  |TAMS 0x000000070c800000, 0x000000070c800000| Untracked 
|  81|0x000000070ca00000, 0x000000070ca00000, 0x000000070cc00000|  0%| F|  |TAMS 0x000000070ca00000, 0x000000070ca00000| Untracked 
|  82|0x000000070cc00000, 0x000000070cc00000, 0x000000070ce00000|  0%| F|  |TAMS 0x000000070cc00000, 0x000000070cc00000| Untracked 
|  83|0x000000070ce00000, 0x000000070ce00000, 0x000000070d000000|  0%| F|  |TAMS 0x000000070ce00000, 0x000000070ce00000| Untracked 
|  84|0x000000070d000000, 0x000000070d000000, 0x000000070d200000|  0%| F|  |TAMS 0x000000070d000000, 0x000000070d000000| Untracked 
|  85|0x000000070d200000, 0x000000070d200000, 0x000000070d400000|  0%| F|  |TAMS 0x000000070d200000, 0x000000070d200000| Untracked 
|  86|0x000000070d400000, 0x000000070d400000, 0x000000070d600000|  0%| F|  |TAMS 0x000000070d400000, 0x000000070d400000| Untracked 
|  87|0x000000070d600000, 0x000000070d600000, 0x000000070d800000|  0%| F|  |TAMS 0x000000070d600000, 0x000000070d600000| Untracked 
|  88|0x000000070d800000, 0x000000070d800000, 0x000000070da00000|  0%| F|  |TAMS 0x000000070d800000, 0x000000070d800000| Untracked 
|  89|0x000000070da00000, 0x000000070da00000, 0x000000070dc00000|  0%| F|  |TAMS 0x000000070da00000, 0x000000070da00000| Untracked 
|  90|0x000000070dc00000, 0x000000070dc00000, 0x000000070de00000|  0%| F|  |TAMS 0x000000070dc00000, 0x000000070dc00000| Untracked 
|  91|0x000000070de00000, 0x000000070de00000, 0x000000070e000000|  0%| F|  |TAMS 0x000000070de00000, 0x000000070de00000| Untracked 
|  92|0x000000070e000000, 0x000000070e000000, 0x000000070e200000|  0%| F|  |TAMS 0x000000070e000000, 0x000000070e000000| Untracked 
|  93|0x000000070e200000, 0x000000070e200000, 0x000000070e400000|  0%| F|  |TAMS 0x000000070e200000, 0x000000070e200000| Untracked 
|  94|0x000000070e400000, 0x000000070e400000, 0x000000070e600000|  0%| F|  |TAMS 0x000000070e400000, 0x000000070e400000| Untracked 
|  95|0x000000070e600000, 0x000000070e600000, 0x000000070e800000|  0%| F|  |TAMS 0x000000070e600000, 0x000000070e600000| Untracked 
|  96|0x000000070e800000, 0x000000070e800000, 0x000000070ea00000|  0%| F|  |TAMS 0x000000070e800000, 0x000000070e800000| Untracked 
|  97|0x000000070ea00000, 0x000000070ea00000, 0x000000070ec00000|  0%| F|  |TAMS 0x000000070ea00000, 0x000000070ea00000| Untracked 
|  98|0x000000070ec00000, 0x000000070ec00000, 0x000000070ee00000|  0%| F|  |TAMS 0x000000070ec00000, 0x000000070ec00000| Untracked 
|  99|0x000000070ee00000, 0x000000070ee00000, 0x000000070f000000|  0%| F|  |TAMS 0x000000070ee00000, 0x000000070ee00000| Untracked 
| 100|0x000000070f000000, 0x000000070f000000, 0x000000070f200000|  0%| F|  |TAMS 0x000000070f000000, 0x000000070f000000| Untracked 
| 101|0x000000070f200000, 0x000000070f200000, 0x000000070f400000|  0%| F|  |TAMS 0x000000070f200000, 0x000000070f200000| Untracked 
| 102|0x000000070f400000, 0x000000070f400000, 0x000000070f600000|  0%| F|  |TAMS 0x000000070f400000, 0x000000070f400000| Untracked 
| 103|0x000000070f600000, 0x000000070f600000, 0x000000070f800000|  0%| F|  |TAMS 0x000000070f600000, 0x000000070f600000| Untracked 
| 104|0x000000070f800000, 0x000000070f800000, 0x000000070fa00000|  0%| F|  |TAMS 0x000000070f800000, 0x000000070f800000| Untracked 
| 105|0x000000070fa00000, 0x000000070fa00000, 0x000000070fc00000|  0%| F|  |TAMS 0x000000070fa00000, 0x000000070fa00000| Untracked 
| 106|0x000000070fc00000, 0x000000070fc00000, 0x000000070fe00000|  0%| F|  |TAMS 0x000000070fc00000, 0x000000070fc00000| Untracked 
| 107|0x000000070fe00000, 0x000000070fe00000, 0x0000000710000000|  0%| F|  |TAMS 0x000000070fe00000, 0x000000070fe00000| Untracked 
| 108|0x0000000710000000, 0x0000000710000000, 0x0000000710200000|  0%| F|  |TAMS 0x0000000710000000, 0x0000000710000000| Untracked 
| 109|0x0000000710200000, 0x0000000710200000, 0x0000000710400000|  0%| F|  |TAMS 0x0000000710200000, 0x0000000710200000| Untracked 
| 110|0x0000000710400000, 0x0000000710400000, 0x0000000710600000|  0%| F|  |TAMS 0x0000000710400000, 0x0000000710400000| Untracked 
| 111|0x0000000710600000, 0x0000000710600000, 0x0000000710800000|  0%| F|  |TAMS 0x0000000710600000, 0x0000000710600000| Untracked 
| 112|0x0000000710800000, 0x0000000710800000, 0x0000000710a00000|  0%| F|  |TAMS 0x0000000710800000, 0x0000000710800000| Untracked 
| 113|0x0000000710a00000, 0x0000000710a00000, 0x0000000710c00000|  0%| F|  |TAMS 0x0000000710a00000, 0x0000000710a00000| Untracked 
| 114|0x0000000710c00000, 0x0000000710d17258, 0x0000000710e00000| 54%| S|CS|TAMS 0x0000000710c00000, 0x0000000710c00000| Complete 
| 115|0x0000000710e00000, 0x0000000711000000, 0x0000000711000000|100%| S|CS|TAMS 0x0000000710e00000, 0x0000000710e00000| Complete 
| 116|0x0000000711000000, 0x0000000711000000, 0x0000000711200000|  0%| F|  |TAMS 0x0000000711000000, 0x0000000711000000| Untracked 
| 117|0x0000000711200000, 0x0000000711200000, 0x0000000711400000|  0%| F|  |TAMS 0x0000000711200000, 0x0000000711200000| Untracked 
| 118|0x0000000711400000, 0x0000000711400000, 0x0000000711600000|  0%| F|  |TAMS 0x0000000711400000, 0x0000000711400000| Untracked 
| 119|0x0000000711600000, 0x0000000711600000, 0x0000000711800000|  0%| F|  |TAMS 0x0000000711600000, 0x0000000711600000| Untracked 
| 120|0x0000000711800000, 0x0000000711800000, 0x0000000711a00000|  0%| F|  |TAMS 0x0000000711800000, 0x0000000711800000| Untracked 
| 121|0x0000000711a00000, 0x0000000711a00000, 0x0000000711c00000|  0%| F|  |TAMS 0x0000000711a00000, 0x0000000711a00000| Untracked 
| 122|0x0000000711c00000, 0x0000000711c00000, 0x0000000711e00000|  0%| F|  |TAMS 0x0000000711c00000, 0x0000000711c00000| Untracked 
| 123|0x0000000711e00000, 0x0000000711e00000, 0x0000000712000000|  0%| F|  |TAMS 0x0000000711e00000, 0x0000000711e00000| Untracked 
| 124|0x0000000712000000, 0x0000000712000000, 0x0000000712200000|  0%| F|  |TAMS 0x0000000712000000, 0x0000000712000000| Untracked 
| 125|0x0000000712200000, 0x0000000712200000, 0x0000000712400000|  0%| F|  |TAMS 0x0000000712200000, 0x0000000712200000| Untracked 
| 126|0x0000000712400000, 0x0000000712600000, 0x0000000712600000|100%| E|  |TAMS 0x0000000712400000, 0x0000000712400000| Complete 

Card table byte_map: [0x0000027efad10000,0x0000027efb500000] _byte_map_base: 0x0000027ef74fc000

Marking Bits (Prev, Next): (CMBitMap*) 0x0000027efa16eda0, (CMBitMap*) 0x0000027efa16ede0
 Prev Bits: [0x0000027efbcf0000, 0x0000027effc50000)
 Next Bits: [0x0000027e97160000, 0x0000027e9b0c0000)

Polling page: 0x0000027ef8070000

Metaspace:

Usage:
  Non-class:     10.00 MB capacity,     9.85 MB ( 99%) used,   132.34 KB (  1%) free+waste,    14.12 KB ( <1%) overhead. 
      Class:      1.26 MB capacity,     1.19 MB ( 95%) used,    60.53 KB (  5%) free+waste,     5.62 KB ( <1%) overhead. 
       Both:     11.26 MB capacity,    11.05 MB ( 98%) used,   192.87 KB (  2%) free+waste,    19.75 KB ( <1%) overhead. 

Virtual space:
  Non-class space:       10.00 MB reserved,      10.00 MB (100%) committed 
      Class space:        1.00 GB reserved,       1.38 MB ( <1%) committed 
             Both:        1.01 GB reserved,      11.38 MB (  1%) committed 

Chunk freelists:
   Non-Class:  3.00 KB
       Class:  0 bytes
        Both:  3.00 KB

MaxMetaspaceSize: 17179869184.00 GB
CompressedClassSpaceSize: 1.00 GB

CodeHeap 'non-profiled nmethods': size=120000Kb used=1071Kb max_used=1071Kb free=118928Kb
 bounds [0x0000027e8fc30000, 0x0000027e8fea0000, 0x0000027e97160000]
CodeHeap 'profiled nmethods': size=120000Kb used=4179Kb max_used=4179Kb free=115820Kb
 bounds [0x0000027e88700000, 0x0000027e88b20000, 0x0000027e8fc30000]
CodeHeap 'non-nmethods': size=5760Kb used=1222Kb max_used=1272Kb free=4537Kb
 bounds [0x0000027e88160000, 0x0000027e883d0000, 0x0000027e88700000]
 total_blobs=2693 nmethods=2206 adapters=399
 compilation: enabled
              stopped_count=0, restarted_count=0
 full_count=0

Compilation events (20 events):
Event: 2.648 Thread 0x0000027e9f3fbda0 2220       4       java.lang.invoke.DirectMethodHandle$Holder::invokeStatic (17 bytes)
Event: 2.649 Thread 0x0000027e9f3fbda0 nmethod 2220 0x0000027e8fd34c90 code [0x0000027e8fd34e20, 0x0000027e8fd34ee8]
Event: 2.649 Thread 0x0000027e9f3fbda0 2221       4       java.lang.StringConcatHelper::mix (11 bytes)
Event: 2.649 Thread 0x0000027ea0193b00 nmethod 2219 0x0000027e8fd35010 code [0x0000027e8fd351a0, 0x0000027e8fd35298]
Event: 2.649 Thread 0x0000027ea0193b00 2223       4       java.lang.invoke.LambdaForm$MH/0x0000000800c90840::invoke (32 bytes)
Event: 2.651 Thread 0x0000027ea0193b00 nmethod 2223 0x0000027e8fd35410 code [0x0000027e8fd355a0, 0x0000027e8fd356b8]
Event: 2.651 Thread 0x0000027ea0193b00 2224       4       java.lang.invoke.DirectMethodHandle$Holder::invokeStatic (21 bytes)
Event: 2.651 Thread 0x0000027e9e127f40 nmethod 2218 0x0000027e8fd35810 code [0x0000027e8fd35a20, 0x0000027e8fd35e30]
Event: 2.652 Thread 0x0000027e9f3fbda0 nmethod 2221 0x0000027e8fd36590 code [0x0000027e8fd36700, 0x0000027e8fd36838]
Event: 2.652 Thread 0x0000027ea0193b00 nmethod 2224 0x0000027e8fd36910 code [0x0000027e8fd36aa0, 0x0000027e8fd36b68]
Event: 2.690 Thread 0x0000027e9f3fbda0 2225       4       java.lang.StringConcatHelper::prepend (22 bytes)
Event: 2.703 Thread 0x0000027e9f3fbda0 nmethod 2225 0x0000027e8fd36c90 code [0x0000027e8fd36e20, 0x0000027e8fd373b8]
Event: 3.802 Thread 0x0000027e9e129280 2226 % !   3       MWG2.Phase1::main @ 1009 (1092 bytes)
Event: 3.816 Thread 0x0000027e9e129280 nmethod 2226% 0x0000027e88af2410 code [0x0000027e88af32e0, 0x0000027e88afd438]
Event: 3.834 Thread 0x0000027e9e129280 2227   !   3       MWG2.Phase1::main (1092 bytes)
Event: 3.847 Thread 0x0000027e9e129280 nmethod 2227 0x0000027e88b03890 code [0x0000027e88b04780, 0x0000027e88b0ea08]
Event: 4.956 Thread 0x0000027e9e127f40 2228 % !   4       MWG2.Phase1::main @ 1009 (1092 bytes)
Event: 5.005 Thread 0x0000027e9e127f40 nmethod 2228% 0x0000027e8fd37790 code [0x0000027e8fd379e0, 0x0000027e8fd38b90]
Event: 5.225 Thread 0x0000027e9e127f40 2229 % !   4       MWG2.Phase1::main @ 999 (1092 bytes)
Event: 5.285 Thread 0x0000027e9e127f40 nmethod 2229% 0x0000027e8fd39990 code [0x0000027e8fd39be0, 0x0000027e8fd3aff0]

GC Heap History (6 events):
Event: 0.732 GC heap before
{Heap before GC invocations=0 (full 0):
 garbage-first heap   total 260096K, used 20480K [0x0000000702800000, 0x0000000800000000)
  region size 2048K, 11 young (22528K), 0 survivors (0K)
 Metaspace       used 4515K, capacity 6244K, committed 6528K, reserved 1056768K
  class space    used 447K, capacity 603K, committed 640K, reserved 1048576K
}
Event: 0.740 GC heap after
{Heap after GC invocations=1 (full 0):
 garbage-first heap   total 260096K, used 7354K [0x0000000702800000, 0x0000000800000000)
  region size 2048K, 2 young (4096K), 2 survivors (4096K)
 Metaspace       used 4515K, capacity 6244K, committed 6528K, reserved 1056768K
  class space    used 447K, capacity 603K, committed 640K, reserved 1048576K
}
Event: 1.466 GC heap before
{Heap before GC invocations=1 (full 0):
 garbage-first heap   total 260096K, used 29882K [0x0000000702800000, 0x0000000800000000)
  region size 2048K, 13 young (26624K), 2 survivors (4096K)
 Metaspace       used 9012K, capacity 10021K, committed 10112K, reserved 1058816K
  class space    used 975K, capacity 1091K, committed 1152K, reserved 1048576K
}
Event: 1.475 GC heap after
{Heap after GC invocations=2 (full 0):
 garbage-first heap   total 260096K, used 13415K [0x0000000702800000, 0x0000000800000000)
  region size 2048K, 2 young (4096K), 2 survivors (4096K)
 Metaspace       used 9012K, capacity 10021K, committed 10112K, reserved 1058816K
  class space    used 975K, capacity 1091K, committed 1152K, reserved 1048576K
}
Event: 7.413 GC heap before
{Heap before GC invocations=2 (full 0):
 garbage-first heap   total 260096K, used 35943K [0x0000000702800000, 0x0000000800000000)
  region size 2048K, 13 young (26624K), 2 survivors (4096K)
 Metaspace       used 11312K, capacity 11526K, committed 11648K, reserved 1058816K
  class space    used 1222K, capacity 1289K, committed 1408K, reserved 1048576K
}
Event: 7.422 GC heap after
{Heap after GC invocations=3 (full 0):
 garbage-first heap   total 260096K, used 16807K [0x0000000702800000, 0x0000000800000000)
  region size 2048K, 2 young (4096K), 2 survivors (4096K)
 Metaspace       used 11312K, capacity 11526K, committed 11648K, reserved 1058816K
  class space    used 1222K, capacity 1289K, committed 1408K, reserved 1048576K
}

Deoptimization events (20 events):
Event: 2.359 Thread 0x0000027efa11bcf0 Uncommon trap: trap_request=0xffffffde fr.pc=0x0000027e8fd206cc relative=0x000000000000012c
Event: 2.359 Thread 0x0000027efa11bcf0 Uncommon trap: reason=class_check action=maybe_recompile pc=0x0000027e8fd206cc method=jdk.internal.misc.Unsafe.allocateUninitializedArray(Ljava/lang/Class;I)Ljava/lang/Object; @ 51 c2
Event: 2.359 Thread 0x0000027efa11bcf0 DEOPT PACKING pc=0x0000027e8fd206cc sp=0x000000eedd3fee70
Event: 2.359 Thread 0x0000027efa11bcf0 DEOPT UNPACKING pc=0x0000027e881ae42f sp=0x000000eedd3fedf8 mode 2
Event: 2.359 Thread 0x0000027efa11bcf0 Uncommon trap: trap_request=0xffffffde fr.pc=0x0000027e8fd206cc relative=0x000000000000012c
Event: 2.359 Thread 0x0000027efa11bcf0 Uncommon trap: reason=class_check action=maybe_recompile pc=0x0000027e8fd206cc method=jdk.internal.misc.Unsafe.allocateUninitializedArray(Ljava/lang/Class;I)Ljava/lang/Object; @ 51 c2
Event: 2.359 Thread 0x0000027efa11bcf0 DEOPT PACKING pc=0x0000027e8fd206cc sp=0x000000eedd3fee70
Event: 2.359 Thread 0x0000027efa11bcf0 DEOPT UNPACKING pc=0x0000027e881ae42f sp=0x000000eedd3fedf8 mode 2
Event: 4.041 Thread 0x0000027efa11bcf0 DEOPT PACKING pc=0x0000027e88afcd5c sp=0x000000eedd3fef10
Event: 4.041 Thread 0x0000027efa11bcf0 DEOPT UNPACKING pc=0x0000027e881ae23f sp=0x000000eedd3fe5b8 mode 0
Event: 4.272 Thread 0x0000027efa11bcf0 DEOPT PACKING pc=0x0000027e88afcd5c sp=0x000000eedd3fef10
Event: 4.272 Thread 0x0000027efa11bcf0 DEOPT UNPACKING pc=0x0000027e881ae23f sp=0x000000eedd3fe5b8 mode 0
Event: 4.500 Thread 0x0000027efa11bcf0 DEOPT PACKING pc=0x0000027e88afcd5c sp=0x000000eedd3fef10
Event: 4.500 Thread 0x0000027efa11bcf0 DEOPT UNPACKING pc=0x0000027e881ae23f sp=0x000000eedd3fe5b8 mode 0
Event: 4.730 Thread 0x0000027efa11bcf0 DEOPT PACKING pc=0x0000027e88afcd5c sp=0x000000eedd3fef10
Event: 4.730 Thread 0x0000027efa11bcf0 DEOPT UNPACKING pc=0x0000027e881ae23f sp=0x000000eedd3fe5b8 mode 0
Event: 4.956 Thread 0x0000027efa11bcf0 DEOPT PACKING pc=0x0000027e88afcd5c sp=0x000000eedd3fef10
Event: 4.956 Thread 0x0000027efa11bcf0 DEOPT UNPACKING pc=0x0000027e881ae23f sp=0x000000eedd3fe5b8 mode 0
Event: 5.193 Thread 0x0000027efa11bcf0 DEOPT PACKING pc=0x0000027e88afcd5c sp=0x000000eedd3fef10
Event: 5.193 Thread 0x0000027efa11bcf0 DEOPT UNPACKING pc=0x0000027e881ae23f sp=0x000000eedd3fe5b8 mode 0

Classes unloaded (0 events):
No events

Classes redefined (0 events):
No events

Internal exceptions (20 events):
Event: 0.526 Thread 0x0000027efa11bcf0 Exception <a 'java/lang/NoSuchMethodError'{0x00000007115c7d58}: 'int java.lang.invoke.DirectMethodHandle$Holder.invokeStaticInit(java.lang.Object, java.lang.Object, java.lang.Object)'> (0x00000007115c7d58) 
thrown [./open/src/hotspot/share/interpreter/linkResolver.cpp, line 782]
Event: 0.556 Thread 0x0000027efa11bcf0 Exception <a 'java/lang/NoSuchMethodError'{0x0000000711297c98}: 'java.lang.Object java.lang.invoke.DirectMethodHandle$Holder.invokeStatic(java.lang.Object)'> (0x0000000711297c98) 
thrown [./open/src/hotspot/share/interpreter/linkResolver.cpp, line 782]
Event: 0.560 Thread 0x0000027efa11bcf0 Exception <a 'java/lang/NoSuchMethodError'{0x00000007112abbf0}: 'void java.lang.invoke.DirectMethodHandle$Holder.invokeVirtual(java.lang.Object, java.lang.Object, java.lang.Object, java.lang.Object)'> (0x00000007112abbf0) 
thrown [./open/src/hotspot/share/interpreter/linkResolver.cpp, line 782]
Event: 0.588 Thread 0x0000027efa11bcf0 Exception <a 'java/lang/NoSuchMethodError'{0x00000007112f79d0}: 'void java.lang.invoke.DirectMethodHandle$Holder.invokeStatic(java.lang.Object, java.lang.Object, java.lang.Object, int)'> (0x00000007112f79d0) 
thrown [./open/src/hotspot/share/interpreter/linkResolver.cpp, line 782]
Event: 0.588 Thread 0x0000027efa11bcf0 Exception <a 'java/lang/NoSuchMethodError'{0x00000007112fb070}: 'void java.lang.invoke.DirectMethodHandle$Holder.invokeStaticInit(java.lang.Object, java.lang.Object, java.lang.Object, int)'> (0x00000007112fb070) 
thrown [./open/src/hotspot/share/interpreter/linkResolver.cpp, line 782]
Event: 0.633 Thread 0x0000027efa11bcf0 Exception <a 'java/lang/NoSuchMethodError'{0x000000071139f040}: 'void java.lang.invoke.DirectMethodHandle$Holder.invokeInterface(java.lang.Object, java.lang.Object, java.lang.Object)'> (0x000000071139f040) 
thrown [./open/src/hotspot/share/interpreter/linkResolver.cpp, line 782]
Event: 0.861 Thread 0x0000027efa11bcf0 Implicit null exception at 0x0000027e8fc75460 to 0x0000027e8fc754f6
Event: 0.899 Thread 0x0000027efa11bcf0 Exception <a 'java/lang/NoSuchMethodError'{0x000000071212eab8}: 'java.lang.Object java.lang.invoke.DirectMethodHandle$Holder.invokeStaticInit(java.lang.Object)'> (0x000000071212eab8) 
thrown [./open/src/hotspot/share/interpreter/linkResolver.cpp, line 782]
Event: 0.901 Thread 0x0000027efa11bcf0 Exception <a 'java/lang/NoSuchMethodError'{0x0000000712134e08}: 'java.lang.Object java.lang.invoke.DirectMethodHandle$Holder.invokeInterface(java.lang.Object, java.lang.Object)'> (0x0000000712134e08) 
thrown [./open/src/hotspot/share/interpreter/linkResolver.cpp, line 782]
Event: 0.958 Thread 0x0000027efa11bcf0 Exception <a 'java/lang/NoSuchMethodError'{0x0000000711ee2f20}: 'void java.lang.invoke.DirectMethodHandle$Holder.invokeSpecial(java.lang.Object, java.lang.Object, java.lang.Object, java.lang.Object, java.lang.Object)'> (0x0000000711ee2f20) 
thrown [./open/src/hotspot/share/interpreter/linkResolver.cpp, line 782]
Event: 0.962 Thread 0x0000027efa11bcf0 Exception <a 'java/lang/NoSuchMethodError'{0x0000000711f08548}: 'void java.lang.invoke.DirectMethodHandle$Holder.invokeVirtual(java.lang.Object, java.lang.Object)'> (0x0000000711f08548) 
thrown [./open/src/hotspot/share/interpreter/linkResolver.cpp, line 782]
Event: 1.765 Thread 0x0000027efa11bcf0 Exception <a 'java/lang/NoSuchMethodError'{0x0000000711b11858}: 'void java.lang.invoke.DirectMethodHandle$Holder.invokeStatic(java.lang.Object, java.lang.Object)'> (0x0000000711b11858) 
thrown [./open/src/hotspot/share/interpreter/linkResolver.cpp, line 782]
Event: 1.765 Thread 0x0000027efa11bcf0 Exception <a 'java/lang/NoSuchMethodError'{0x0000000711b15038}: 'void java.lang.invoke.DirectMethodHandle$Holder.invokeStaticInit(java.lang.Object, java.lang.Object)'> (0x0000000711b15038) 
thrown [./open/src/hotspot/share/interpreter/linkResolver.cpp, line 782]
Event: 1.776 Thread 0x0000027efa11bcf0 Exception <a 'java/lang/NoSuchMethodError'{0x0000000711b42150}: 'java.lang.Object java.lang.invoke.DirectMethodHandle$Holder.invokeStaticInit(java.lang.Object, int, int, int, int)'> (0x0000000711b42150) 
thrown [./open/src/hotspot/share/interpreter/linkResolver.cpp, line 782]
Event: 1.879 Thread 0x0000027efa11bcf0 Exception <a 'java/lang/NoSuchMethodError'{0x000000071180a590}: 'java.lang.Object java.lang.invoke.DirectMethodHandle$Holder.invokeStaticInit(java.lang.Object, java.lang.Object, int, int, int, int)'> (0x000000071180a590) 
thrown [./open/src/hotspot/share/interpreter/linkResolver.cpp, line 782]
Event: 1.887 Thread 0x0000027efa11bcf0 Exception <a 'java/lang/NoSuchMethodError'{0x0000000711814780}: 'void java.lang.invoke.DirectMethodHandle$Holder.invokeStatic(java.lang.Object, java.lang.Object, java.lang.Object)'> (0x0000000711814780) 
thrown [./open/src/hotspot/share/interpreter/linkResolver.cpp, line 782]
Event: 1.929 Thread 0x0000027efa11bcf0 Exception <a 'sun/nio/fs/WindowsException'{0x000000071185bd68}> (0x000000071185bd68) 
thrown [./open/src/hotspot/share/prims/jni.cpp, line 578]
Event: 1.929 Thread 0x0000027efa11bcf0 Exception <a 'sun/nio/fs/WindowsException'{0x000000071185c078}> (0x000000071185c078) 
thrown [./open/src/hotspot/share/prims/jni.cpp, line 578]
Event: 1.930 Thread 0x0000027efa11bcf0 Exception <a 'sun/nio/fs/WindowsException'{0x000000071185d1a0}> (0x000000071185d1a0) 
thrown [./open/src/hotspot/share/prims/jni.cpp, line 578]
Event: 1.930 Thread 0x0000027efa11bcf0 Exception <a 'sun/nio/fs/WindowsException'{0x000000071185d500}> (0x000000071185d500) 
thrown [./open/src/hotspot/share/prims/jni.cpp, line 578]

Events (20 events):
Event: 1.929 loading class java/nio/file/FileVisitResult done
Event: 1.931 loading class java/nio/channels/Channels
Event: 1.931 loading class java/nio/channels/Channels done
Event: 1.931 loading class java/nio/channels/Channels$1
Event: 1.931 loading class java/nio/channels/Channels$1 done
Event: 1.931 loading class java/nio/channels/SelectableChannel
Event: 1.931 loading class java/nio/channels/SelectableChannel done
Event: 2.133 Thread 0x0000027e9efb6fc0 Thread exited: 0x0000027e9efb6fc0
Event: 2.167 loading class jdk/internal/access/foreign/MemorySegmentProxy
Event: 2.167 loading class jdk/internal/access/foreign/MemorySegmentProxy done
Event: 2.248 Executing VM operation: ICBufferFull
Event: 2.248 Executing VM operation: ICBufferFull done
Event: 2.319 Loaded shared library C:\Users\Admin\AppData\Local\Temp\ortools-java15882854552584008990\win32-x86-64\jniortools.dll
Event: 2.350 Thread 0x0000027efa11cea0 Thread exited: 0x0000027efa11cea0
Event: 2.581 Thread 0x0000027e9f3fbda0 Thread added: 0x0000027e9f3fbda0
Event: 2.647 Thread 0x0000027ea0193b00 Thread added: 0x0000027ea0193b00
Event: 3.802 Thread 0x0000027ea0193b00 Thread exited: 0x0000027ea0193b00
Event: 3.802 Thread 0x0000027e9f3fbda0 Thread exited: 0x0000027e9f3fbda0
Event: 7.413 Executing VM operation: G1CollectForAllocation
Event: 7.422 Executing VM operation: G1CollectForAllocation done


Dynamic libraries:
0x00007ff6112f0000 - 0x00007ff6112ff000 	C:\Program Files\Java\jdk-15.0.1\bin\java.exe
0x00007ffc852b0000 - 0x00007ffc854a5000 	C:\Windows\SYSTEM32\ntdll.dll
0x00007ffc851b0000 - 0x00007ffc8526d000 	C:\Windows\System32\KERNEL32.DLL
0x00007ffc82d40000 - 0x00007ffc83009000 	C:\Windows\System32\KERNELBASE.dll
0x00007ffc831c0000 - 0x00007ffc832c0000 	C:\Windows\System32\ucrtbase.dll
0x00007ffc7c7d0000 - 0x00007ffc7c7e8000 	C:\Program Files\Java\jdk-15.0.1\bin\jli.dll
0x00007ffc83ab0000 - 0x00007ffc83b5c000 	C:\Windows\System32\ADVAPI32.dll
0x00007ffc83b60000 - 0x00007ffc83bfe000 	C:\Windows\System32\msvcrt.dll
0x00007ffc84630000 - 0x00007ffc846cb000 	C:\Windows\System32\sechost.dll
0x00007ffc84500000 - 0x00007ffc8462a000 	C:\Windows\System32\RPCRT4.dll
0x00007ffc83400000 - 0x00007ffc835a0000 	C:\Windows\System32\USER32.dll
0x00007ffc82a90000 - 0x00007ffc82ab2000 	C:\Windows\System32\win32u.dll
0x00007ffc846d0000 - 0x00007ffc846fa000 	C:\Windows\System32\GDI32.dll
0x00007ffc82c00000 - 0x00007ffc82d0b000 	C:\Windows\System32\gdi32full.dll
0x00007ffc829f0000 - 0x00007ffc82a8d000 	C:\Windows\System32\msvcp_win.dll
0x00007ffc7aff0000 - 0x00007ffc7b009000 	C:\Program Files\Java\jdk-15.0.1\bin\VCRUNTIME140.dll
0x00007ffc6fe10000 - 0x00007ffc700aa000 	C:\Windows\WinSxS\amd64_microsoft.windows.common-controls_6595b64144ccf1df_6.0.19041.1083_none_60bbe31371f34e71\COMCTL32.dll
0x00007ffc7b280000 - 0x00007ffc7b28a000 	C:\Windows\SYSTEM32\VERSION.dll
0x00007ffc848b0000 - 0x00007ffc848e0000 	C:\Windows\System32\IMM32.DLL
0x00007ffc7d1e0000 - 0x00007ffc7d1ec000 	C:\Program Files\Java\jdk-15.0.1\bin\vcruntime140_1.dll
0x00007ffc5a5a0000 - 0x00007ffc5a631000 	C:\Program Files\Java\jdk-15.0.1\bin\msvcp140.dll
0x00007ffc36c80000 - 0x00007ffc377de000 	C:\Program Files\Java\jdk-15.0.1\bin\server\jvm.dll
0x00007ffc84830000 - 0x00007ffc84838000 	C:\Windows\System32\PSAPI.DLL
0x00007ffc743f0000 - 0x00007ffc74417000 	C:\Windows\SYSTEM32\WINMM.dll
0x00007ffc723b0000 - 0x00007ffc723b9000 	C:\Windows\SYSTEM32\WSOCK32.dll
0x00007ffc84840000 - 0x00007ffc848ab000 	C:\Windows\System32\WS2_32.dll
0x00007ffc812b0000 - 0x00007ffc812c2000 	C:\Windows\SYSTEM32\kernel.appcore.dll
0x00007ffc7afe0000 - 0x00007ffc7afea000 	C:\Program Files\Java\jdk-15.0.1\bin\jimage.dll
0x00007ffc80fd0000 - 0x00007ffc811b4000 	C:\Windows\SYSTEM32\DBGHELP.DLL
0x00007ffc79610000 - 0x00007ffc7963c000 	C:\Windows\SYSTEM32\dbgcore.DLL
0x00007ffc82ac0000 - 0x00007ffc82b43000 	C:\Windows\System32\bcryptPrimitives.dll
0x00007ffc72ff0000 - 0x00007ffc73015000 	C:\Program Files\Java\jdk-15.0.1\bin\java.dll
0x00007ffc84a70000 - 0x00007ffc851af000 	C:\Windows\System32\SHELL32.dll
0x00007ffc80830000 - 0x00007ffc80fc1000 	C:\Windows\SYSTEM32\windows.storage.dll
0x00007ffc835a0000 - 0x00007ffc838f5000 	C:\Windows\System32\combase.dll
0x00007ffc82460000 - 0x00007ffc8248c000 	C:\Windows\SYSTEM32\Wldp.dll
0x00007ffc84330000 - 0x00007ffc843de000 	C:\Windows\System32\SHCORE.dll
0x00007ffc84a10000 - 0x00007ffc84a65000 	C:\Windows\System32\shlwapi.dll
0x00007ffc82930000 - 0x00007ffc8294f000 	C:\Windows\SYSTEM32\profapi.dll
0x00007ffc7ae10000 - 0x00007ffc7ae29000 	C:\Program Files\Java\jdk-15.0.1\bin\net.dll
0x00007ffc79ca0000 - 0x00007ffc79daa000 	C:\Windows\SYSTEM32\WINHTTP.dll
0x00007ffc821c0000 - 0x00007ffc8222a000 	C:\Windows\system32\mswsock.dll
0x00007ffc78370000 - 0x00007ffc78382000 	C:\Program Files\Java\jdk-15.0.1\bin\nio.dll
0x00007ffc77a60000 - 0x00007ffc77a78000 	C:\Program Files\Java\jdk-15.0.1\bin\zip.dll
0x00007ffc823a0000 - 0x00007ffc823b8000 	C:\Windows\SYSTEM32\CRYPTSP.dll
0x00007ffc81a90000 - 0x00007ffc81ac4000 	C:\Windows\system32\rsaenh.dll
0x00007ffc82d10000 - 0x00007ffc82d37000 	C:\Windows\System32\bcrypt.dll
0x00007ffc828f0000 - 0x00007ffc8291e000 	C:\Windows\SYSTEM32\USERENV.dll
0x00007ffc823c0000 - 0x00007ffc823cc000 	C:\Windows\SYSTEM32\CRYPTBASE.dll
0x00007ffc81e60000 - 0x00007ffc81e9b000 	C:\Windows\SYSTEM32\IPHLPAPI.DLL
0x00007ffc841d0000 - 0x00007ffc841d8000 	C:\Windows\System32\NSI.dll
0x00007ffc79740000 - 0x00007ffc79757000 	C:\Windows\SYSTEM32\dhcpcsvc6.DLL
0x00007ffc79a80000 - 0x00007ffc79a9d000 	C:\Windows\SYSTEM32\dhcpcsvc.DLL
0x00007ffc81ea0000 - 0x00007ffc81f6c000 	C:\Windows\SYSTEM32\DNSAPI.dll
0x00007ffc17900000 - 0x00007ffc19489000 	C:\Users\Admin\AppData\Local\Temp\ortools-java15882854552584008990\win32-x86-64\jniortools.dll

dbghelp: loaded successfully - version: 4.0.5 - missing functions: none
symbol engine: initialized successfully - sym options: 0x614 - pdb path: .;C:\Program Files\Java\jdk-15.0.1\bin;C:\Windows\SYSTEM32;C:\Windows\WinSxS\amd64_microsoft.windows.common-controls_6595b64144ccf1df_6.0.19041.1083_none_60bbe31371f34e71;C:\Program Files\Java\jdk-15.0.1\bin\server;C:\Users\Admin\AppData\Local\Temp\ortools-java15882854552584008990\win32-x86-64

VM Arguments:
java_command: MWG2.Phase1
java_class_path (initial): C:\Users\Admin\OneDrive\Documents\NetBeansProjects\MWG2\target\classes;C:\Users\Admin\.m2\repository\com\google\ortools\ortools-java\9.0.9048\ortools-java-9.0.9048.jar;C:\Users\Admin\.m2\repository\com\google\ortools\ortools-linux-x86-64\9.0.9048\ortools-linux-x86-64-9.0.9048.jar;C:\Users\Admin\.m2\repository\com\google\ortools\ortools-darwin-x86-64\9.0.9048\ortools-darwin-x86-64-9.0.9048.jar;C:\Users\Admin\.m2\repository\com\google\ortools\ortools-win32-x86-64\9.0.9048\ortools-win32-x86-64-9.0.9048.jar;C:\Users\Admin\.m2\repository\net\java\dev\jna\jna-platform\5.8.0\jna-platform-5.8.0.jar;C:\Users\Admin\.m2\repository\net\java\dev\jna\jna\5.8.0\jna-5.8.0.jar;C:\Users\Admin\.m2\repository\com\google\protobuf\protobuf-java\3.15.8\protobuf-java-3.15.8.jar;C:\Users\Admin\.m2\repository\org\apache\poi\poi\5.0.0\poi-5.0.0.jar;C:\Users\Admin\.m2\repository\org\slf4j\slf4j-api\1.7.30\slf4j-api-1.7.30.jar;C:\Users\Admin\.m2\repository\org\slf4j\jcl-over-slf4j\1.7.30\jcl-over-slf4j-1.7.30.jar;C:\Users\Admin\.m2\repository\commons-codec\commons-codec\1.15\commons-codec-1.15.jar;C:\Users\Admin\.m2\repository\org\apache\commons\commons-collections4\4.4\commons-collections4-4.4.jar;C:\Users\Admin\.m2\repository\org\apache\commons\commons-math3\3.6.1\commons-math3-3.6.1.jar;C:\Users\Admin\.m2\repository\com\zaxxer\SparseBitSet\1.2\SparseBitSet-1.2.jar;C:\Users\Admin\.m2\repository\org\apache\poi\poi-ooxml\5.0.0\poi-ooxml-5.0.0.jar;C:\Users\Admin\.m2\repository\org\apache\poi\poi-ooxml-lite\5.0.0\poi-ooxml-lite-5.0.0.jar;C:\Users\Admin\.m2\repository\org\apache\xmlbeans\xmlbeans\4.0.0\xmlbeans-4.0.0.jar;C:\Users\Admin\.m2\repository\org\apache\commons\commons-compress\1.20\commons-compress-1.20.jar;C:\Users\Admin\.m2\repository\com\github\virtuald\curvesapi\1.06\curvesapi-1.06.jar;C:\Users\Admin\.m2\repository\org\bouncycastle\bcpkix-jdk15on\1.68\bcpkix-jdk15on-1.68.jar;C:\Users\Admin\.m2\repository\org\bouncycastle\bcprov-jdk15on\1.68\bcprov-jdk15on-
Launcher Type: SUN_STANDARD

[Global flags]
     intx CICompilerCount                          = 4                                         {product} {ergonomic}
     uint ConcGCThreads                            = 2                                         {product} {ergonomic}
     uint G1ConcRefinementThreads                  = 8                                         {product} {ergonomic}
   size_t G1HeapRegionSize                         = 2097152                                   {product} {ergonomic}
    uintx GCDrainStackTargetSize                   = 64                                        {product} {ergonomic}
   size_t InitialHeapSize                          = 266338304                                 {product} {ergonomic}
   size_t MarkStackSize                            = 4194304                                   {product} {ergonomic}
   size_t MaxHeapSize                              = 4253024256                                {product} {ergonomic}
   size_t MaxNewSize                               = 2550136832                                {product} {ergonomic}
   size_t MinHeapDeltaBytes                        = 2097152                                   {product} {ergonomic}
   size_t MinHeapSize                              = 8388608                                   {product} {ergonomic}
    uintx NonNMethodCodeHeapSize                   = 5839372                                {pd product} {ergonomic}
    uintx NonProfiledCodeHeapSize                  = 122909434                              {pd product} {ergonomic}
    uintx ProfiledCodeHeapSize                     = 122909434                              {pd product} {ergonomic}
    uintx ReservedCodeCacheSize                    = 251658240                              {pd product} {ergonomic}
     bool SegmentedCodeCache                       = true                                      {product} {ergonomic}
   size_t SoftMaxHeapSize                          = 4253024256                             {manageable} {ergonomic}
     bool UseCompressedClassPointers               = true                                 {lp64_product} {ergonomic}
     bool UseCompressedOops                        = true                                 {lp64_product} {ergonomic}
     bool UseG1GC                                  = true                                      {product} {ergonomic}
     bool UseLargePagesIndividualAllocation        = false                                  {pd product} {ergonomic}

Logging:
Log output configuration:
 #0: stdout all=warning uptime,level,tags
 #1: stderr all=off uptime,level,tags

Environment Variables:
JAVA_HOME=C:\Program Files\Java\jdk-15.0.1
PATH=C:\Program Files (x86)\Common Files\Intel\Shared Libraries\redist\intel64\compiler;C:\Program Files\Java\jdk-15.0.1\bin;C:\Program Files\Common Files\Oracle\Java\javapath;C:\Windows\system32;C:\Windows;C:\Windows\System32\Wbem;C:\Windows\System32\WindowsPowerShell\v1.0\;C:\Windows\System32\OpenSSH\;C:\Program Files\MongoDB\Server\4.4\bin;C:\Users\Admin\AppData\Roaming\Python\Python39\Scripts;C:\Program Files\Git\cmd;C:\Users\Admin\AppData\Local\Programs\Python\Python39\Scripts\;C:\Users\Admin\AppData\Local\Programs\Python\Python39\;C:\Users\Admin\AppData\Local\Microsoft\WindowsApps;C:\Users\Admin\AppData\Local\Programs\Microsoft VS Code\bin;C:\Program Files\JetBrains\PyCharm Community Edition 2021.1.1\bin;;C:\Users\Admin\AppData\Local\GitHubDesktop\bin
USERNAME=Admin
OS=Windows_NT
PROCESSOR_IDENTIFIER=Intel64 Family 6 Model 142 Stepping 10, GenuineIntel



---------------  S Y S T E M  ---------------

OS:
 Windows 10 , 64 bit Build 19041 (10.0.19041.1023)
OS uptime: 1 days 22:13 hours

CPU: total 8 (initial active 8) (4 cores per cpu, 2 threads per core) family 6 model 142 stepping 10 microcode 0xea, cmov, cx8, fxsr, mmx, sse, sse2, sse3, ssse3, sse4.1, sse4.2, popcnt, vzeroupper, avx, avx2, aes, clmul, erms, rtm, 3dnowpref, lzcnt, ht, tsc, tscinvbit, bmi1, bmi2, adx, fma, clflush, clflushopt

Memory: 4k page, system-wide physical 16217M (8836M free)
TotalPageFile size 18649M (AvailPageFile size 7915M)
current process WorkingSet (physical memory assigned to process): 112M, peak: 134M
current process commit charge ("private bytes"): 367M, peak: 396M

vm_info: Java HotSpot(TM) 64-Bit Server VM (15.0.1+9-18) for windows-amd64 JRE (15.0.1+9-18), built on Sep 15 2020 14:43:54 by "mach5one" with unknown MS VC++:1925

END.
