#
# A fatal error has been detected by the Java Runtime Environment:
#
#  EXCEPTION_ACCESS_VIOLATION (0xc0000005) at pc=0x00007ffc1dbb91a9, pid=3152, tid=1136
#
# JRE version: Java(TM) SE Runtime Environment (15.0.1+9) (build 15.0.1+9-18)
# Java VM: Java HotSpot(TM) 64-Bit Server VM (15.0.1+9-18, mixed mode, sharing, tiered, compressed oops, g1 gc, windows-amd64)
# Problematic frame:
# C  [jniortools.dll+0x4891a9]
#
# No core dump will be written. Minidumps are not enabled by default on client versions of Windows
#
# If you would like to submit a bug report, please visit:
#   https://bugreport.java.com/bugreport/crash.jsp
# The crash happened outside the Java Virtual Machine in native code.
# See problematic frame for where to report the bug.
#

---------------  S U M M A R Y ------------

Command Line: MWG2.Phase1

Host: Intel(R) Core(TM) i5-8350U CPU @ 1.70GHz, 8 cores, 15G,  Windows 10 , 64 bit Build 19041 (10.0.19041.1023)
Time: Wed Jul 14 10:01:29 2021 SE Asia Standard Time elapsed time: 5.940982 seconds (0d 0h 0m 5s)

---------------  T H R E A D  ---------------

Current thread (0x000001fa9519ed90):  JavaThread "main" [_thread_in_native, id=1136, stack(0x000000b344500000,0x000000b344600000)]

Stack: [0x000000b344500000,0x000000b344600000],  sp=0x000000b3445ff390,  free space=1020k
Native frames: (J=compiled Java code, j=interpreted, Vv=VM code, C=native code)
C  [jniortools.dll+0x4891a9]

Java frames: (J=compiled Java code, j=interpreted, Vv=VM code)
J 2141  com.google.ortools.linearsolver.main_research_linear_solverJNI.MPVariable_solutionValue(JLcom/google/ortools/linearsolver/MPVariable;)D (0 bytes) @ 0x000001faa4f97385 [0x000001faa4f97320+0x0000000000000065]
J 2225% c2 MWG2.Phase1.main([Ljava/lang/String;)V (1122 bytes) @ 0x000001faa4fadea0 [0x000001faa4fadc60+0x0000000000000240]
v  ~StubRoutines::call_stub

siginfo: EXCEPTION_ACCESS_VIOLATION (0xc0000005), reading address 0xffffffffffffffff


Register to memory mapping:

RIP=0x00007ffc1dbb91a9 jniortools.dll
RAX=0x000000b3445ff430 is pointing into the stack for thread: 0x000001fa9519ed90
RBX=0x006d656c626f7270 is an unknown value
RCX=0x006d656c626f7270 is an unknown value
RDX=0x000000b3445ff450 is pointing into the stack for thread: 0x000001fa9519ed90
RSP=0x000000b3445ff390 is pointing into the stack for thread: 0x000001fa9519ed90
RBP=0x000000b3445ff460 is pointing into the stack for thread: 0x000001fa9519ed90
RSI=0x0 is NULL
RDI=0x006d656c626f7270 is an unknown value
R8 =0x000001faba2dbc50 points into unknown readable memory: 0x206c616d6978616d | 6d 61 78 69 6d 61 6c 20
R9 =0x000000b3445ff428 is pointing into the stack for thread: 0x000001fa9519ed90
R10=0x00007ffc1d816b50 jniortools.dll
R11=3791976434 is a compressed pointer to object: com.google.ortools.linearsolver.MPVariable 
{0x000000071027bf90} - klass: 'com/google/ortools/linearsolver/MPVariable'
R12=0x0 is NULL
R13=0x0 is NULL
R14=0x000000b3445ff450 is pointing into the stack for thread: 0x000001fa9519ed90
R15=0x000001fa9519ed90 is a thread


Registers:
RAX=0x000000b3445ff430, RBX=0x006d656c626f7270, RCX=0x006d656c626f7270, RDX=0x000000b3445ff450
RSP=0x000000b3445ff390, RBP=0x000000b3445ff460, RSI=0x0000000000000000, RDI=0x006d656c626f7270
R8 =0x000001faba2dbc50, R9 =0x000000b3445ff428, R10=0x00007ffc1d816b50, R11=0x00000000e204f7f2
R12=0x0000000000000000, R13=0x0000000000000000, R14=0x000000b3445ff450, R15=0x000001fa9519ed90
RIP=0x00007ffc1dbb91a9, EFLAGS=0x0000000000010206

Top of Stack: (sp=0x000000b3445ff390)
0x000000b3445ff390:   00007ffc374f2600 000001fa9519ed90
0x000000b3445ff3a0:   0000000800011428 0000000000000006
0x000000b3445ff3b0:   e0519adde0519ae0 00000007028cd6e8
0x000000b3445ff3c0:   000001faba2dbc50 00007ffc1dbc6419
0x000000b3445ff3d0:   00000007028cd570 00000007028cd598
0x000000b3445ff3e0:   0000000000000000 0000000000000000
0x000000b3445ff3f0:   0000000000000000 000001faa4f97425
0x000000b3445ff400:   0000000710400028 00007ffc37307d48
0x000000b3445ff410:   000001fa9519ed90 0000000000000000
0x000000b3445ff420:   0000000800011428 000000071027bf90
0x000000b3445ff430:   0000000000000001 0000000000000001
0x000000b3445ff440:   0000000000000000 0000000000000001
0x000000b3445ff450:   000000071041abf0 000000b3445ff450
0x000000b3445ff460:   0000000710400000 000001faa4fadea0
0x000000b3445ff470:   0000000000000000 0000000000000000
0x000000b3445ff480:   000000071168b138 0000000000000000 

Instructions: (pc=0x00007ffc1dbb91a9)
0x00007ffc1dbb90a9:   00 48 8d 15 97 0f 24 01 48 8d 4c 24 30 e8 85 18
0x00007ffc1dbb90b9:   c8 ff 90 83 ce 01 89 74 24 58 48 8b c8 e8 65 9c
0x00007ffc1dbb90c9:   c8 ff 48 8b c8 48 8d 15 eb 17 24 01 e8 46 48 b8
0x00007ffc1dbb90d9:   ff 48 8b c8 48 8d 15 7c 17 24 01 e8 37 48 b8 ff
0x00007ffc1dbb90e9:   90 40 f6 c6 01 75 2b 48 8d 4c 24 20 e8 66 f6 ff
0x00007ffc1dbb90f9:   ff 48 83 7c 24 20 00 0f 85 6b ff ff ff 48 8b 5c
0x00007ffc1dbb9109:   24 50 48 8b 6c 24 60 48 8b 74 24 68 48 83 c4 40
0x00007ffc1dbb9119:   5f c3 48 8d 4c 24 30 e8 fb 20 c8 ff cc cc cc cc
0x00007ffc1dbb9129:   cc cc cc cc cc cc cc 40 53 48 83 ec 30 48 8b d9
0x00007ffc1dbb9139:   83 79 14 01 76 53 41 b9 02 00 00 00 41 b8 b0 06
0x00007ffc1dbb9149:   00 00 48 8d 15 f6 0e 24 01 48 8d 4c 24 20 e8 64
0x00007ffc1dbb9159:   16 c8 ff 90 48 8b c8 e8 cb 9b c8 ff 48 8b c8 48
0x00007ffc1dbb9169:   8d 15 39 24 24 01 e8 ac 47 b8 ff 8b 53 14 48 8b
0x00007ffc1dbb9179:   c8 e8 b1 f2 ff ff 90 48 8d 4c 24 20 e8 06 20 c8
0x00007ffc1dbb9189:   ff 32 c0 48 83 c4 30 5b c3 b0 01 48 83 c4 30 5b
0x00007ffc1dbb9199:   c3 cc cc cc cc cc cc 40 53 48 83 ec 30 48 8b d9
0x00007ffc1dbb91a9:   83 79 10 02 74 63 41 b9 02 00 00 00 41 b8 a3 06
0x00007ffc1dbb91b9:   00 00 48 8d 15 86 0e 24 01 48 8d 4c 24 20 e8 f4
0x00007ffc1dbb91c9:   15 c8 ff 90 48 8b c8 e8 5b 9b c8 ff 48 8b c8 48
0x00007ffc1dbb91d9:   8d 15 81 23 24 01 e8 3c 47 b8 ff 48 8b c8 48 8d
0x00007ffc1dbb91e9:   15 4a 23 24 01 e8 2d 47 b8 ff 8b 53 10 48 8b c8
0x00007ffc1dbb91f9:   ff 15 29 13 21 01 90 48 8d 4c 24 20 e8 86 1f c8
0x00007ffc1dbb9209:   ff 32 c0 48 83 c4 30 5b c3 b0 01 48 83 c4 30 5b
0x00007ffc1dbb9219:   c3 cc cc cc cc cc cc 40 53 48 83 ec 20 48 8b d9
0x00007ffc1dbb9229:   e8 72 ff ff ff 84 c0 74 18 48 8b 03 48 8b cb ff
0x00007ffc1dbb9239:   90 b0 00 00 00 84 c0 74 08 b0 01 48 83 c4 20 5b
0x00007ffc1dbb9249:   c3 32 c0 48 83 c4 20 5b c3 cc cc cc cc cc cc cc
0x00007ffc1dbb9259:   cc cc cc cc cc cc cc 48 8b c4 48 89 58 18 48 89
0x00007ffc1dbb9269:   70 20 55 57 41 55 41 56 41 57 48 8d 68 a1 48 81
0x00007ffc1dbb9279:   ec 00 01 00 00 0f 29 70 c8 0f 29 78 b8 48 8b 05
0x00007ffc1dbb9289:   7b 43 5a 01 48 33 c4 48 89 45 07 4c 8b f2 4c 8b
0x00007ffc1dbb9299:   e9 48 89 54 24 20 48 8b 49 30 e8 48 1a 00 00 49 


Stack slot to memory mapping:
stack at sp + 0 slots: 0x00007ffc374f2600 jvm.dll
stack at sp + 1 slots: 0x000001fa9519ed90 is a thread
stack at sp + 2 slots: 0x0000000800011428 is a pointer to class: 
stack at sp + 3 slots: 0x0000000000000006 is an unknown value
stack at sp + 4 slots: 0xe0519adde0519ae0 is an unknown value
stack at sp + 5 slots: 0x00000007028cd6e8 is an oop: java.io.OutputStreamWriter 
{0x00000007028cd6e8} - klass: 'java/io/OutputStreamWriter'
stack at sp + 6 slots: 0x000001faba2dbc50 points into unknown readable memory: 0x206c616d6978616d | 6d 61 78 69 6d 61 6c 20
stack at sp + 7 slots: 0x00007ffc1dbc6419 jniortools.dll


---------------  P R O C E S S  ---------------

Threads class SMR info:
_java_thread_list=0x000001fabb1835f0, length=11, elements={
0x000001fa9519ed90, 0x000001fab8817da0, 0x000001fab8819110, 0x000001fab90320b0,
0x000001fab9034a80, 0x000001fab9035cd0, 0x000001fab903b760, 0x000001fab9040ab0,
0x000001fab904ad80, 0x000001fab9173ed0, 0x000001fab9179c30
}

Java Threads: ( => current thread )
=>0x000001fa9519ed90 JavaThread "main" [_thread_in_native, id=1136, stack(0x000000b344500000,0x000000b344600000)]
  0x000001fab8817da0 JavaThread "Reference Handler" daemon [_thread_blocked, id=7700, stack(0x000000b344c00000,0x000000b344d00000)]
  0x000001fab8819110 JavaThread "Finalizer" daemon [_thread_blocked, id=1792, stack(0x000000b344d00000,0x000000b344e00000)]
  0x000001fab90320b0 JavaThread "Signal Dispatcher" daemon [_thread_blocked, id=13400, stack(0x000000b344e00000,0x000000b344f00000)]
  0x000001fab9034a80 JavaThread "Attach Listener" daemon [_thread_blocked, id=11488, stack(0x000000b344f00000,0x000000b345000000)]
  0x000001fab9035cd0 JavaThread "Service Thread" daemon [_thread_blocked, id=7356, stack(0x000000b345000000,0x000000b345100000)]
  0x000001fab903b760 JavaThread "C2 CompilerThread0" daemon [_thread_blocked, id=12936, stack(0x000000b345100000,0x000000b345200000)]
  0x000001fab9040ab0 JavaThread "C1 CompilerThread0" daemon [_thread_blocked, id=8640, stack(0x000000b345200000,0x000000b345300000)]
  0x000001fab904ad80 JavaThread "Sweeper thread" daemon [_thread_blocked, id=7856, stack(0x000000b345300000,0x000000b345400000)]
  0x000001fab9173ed0 JavaThread "Notification Thread" daemon [_thread_blocked, id=2896, stack(0x000000b345400000,0x000000b345500000)]
  0x000001fab9179c30 JavaThread "Common-Cleaner" daemon [_thread_blocked, id=13020, stack(0x000000b345600000,0x000000b345700000)]

Other Threads:
  0x000001fab8815d80 VMThread "VM Thread" [stack: 0x000000b344b00000,0x000000b344c00000] [id=9148]
  0x000001fab91783b0 WatcherThread [stack: 0x000000b345500000,0x000000b345600000] [id=15896]
  0x000001fa951eb690 GCTaskThread "GC Thread#0" [stack: 0x000000b344600000,0x000000b344700000] [id=14768]
  0x000001fab99573a0 GCTaskThread "GC Thread#1" [stack: 0x000000b345800000,0x000000b345900000] [id=16364]
  0x000001fab9954a30 GCTaskThread "GC Thread#2" [stack: 0x000000b345900000,0x000000b345a00000] [id=3592]
  0x000001fab9955a20 GCTaskThread "GC Thread#3" [stack: 0x000000b345a00000,0x000000b345b00000] [id=5284]
  0x000001fab9957a00 GCTaskThread "GC Thread#4" [stack: 0x000000b345b00000,0x000000b345c00000] [id=12700]
  0x000001fab99543d0 GCTaskThread "GC Thread#5" [stack: 0x000000b345c00000,0x000000b345d00000] [id=15004]
  0x000001fa951fc6e0 ConcurrentGCThread "G1 Main Marker" [stack: 0x000000b344700000,0x000000b344800000] [id=13376]
  0x000001fa951fdaf0 ConcurrentGCThread "G1 Conc#0" [stack: 0x000000b344800000,0x000000b344900000] [id=7360]
  0x000001fa9526dfe0 ConcurrentGCThread "G1 Refine#0" [stack: 0x000000b344900000,0x000000b344a00000] [id=6608]
  0x000001faba1a4150 ConcurrentGCThread "G1 Refine#1" [stack: 0x000000b345e00000,0x000000b345f00000] [id=4176]
  0x000001faba1c6a20 ConcurrentGCThread "G1 Refine#2" [stack: 0x000000b345f00000,0x000000b346000000] [id=13136]
  0x000001fabb2f6bf0 ConcurrentGCThread "G1 Refine#3" [stack: 0x000000b345700000,0x000000b345800000] [id=9492]
  0x000001fabb98f410 ConcurrentGCThread "G1 Refine#4" [stack: 0x000000b345d00000,0x000000b345e00000] [id=11092]
  0x000001fab91356a0 ConcurrentGCThread "G1 Refine#5" [stack: 0x000000b346000000,0x000000b346100000] [id=15264]
  0x000001fa9526ebe0 ConcurrentGCThread "G1 Young RemSet Sampling" [stack: 0x000000b344a00000,0x000000b344b00000] [id=7716]

Threads with active compile tasks:

VM state: not at safepoint (normal execution)

VM Mutex/Monitor currently owned by a thread: None

Heap address: 0x0000000702800000, size: 4056 MB, Compressed Oops mode: Zero based, Oop shift amount: 3
CDS archive(s) mapped at: [0x0000000800000000-0x0000000800b50000-0x0000000800b50000), size 11862016, SharedBaseAddress: 0x0000000800000000, ArchiveRelocationMode: 0.
Compressed class space mapped at: 0x0000000800b50000-0x0000000840b50000, size: 1073741824
Narrow klass base: 0x0000000800000000, Narrow klass shift: 3, Narrow klass range: 0x100000000

GC Precious Log:
 CPUs: 8 total, 8 available
 Memory: 16217M
 Large Page Support: Disabled
 NUMA Support: Disabled
 Compressed Oops: Enabled (Zero based)
 Heap Region Size: 2M
 Heap Min Capacity: 8M
 Heap Initial Capacity: 254M
 Heap Max Capacity: 4056M
 Pre-touch: Disabled
 Parallel Workers: 8
 Concurrent Workers: 2
 Concurrent Refinement Workers: 8
 Periodic GC: Disabled

Heap:
 garbage-first heap   total 260096K, used 16777K [0x0000000702800000, 0x0000000800000000)
  region size 2048K, 3 young (6144K), 2 survivors (4096K)
 Metaspace       used 11313K, capacity 11530K, committed 11904K, reserved 1060864K
  class space    used 1222K, capacity 1289K, committed 1408K, reserved 1048576K

Heap Regions: E=young(eden), S=young(survivor), O=old, HS=humongous(starts), HC=humongous(continues), CS=collection set, F=free, OA=open archive, CA=closed archive, TAMS=top-at-mark-start (previous, next)
|   0|0x0000000702800000, 0x0000000702a00000, 0x0000000702a00000|100%| O|  |TAMS 0x0000000702800000, 0x0000000702800000| Untracked 
|   1|0x0000000702a00000, 0x0000000702c00000, 0x0000000702c00000|100%| O|  |TAMS 0x0000000702a00000, 0x0000000702a00000| Untracked 
|   2|0x0000000702c00000, 0x0000000702e00000, 0x0000000702e00000|100%| O|  |TAMS 0x0000000702c00000, 0x0000000702c00000| Untracked 
|   3|0x0000000702e00000, 0x0000000703000000, 0x0000000703000000|100%| O|  |TAMS 0x0000000702e00000, 0x0000000702e00000| Untracked 
|   4|0x0000000703000000, 0x0000000703200000, 0x0000000703200000|100%| O|  |TAMS 0x0000000703000000, 0x0000000703000000| Untracked 
|   5|0x0000000703200000, 0x0000000703400000, 0x0000000703400000|100%| O|  |TAMS 0x0000000703200000, 0x0000000703200000| Untracked 
|   6|0x0000000703400000, 0x000000070348e600, 0x0000000703600000| 27%| O|  |TAMS 0x0000000703400000, 0x0000000703400000| Untracked 
|   7|0x0000000703600000, 0x0000000703600000, 0x0000000703800000|  0%| F|  |TAMS 0x0000000703600000, 0x0000000703600000| Untracked 
|   8|0x0000000703800000, 0x0000000703800000, 0x0000000703a00000|  0%| F|  |TAMS 0x0000000703800000, 0x0000000703800000| Untracked 
|   9|0x0000000703a00000, 0x0000000703a00000, 0x0000000703c00000|  0%| F|  |TAMS 0x0000000703a00000, 0x0000000703a00000| Untracked 
|  10|0x0000000703c00000, 0x0000000703c00000, 0x0000000703e00000|  0%| F|  |TAMS 0x0000000703c00000, 0x0000000703c00000| Untracked 
|  11|0x0000000703e00000, 0x0000000703e00000, 0x0000000704000000|  0%| F|  |TAMS 0x0000000703e00000, 0x0000000703e00000| Untracked 
|  12|0x0000000704000000, 0x0000000704000000, 0x0000000704200000|  0%| F|  |TAMS 0x0000000704000000, 0x0000000704000000| Untracked 
|  13|0x0000000704200000, 0x0000000704200000, 0x0000000704400000|  0%| F|  |TAMS 0x0000000704200000, 0x0000000704200000| Untracked 
|  14|0x0000000704400000, 0x0000000704400000, 0x0000000704600000|  0%| F|  |TAMS 0x0000000704400000, 0x0000000704400000| Untracked 
|  15|0x0000000704600000, 0x0000000704600000, 0x0000000704800000|  0%| F|  |TAMS 0x0000000704600000, 0x0000000704600000| Untracked 
|  16|0x0000000704800000, 0x0000000704800000, 0x0000000704a00000|  0%| F|  |TAMS 0x0000000704800000, 0x0000000704800000| Untracked 
|  17|0x0000000704a00000, 0x0000000704a00000, 0x0000000704c00000|  0%| F|  |TAMS 0x0000000704a00000, 0x0000000704a00000| Untracked 
|  18|0x0000000704c00000, 0x0000000704c00000, 0x0000000704e00000|  0%| F|  |TAMS 0x0000000704c00000, 0x0000000704c00000| Untracked 
|  19|0x0000000704e00000, 0x0000000704e00000, 0x0000000705000000|  0%| F|  |TAMS 0x0000000704e00000, 0x0000000704e00000| Untracked 
|  20|0x0000000705000000, 0x0000000705000000, 0x0000000705200000|  0%| F|  |TAMS 0x0000000705000000, 0x0000000705000000| Untracked 
|  21|0x0000000705200000, 0x0000000705200000, 0x0000000705400000|  0%| F|  |TAMS 0x0000000705200000, 0x0000000705200000| Untracked 
|  22|0x0000000705400000, 0x0000000705400000, 0x0000000705600000|  0%| F|  |TAMS 0x0000000705400000, 0x0000000705400000| Untracked 
|  23|0x0000000705600000, 0x0000000705600000, 0x0000000705800000|  0%| F|  |TAMS 0x0000000705600000, 0x0000000705600000| Untracked 
|  24|0x0000000705800000, 0x0000000705800000, 0x0000000705a00000|  0%| F|  |TAMS 0x0000000705800000, 0x0000000705800000| Untracked 
|  25|0x0000000705a00000, 0x0000000705a00000, 0x0000000705c00000|  0%| F|  |TAMS 0x0000000705a00000, 0x0000000705a00000| Untracked 
|  26|0x0000000705c00000, 0x0000000705c00000, 0x0000000705e00000|  0%| F|  |TAMS 0x0000000705c00000, 0x0000000705c00000| Untracked 
|  27|0x0000000705e00000, 0x0000000705e00000, 0x0000000706000000|  0%| F|  |TAMS 0x0000000705e00000, 0x0000000705e00000| Untracked 
|  28|0x0000000706000000, 0x0000000706000000, 0x0000000706200000|  0%| F|  |TAMS 0x0000000706000000, 0x0000000706000000| Untracked 
|  29|0x0000000706200000, 0x0000000706200000, 0x0000000706400000|  0%| F|  |TAMS 0x0000000706200000, 0x0000000706200000| Untracked 
|  30|0x0000000706400000, 0x0000000706400000, 0x0000000706600000|  0%| F|  |TAMS 0x0000000706400000, 0x0000000706400000| Untracked 
|  31|0x0000000706600000, 0x0000000706600000, 0x0000000706800000|  0%| F|  |TAMS 0x0000000706600000, 0x0000000706600000| Untracked 
|  32|0x0000000706800000, 0x0000000706800000, 0x0000000706a00000|  0%| F|  |TAMS 0x0000000706800000, 0x0000000706800000| Untracked 
|  33|0x0000000706a00000, 0x0000000706a00000, 0x0000000706c00000|  0%| F|  |TAMS 0x0000000706a00000, 0x0000000706a00000| Untracked 
|  34|0x0000000706c00000, 0x0000000706c00000, 0x0000000706e00000|  0%| F|  |TAMS 0x0000000706c00000, 0x0000000706c00000| Untracked 
|  35|0x0000000706e00000, 0x0000000706e00000, 0x0000000707000000|  0%| F|  |TAMS 0x0000000706e00000, 0x0000000706e00000| Untracked 
|  36|0x0000000707000000, 0x0000000707000000, 0x0000000707200000|  0%| F|  |TAMS 0x0000000707000000, 0x0000000707000000| Untracked 
|  37|0x0000000707200000, 0x0000000707200000, 0x0000000707400000|  0%| F|  |TAMS 0x0000000707200000, 0x0000000707200000| Untracked 
|  38|0x0000000707400000, 0x0000000707400000, 0x0000000707600000|  0%| F|  |TAMS 0x0000000707400000, 0x0000000707400000| Untracked 
|  39|0x0000000707600000, 0x0000000707600000, 0x0000000707800000|  0%| F|  |TAMS 0x0000000707600000, 0x0000000707600000| Untracked 
|  40|0x0000000707800000, 0x0000000707800000, 0x0000000707a00000|  0%| F|  |TAMS 0x0000000707800000, 0x0000000707800000| Untracked 
|  41|0x0000000707a00000, 0x0000000707a00000, 0x0000000707c00000|  0%| F|  |TAMS 0x0000000707a00000, 0x0000000707a00000| Untracked 
|  42|0x0000000707c00000, 0x0000000707c00000, 0x0000000707e00000|  0%| F|  |TAMS 0x0000000707c00000, 0x0000000707c00000| Untracked 
|  43|0x0000000707e00000, 0x0000000707e00000, 0x0000000708000000|  0%| F|  |TAMS 0x0000000707e00000, 0x0000000707e00000| Untracked 
|  44|0x0000000708000000, 0x0000000708000000, 0x0000000708200000|  0%| F|  |TAMS 0x0000000708000000, 0x0000000708000000| Untracked 
|  45|0x0000000708200000, 0x0000000708200000, 0x0000000708400000|  0%| F|  |TAMS 0x0000000708200000, 0x0000000708200000| Untracked 
|  46|0x0000000708400000, 0x0000000708400000, 0x0000000708600000|  0%| F|  |TAMS 0x0000000708400000, 0x0000000708400000| Untracked 
|  47|0x0000000708600000, 0x0000000708600000, 0x0000000708800000|  0%| F|  |TAMS 0x0000000708600000, 0x0000000708600000| Untracked 
|  48|0x0000000708800000, 0x0000000708800000, 0x0000000708a00000|  0%| F|  |TAMS 0x0000000708800000, 0x0000000708800000| Untracked 
|  49|0x0000000708a00000, 0x0000000708a00000, 0x0000000708c00000|  0%| F|  |TAMS 0x0000000708a00000, 0x0000000708a00000| Untracked 
|  50|0x0000000708c00000, 0x0000000708c00000, 0x0000000708e00000|  0%| F|  |TAMS 0x0000000708c00000, 0x0000000708c00000| Untracked 
|  51|0x0000000708e00000, 0x0000000708e00000, 0x0000000709000000|  0%| F|  |TAMS 0x0000000708e00000, 0x0000000708e00000| Untracked 
|  52|0x0000000709000000, 0x0000000709000000, 0x0000000709200000|  0%| F|  |TAMS 0x0000000709000000, 0x0000000709000000| Untracked 
|  53|0x0000000709200000, 0x0000000709200000, 0x0000000709400000|  0%| F|  |TAMS 0x0000000709200000, 0x0000000709200000| Untracked 
|  54|0x0000000709400000, 0x0000000709400000, 0x0000000709600000|  0%| F|  |TAMS 0x0000000709400000, 0x0000000709400000| Untracked 
|  55|0x0000000709600000, 0x0000000709600000, 0x0000000709800000|  0%| F|  |TAMS 0x0000000709600000, 0x0000000709600000| Untracked 
|  56|0x0000000709800000, 0x0000000709800000, 0x0000000709a00000|  0%| F|  |TAMS 0x0000000709800000, 0x0000000709800000| Untracked 
|  57|0x0000000709a00000, 0x0000000709a00000, 0x0000000709c00000|  0%| F|  |TAMS 0x0000000709a00000, 0x0000000709a00000| Untracked 
|  58|0x0000000709c00000, 0x0000000709c00000, 0x0000000709e00000|  0%| F|  |TAMS 0x0000000709c00000, 0x0000000709c00000| Untracked 
|  59|0x0000000709e00000, 0x0000000709e00000, 0x000000070a000000|  0%| F|  |TAMS 0x0000000709e00000, 0x0000000709e00000| Untracked 
|  60|0x000000070a000000, 0x000000070a000000, 0x000000070a200000|  0%| F|  |TAMS 0x000000070a000000, 0x000000070a000000| Untracked 
|  61|0x000000070a200000, 0x000000070a200000, 0x000000070a400000|  0%| F|  |TAMS 0x000000070a200000, 0x000000070a200000| Untracked 
|  62|0x000000070a400000, 0x000000070a400000, 0x000000070a600000|  0%| F|  |TAMS 0x000000070a400000, 0x000000070a400000| Untracked 
|  63|0x000000070a600000, 0x000000070a600000, 0x000000070a800000|  0%| F|  |TAMS 0x000000070a600000, 0x000000070a600000| Untracked 
|  64|0x000000070a800000, 0x000000070a800000, 0x000000070aa00000|  0%| F|  |TAMS 0x000000070a800000, 0x000000070a800000| Untracked 
|  65|0x000000070aa00000, 0x000000070aa00000, 0x000000070ac00000|  0%| F|  |TAMS 0x000000070aa00000, 0x000000070aa00000| Untracked 
|  66|0x000000070ac00000, 0x000000070ac00000, 0x000000070ae00000|  0%| F|  |TAMS 0x000000070ac00000, 0x000000070ac00000| Untracked 
|  67|0x000000070ae00000, 0x000000070ae00000, 0x000000070b000000|  0%| F|  |TAMS 0x000000070ae00000, 0x000000070ae00000| Untracked 
|  68|0x000000070b000000, 0x000000070b000000, 0x000000070b200000|  0%| F|  |TAMS 0x000000070b000000, 0x000000070b000000| Untracked 
|  69|0x000000070b200000, 0x000000070b200000, 0x000000070b400000|  0%| F|  |TAMS 0x000000070b200000, 0x000000070b200000| Untracked 
|  70|0x000000070b400000, 0x000000070b400000, 0x000000070b600000|  0%| F|  |TAMS 0x000000070b400000, 0x000000070b400000| Untracked 
|  71|0x000000070b600000, 0x000000070b600000, 0x000000070b800000|  0%| F|  |TAMS 0x000000070b600000, 0x000000070b600000| Untracked 
|  72|0x000000070b800000, 0x000000070b800000, 0x000000070ba00000|  0%| F|  |TAMS 0x000000070b800000, 0x000000070b800000| Untracked 
|  73|0x000000070ba00000, 0x000000070ba00000, 0x000000070bc00000|  0%| F|  |TAMS 0x000000070ba00000, 0x000000070ba00000| Untracked 
|  74|0x000000070bc00000, 0x000000070bc00000, 0x000000070be00000|  0%| F|  |TAMS 0x000000070bc00000, 0x000000070bc00000| Untracked 
|  75|0x000000070be00000, 0x000000070be00000, 0x000000070c000000|  0%| F|  |TAMS 0x000000070be00000, 0x000000070be00000| Untracked 
|  76|0x000000070c000000, 0x000000070c000000, 0x000000070c200000|  0%| F|  |TAMS 0x000000070c000000, 0x000000070c000000| Untracked 
|  77|0x000000070c200000, 0x000000070c200000, 0x000000070c400000|  0%| F|  |TAMS 0x000000070c200000, 0x000000070c200000| Untracked 
|  78|0x000000070c400000, 0x000000070c400000, 0x000000070c600000|  0%| F|  |TAMS 0x000000070c400000, 0x000000070c400000| Untracked 
|  79|0x000000070c600000, 0x000000070c600000, 0x000000070c800000|  0%| F|  |TAMS 0x000000070c600000, 0x000000070c600000| Untracked 
|  80|0x000000070c800000, 0x000000070c800000, 0x000000070ca00000|  0%| F|  |TAMS 0x000000070c800000, 0x000000070c800000| Untracked 
|  81|0x000000070ca00000, 0x000000070ca00000, 0x000000070cc00000|  0%| F|  |TAMS 0x000000070ca00000, 0x000000070ca00000| Untracked 
|  82|0x000000070cc00000, 0x000000070cc00000, 0x000000070ce00000|  0%| F|  |TAMS 0x000000070cc00000, 0x000000070cc00000| Untracked 
|  83|0x000000070ce00000, 0x000000070ce00000, 0x000000070d000000|  0%| F|  |TAMS 0x000000070ce00000, 0x000000070ce00000| Untracked 
|  84|0x000000070d000000, 0x000000070d000000, 0x000000070d200000|  0%| F|  |TAMS 0x000000070d000000, 0x000000070d000000| Untracked 
|  85|0x000000070d200000, 0x000000070d200000, 0x000000070d400000|  0%| F|  |TAMS 0x000000070d200000, 0x000000070d200000| Untracked 
|  86|0x000000070d400000, 0x000000070d400000, 0x000000070d600000|  0%| F|  |TAMS 0x000000070d400000, 0x000000070d400000| Untracked 
|  87|0x000000070d600000, 0x000000070d600000, 0x000000070d800000|  0%| F|  |TAMS 0x000000070d600000, 0x000000070d600000| Untracked 
|  88|0x000000070d800000, 0x000000070d800000, 0x000000070da00000|  0%| F|  |TAMS 0x000000070d800000, 0x000000070d800000| Untracked 
|  89|0x000000070da00000, 0x000000070da00000, 0x000000070dc00000|  0%| F|  |TAMS 0x000000070da00000, 0x000000070da00000| Untracked 
|  90|0x000000070dc00000, 0x000000070dc00000, 0x000000070de00000|  0%| F|  |TAMS 0x000000070dc00000, 0x000000070dc00000| Untracked 
|  91|0x000000070de00000, 0x000000070de00000, 0x000000070e000000|  0%| F|  |TAMS 0x000000070de00000, 0x000000070de00000| Untracked 
|  92|0x000000070e000000, 0x000000070e000000, 0x000000070e200000|  0%| F|  |TAMS 0x000000070e000000, 0x000000070e000000| Untracked 
|  93|0x000000070e200000, 0x000000070e200000, 0x000000070e400000|  0%| F|  |TAMS 0x000000070e200000, 0x000000070e200000| Untracked 
|  94|0x000000070e400000, 0x000000070e400000, 0x000000070e600000|  0%| F|  |TAMS 0x000000070e400000, 0x000000070e400000| Untracked 
|  95|0x000000070e600000, 0x000000070e600000, 0x000000070e800000|  0%| F|  |TAMS 0x000000070e600000, 0x000000070e600000| Untracked 
|  96|0x000000070e800000, 0x000000070e800000, 0x000000070ea00000|  0%| F|  |TAMS 0x000000070e800000, 0x000000070e800000| Untracked 
|  97|0x000000070ea00000, 0x000000070ea00000, 0x000000070ec00000|  0%| F|  |TAMS 0x000000070ea00000, 0x000000070ea00000| Untracked 
|  98|0x000000070ec00000, 0x000000070ec00000, 0x000000070ee00000|  0%| F|  |TAMS 0x000000070ec00000, 0x000000070ec00000| Untracked 
|  99|0x000000070ee00000, 0x000000070ee00000, 0x000000070f000000|  0%| F|  |TAMS 0x000000070ee00000, 0x000000070ee00000| Untracked 
| 100|0x000000070f000000, 0x000000070f000000, 0x000000070f200000|  0%| F|  |TAMS 0x000000070f000000, 0x000000070f000000| Untracked 
| 101|0x000000070f200000, 0x000000070f200000, 0x000000070f400000|  0%| F|  |TAMS 0x000000070f200000, 0x000000070f200000| Untracked 
| 102|0x000000070f400000, 0x000000070f400000, 0x000000070f600000|  0%| F|  |TAMS 0x000000070f400000, 0x000000070f400000| Untracked 
| 103|0x000000070f600000, 0x000000070f600000, 0x000000070f800000|  0%| F|  |TAMS 0x000000070f600000, 0x000000070f600000| Untracked 
| 104|0x000000070f800000, 0x000000070f800000, 0x000000070fa00000|  0%| F|  |TAMS 0x000000070f800000, 0x000000070f800000| Untracked 
| 105|0x000000070fa00000, 0x000000070fa00000, 0x000000070fc00000|  0%| F|  |TAMS 0x000000070fa00000, 0x000000070fa00000| Untracked 
| 106|0x000000070fc00000, 0x000000070fc00000, 0x000000070fe00000|  0%| F|  |TAMS 0x000000070fc00000, 0x000000070fc00000| Untracked 
| 107|0x000000070fe00000, 0x000000070fe00000, 0x0000000710000000|  0%| F|  |TAMS 0x000000070fe00000, 0x000000070fe00000| Untracked 
| 108|0x0000000710000000, 0x0000000710000000, 0x0000000710200000|  0%| F|  |TAMS 0x0000000710000000, 0x0000000710000000| Untracked 
| 109|0x0000000710200000, 0x00000007103d3e00, 0x0000000710400000| 91%| S|CS|TAMS 0x0000000710200000, 0x0000000710200000| Complete 
| 110|0x0000000710400000, 0x0000000710600000, 0x0000000710600000|100%| S|CS|TAMS 0x0000000710400000, 0x0000000710400000| Complete 
| 111|0x0000000710600000, 0x0000000710600000, 0x0000000710800000|  0%| F|  |TAMS 0x0000000710600000, 0x0000000710600000| Untracked 
| 112|0x0000000710800000, 0x0000000710800000, 0x0000000710a00000|  0%| F|  |TAMS 0x0000000710800000, 0x0000000710800000| Untracked 
| 113|0x0000000710a00000, 0x0000000710a00000, 0x0000000710c00000|  0%| F|  |TAMS 0x0000000710a00000, 0x0000000710a00000| Untracked 
| 114|0x0000000710c00000, 0x0000000710c00000, 0x0000000710e00000|  0%| F|  |TAMS 0x0000000710c00000, 0x0000000710c00000| Untracked 
| 115|0x0000000710e00000, 0x0000000710e00000, 0x0000000711000000|  0%| F|  |TAMS 0x0000000710e00000, 0x0000000710e00000| Untracked 
| 116|0x0000000711000000, 0x0000000711000000, 0x0000000711200000|  0%| F|  |TAMS 0x0000000711000000, 0x0000000711000000| Untracked 
| 117|0x0000000711200000, 0x0000000711200000, 0x0000000711400000|  0%| F|  |TAMS 0x0000000711200000, 0x0000000711200000| Untracked 
| 118|0x0000000711400000, 0x0000000711400000, 0x0000000711600000|  0%| F|  |TAMS 0x0000000711400000, 0x0000000711400000| Untracked 
| 119|0x0000000711600000, 0x0000000711600000, 0x0000000711800000|  0%| F|  |TAMS 0x0000000711600000, 0x0000000711600000| Untracked 
| 120|0x0000000711800000, 0x0000000711800000, 0x0000000711a00000|  0%| F|  |TAMS 0x0000000711800000, 0x0000000711800000| Untracked 
| 121|0x0000000711a00000, 0x0000000711a00000, 0x0000000711c00000|  0%| F|  |TAMS 0x0000000711a00000, 0x0000000711a00000| Untracked 
| 122|0x0000000711c00000, 0x0000000711c00000, 0x0000000711e00000|  0%| F|  |TAMS 0x0000000711c00000, 0x0000000711c00000| Untracked 
| 123|0x0000000711e00000, 0x0000000711e00000, 0x0000000712000000|  0%| F|  |TAMS 0x0000000711e00000, 0x0000000711e00000| Untracked 
| 124|0x0000000712000000, 0x0000000712000000, 0x0000000712200000|  0%| F|  |TAMS 0x0000000712000000, 0x0000000712000000| Untracked 
| 125|0x0000000712200000, 0x0000000712200000, 0x0000000712400000|  0%| F|  |TAMS 0x0000000712200000, 0x0000000712200000| Untracked 
| 126|0x0000000712400000, 0x00000007125fd808, 0x0000000712600000| 99%| E|  |TAMS 0x0000000712400000, 0x0000000712400000| Complete 

Card table byte_map: [0x000001faacef0000,0x000001faad6e0000] _byte_map_base: 0x000001faa96dc000

Marking Bits (Prev, Next): (CMBitMap*) 0x000001fa951ebf00, (CMBitMap*) 0x000001fa951ebf40
 Prev Bits: [0x000001faaded0000, 0x000001fab1e30000)
 Next Bits: [0x000001fab1e30000, 0x000001fab5d90000)

Polling page: 0x000001fa94970000

Metaspace:

Usage:
  Non-class:     10.00 MB capacity,     9.85 MB ( 99%) used,   135.66 KB (  1%) free+waste,    14.19 KB ( <1%) overhead. 
      Class:      1.26 MB capacity,     1.19 MB ( 95%) used,    61.12 KB (  5%) free+waste,     5.62 KB ( <1%) overhead. 
       Both:     11.26 MB capacity,    11.05 MB ( 98%) used,   196.77 KB (  2%) free+waste,    19.81 KB ( <1%) overhead. 

Virtual space:
  Non-class space:       12.00 MB reserved,      10.25 MB ( 85%) committed 
      Class space:        1.00 GB reserved,       1.38 MB ( <1%) committed 
             Both:        1.01 GB reserved,      11.62 MB (  1%) committed 

Chunk freelists:
   Non-Class:  3.00 KB
       Class:  0 bytes
        Both:  3.00 KB

MaxMetaspaceSize: 17179869184.00 GB
CompressedClassSpaceSize: 1.00 GB

CodeHeap 'non-profiled nmethods': size=120000Kb used=1087Kb max_used=1087Kb free=118912Kb
 bounds [0x000001faa4ea0000, 0x000001faa5110000, 0x000001faac3d0000]
CodeHeap 'profiled nmethods': size=120000Kb used=4156Kb max_used=4156Kb free=115844Kb
 bounds [0x000001fa9d970000, 0x000001fa9dd80000, 0x000001faa4ea0000]
CodeHeap 'non-nmethods': size=5760Kb used=1221Kb max_used=1278Kb free=4539Kb
 bounds [0x000001fa9d3d0000, 0x000001fa9d640000, 0x000001fa9d970000]
 total_blobs=2689 nmethods=2202 adapters=399
 compilation: enabled
              stopped_count=0, restarted_count=0
 full_count=0

Compilation events (20 events):
Event: 1.715 Thread 0x000001fab903b760 nmethod 2216 0x000001faa4faab90 code [0x000001faa4faad20, 0x000001faa4faae18]
Event: 1.715 Thread 0x000001fab903b760 2217       4       java.lang.invoke.DirectMethodHandle$Holder::invokeStatic (17 bytes)
Event: 1.716 Thread 0x000001fab903b760 nmethod 2217 0x000001faa4faaf90 code [0x000001faa4fab120, 0x000001faa4fab1e8]
Event: 1.716 Thread 0x000001fab903b760 2218       4       java.lang.StringConcatHelper::mix (11 bytes)
Event: 1.717 Thread 0x000001fab903b760 nmethod 2218 0x000001faa4fab310 code [0x000001faa4fab480, 0x000001faa4fab5b8]
Event: 1.717 Thread 0x000001fab903b760 2219       4       java.lang.invoke.DirectMethodHandle$Holder::invokeStatic (14 bytes)
Event: 1.717 Thread 0x000001fab903b760 nmethod 2219 0x000001faa4fab690 code [0x000001faa4fab820, 0x000001faa4fab8c8]
Event: 1.718 Thread 0x000001fa9519ff40 nmethod 2215 0x000001faa4faba10 code [0x000001faa4fabc20, 0x000001faa4fac030]
Event: 1.750 Thread 0x000001fa9519ff40 2220       4       java.lang.invoke.LambdaForm$MH/0x0000000800c90840::invoke (32 bytes)
Event: 1.750 Thread 0x000001fab903b760 2221       4       java.lang.invoke.DirectMethodHandle$Holder::invokeStatic (21 bytes)
Event: 1.751 Thread 0x000001fab903b760 nmethod 2221 0x000001faa4fac790 code [0x000001faa4fac920, 0x000001faa4fac9e8]
Event: 1.751 Thread 0x000001fab903b760 2222       4       java.lang.StringConcatHelper::prepend (22 bytes)
Event: 1.751 Thread 0x000001fa9519ff40 nmethod 2220 0x000001faa4facb10 code [0x000001faa4facca0, 0x000001faa4facdb8]
Event: 1.761 Thread 0x000001fab903b760 nmethod 2222 0x000001faa4facf10 code [0x000001faa4fad0a0, 0x000001faa4fad638]
Event: 2.493 Thread 0x000001fab9040ab0 2223 % !   3       MWG2.Phase1::main @ 1039 (1122 bytes)
Event: 2.505 Thread 0x000001fab9040ab0 nmethod 2223% 0x000001fa9dd5b990 code [0x000001fa9dd5c8c0, 0x000001fa9dd66ce8]
Event: 2.516 Thread 0x000001fab9040ab0 2224   !   3       MWG2.Phase1::main (1122 bytes)
Event: 2.529 Thread 0x000001fab9040ab0 nmethod 2224 0x000001fa9dd6d390 code [0x000001fa9dd6e300, 0x000001fa9dd78858]
Event: 3.215 Thread 0x000001fab903b760 2225 % !   4       MWG2.Phase1::main @ 1039 (1122 bytes)
Event: 3.249 Thread 0x000001fab903b760 nmethod 2225% 0x000001faa4fada10 code [0x000001faa4fadc60, 0x000001faa4faeeb0]

GC Heap History (6 events):
Event: 0.446 GC heap before
{Heap before GC invocations=0 (full 0):
 garbage-first heap   total 260096K, used 20480K [0x0000000702800000, 0x0000000800000000)
  region size 2048K, 11 young (22528K), 0 survivors (0K)
 Metaspace       used 4480K, capacity 6244K, committed 6528K, reserved 1056768K
  class space    used 445K, capacity 603K, committed 640K, reserved 1048576K
}
Event: 0.450 GC heap after
{Heap after GC invocations=1 (full 0):
 garbage-first heap   total 260096K, used 7576K [0x0000000702800000, 0x0000000800000000)
  region size 2048K, 2 young (4096K), 2 survivors (4096K)
 Metaspace       used 4480K, capacity 6244K, committed 6528K, reserved 1056768K
  class space    used 445K, capacity 603K, committed 640K, reserved 1048576K
}
Event: 0.864 GC heap before
{Heap before GC invocations=1 (full 0):
 garbage-first heap   total 260096K, used 28056K [0x0000000702800000, 0x0000000800000000)
  region size 2048K, 12 young (24576K), 2 survivors (4096K)
 Metaspace       used 8640K, capacity 9721K, committed 9856K, reserved 1058816K
  class space    used 941K, capacity 1057K, committed 1152K, reserved 1048576K
}
Event: 0.871 GC heap after
{Heap after GC invocations=2 (full 0):
 garbage-first heap   total 260096K, used 12664K [0x0000000702800000, 0x0000000800000000)
  region size 2048K, 2 young (4096K), 2 survivors (4096K)
 Metaspace       used 8640K, capacity 9721K, committed 9856K, reserved 1058816K
  class space    used 941K, capacity 1057K, committed 1152K, reserved 1048576K
}
Event: 5.916 GC heap before
{Heap before GC invocations=2 (full 0):
 garbage-first heap   total 260096K, used 41336K [0x0000000702800000, 0x0000000800000000)
  region size 2048K, 16 young (32768K), 2 survivors (4096K)
 Metaspace       used 11312K, capacity 11530K, committed 11904K, reserved 1060864K
  class space    used 1222K, capacity 1289K, committed 1408K, reserved 1048576K
}
Event: 5.926 GC heap after
{Heap after GC invocations=3 (full 0):
 garbage-first heap   total 260096K, used 16777K [0x0000000702800000, 0x0000000800000000)
  region size 2048K, 2 young (4096K), 2 survivors (4096K)
 Metaspace       used 11312K, capacity 11530K, committed 11904K, reserved 1060864K
  class space    used 1222K, capacity 1289K, committed 1408K, reserved 1048576K
}

Deoptimization events (20 events):
Event: 1.527 Thread 0x000001fa9519ed90 DEOPT PACKING pc=0x000001faa4f9544c sp=0x000000b3445ff180
Event: 1.527 Thread 0x000001fa9519ed90 DEOPT UNPACKING pc=0x000001fa9d41e42f sp=0x000000b3445ff108 mode 2
Event: 1.528 Thread 0x000001fa9519ed90 Uncommon trap: trap_request=0xffffffde fr.pc=0x000001faa4f9544c relative=0x000000000000012c
Event: 1.528 Thread 0x000001fa9519ed90 Uncommon trap: reason=class_check action=maybe_recompile pc=0x000001faa4f9544c method=jdk.internal.misc.Unsafe.allocateUninitializedArray(Ljava/lang/Class;I)Ljava/lang/Object; @ 51 c2
Event: 1.528 Thread 0x000001fa9519ed90 DEOPT PACKING pc=0x000001faa4f9544c sp=0x000000b3445ff180
Event: 1.528 Thread 0x000001fa9519ed90 DEOPT UNPACKING pc=0x000001fa9d41e42f sp=0x000000b3445ff108 mode 2
Event: 1.528 Thread 0x000001fa9519ed90 Uncommon trap: trap_request=0xffffffde fr.pc=0x000001faa4f9544c relative=0x000000000000012c
Event: 1.528 Thread 0x000001fa9519ed90 Uncommon trap: reason=class_check action=maybe_recompile pc=0x000001faa4f9544c method=jdk.internal.misc.Unsafe.allocateUninitializedArray(Ljava/lang/Class;I)Ljava/lang/Object; @ 51 c2
Event: 1.528 Thread 0x000001fa9519ed90 DEOPT PACKING pc=0x000001faa4f9544c sp=0x000000b3445ff180
Event: 1.528 Thread 0x000001fa9519ed90 DEOPT UNPACKING pc=0x000001fa9d41e42f sp=0x000000b3445ff108 mode 2
Event: 2.638 Thread 0x000001fa9519ed90 DEOPT PACKING pc=0x000001fa9dd6660a sp=0x000000b3445ff220
Event: 2.638 Thread 0x000001fa9519ed90 DEOPT UNPACKING pc=0x000001fa9d41e23f sp=0x000000b3445fe8c8 mode 0
Event: 2.934 Thread 0x000001fa9519ed90 DEOPT PACKING pc=0x000001fa9dd6660a sp=0x000000b3445ff220
Event: 2.934 Thread 0x000001fa9519ed90 DEOPT UNPACKING pc=0x000001fa9d41e23f sp=0x000000b3445fe8c8 mode 0
Event: 3.074 Thread 0x000001fa9519ed90 DEOPT PACKING pc=0x000001fa9dd6660a sp=0x000000b3445ff220
Event: 3.074 Thread 0x000001fa9519ed90 DEOPT UNPACKING pc=0x000001fa9d41e23f sp=0x000000b3445fe8c8 mode 0
Event: 3.215 Thread 0x000001fa9519ed90 DEOPT PACKING pc=0x000001fa9dd6660a sp=0x000000b3445ff220
Event: 3.215 Thread 0x000001fa9519ed90 DEOPT UNPACKING pc=0x000001fa9d41e23f sp=0x000000b3445fe8c8 mode 0
Event: 3.360 Thread 0x000001fa9519ed90 DEOPT PACKING pc=0x000001fa9dd6660a sp=0x000000b3445ff220
Event: 3.360 Thread 0x000001fa9519ed90 DEOPT UNPACKING pc=0x000001fa9d41e23f sp=0x000000b3445fe8c8 mode 0

Classes unloaded (0 events):
No events

Classes redefined (0 events):
No events

Internal exceptions (20 events):
Event: 0.319 Thread 0x000001fa9519ed90 Exception <a 'java/lang/NoSuchMethodError'{0x00000007115ccb60}: 'int java.lang.invoke.DirectMethodHandle$Holder.invokeStaticInit(java.lang.Object, java.lang.Object, java.lang.Object)'> (0x00000007115ccb60) 
thrown [./open/src/hotspot/share/interpreter/linkResolver.cpp, line 782]
Event: 0.338 Thread 0x000001fa9519ed90 Exception <a 'java/lang/NoSuchMethodError'{0x000000071129ca90}: 'java.lang.Object java.lang.invoke.DirectMethodHandle$Holder.invokeStatic(java.lang.Object)'> (0x000000071129ca90) 
thrown [./open/src/hotspot/share/interpreter/linkResolver.cpp, line 782]
Event: 0.341 Thread 0x000001fa9519ed90 Exception <a 'java/lang/NoSuchMethodError'{0x00000007112b09e8}: 'void java.lang.invoke.DirectMethodHandle$Holder.invokeVirtual(java.lang.Object, java.lang.Object, java.lang.Object, java.lang.Object)'> (0x00000007112b09e8) 
thrown [./open/src/hotspot/share/interpreter/linkResolver.cpp, line 782]
Event: 0.358 Thread 0x000001fa9519ed90 Exception <a 'java/lang/NoSuchMethodError'{0x00000007112fc7a8}: 'void java.lang.invoke.DirectMethodHandle$Holder.invokeStatic(java.lang.Object, java.lang.Object, java.lang.Object, int)'> (0x00000007112fc7a8) 
thrown [./open/src/hotspot/share/interpreter/linkResolver.cpp, line 782]
Event: 0.358 Thread 0x000001fa9519ed90 Exception <a 'java/lang/NoSuchMethodError'{0x00000007112ffe48}: 'void java.lang.invoke.DirectMethodHandle$Holder.invokeStaticInit(java.lang.Object, java.lang.Object, java.lang.Object, int)'> (0x00000007112ffe48) 
thrown [./open/src/hotspot/share/interpreter/linkResolver.cpp, line 782]
Event: 0.388 Thread 0x000001fa9519ed90 Exception <a 'java/lang/NoSuchMethodError'{0x00000007113a3e90}: 'void java.lang.invoke.DirectMethodHandle$Holder.invokeInterface(java.lang.Object, java.lang.Object, java.lang.Object)'> (0x00000007113a3e90) 
thrown [./open/src/hotspot/share/interpreter/linkResolver.cpp, line 782]
Event: 0.517 Thread 0x000001fa9519ed90 Implicit null exception at 0x000001faa4ee76e0 to 0x000001faa4ee7776
Event: 0.542 Thread 0x000001fa9519ed90 Exception <a 'java/lang/NoSuchMethodError'{0x000000071212c940}: 'java.lang.Object java.lang.invoke.DirectMethodHandle$Holder.invokeStaticInit(java.lang.Object)'> (0x000000071212c940) 
thrown [./open/src/hotspot/share/interpreter/linkResolver.cpp, line 782]
Event: 0.543 Thread 0x000001fa9519ed90 Exception <a 'java/lang/NoSuchMethodError'{0x0000000712132c90}: 'java.lang.Object java.lang.invoke.DirectMethodHandle$Holder.invokeInterface(java.lang.Object, java.lang.Object)'> (0x0000000712132c90) 
thrown [./open/src/hotspot/share/interpreter/linkResolver.cpp, line 782]
Event: 0.579 Thread 0x000001fa9519ed90 Exception <a 'java/lang/NoSuchMethodError'{0x0000000711ee1080}: 'void java.lang.invoke.DirectMethodHandle$Holder.invokeSpecial(java.lang.Object, java.lang.Object, java.lang.Object, java.lang.Object, java.lang.Object)'> (0x0000000711ee1080) 
thrown [./open/src/hotspot/share/interpreter/linkResolver.cpp, line 782]
Event: 0.582 Thread 0x000001fa9519ed90 Exception <a 'java/lang/NoSuchMethodError'{0x0000000711f066a8}: 'void java.lang.invoke.DirectMethodHandle$Holder.invokeVirtual(java.lang.Object, java.lang.Object)'> (0x0000000711f066a8) 
thrown [./open/src/hotspot/share/interpreter/linkResolver.cpp, line 782]
Event: 1.106 Thread 0x000001fa9519ed90 Exception <a 'java/lang/NoSuchMethodError'{0x00000007119073f0}: 'void java.lang.invoke.DirectMethodHandle$Holder.invokeStatic(java.lang.Object, java.lang.Object)'> (0x00000007119073f0) 
thrown [./open/src/hotspot/share/interpreter/linkResolver.cpp, line 782]
Event: 1.107 Thread 0x000001fa9519ed90 Exception <a 'java/lang/NoSuchMethodError'{0x000000071190abd0}: 'void java.lang.invoke.DirectMethodHandle$Holder.invokeStaticInit(java.lang.Object, java.lang.Object)'> (0x000000071190abd0) 
thrown [./open/src/hotspot/share/interpreter/linkResolver.cpp, line 782]
Event: 1.113 Thread 0x000001fa9519ed90 Exception <a 'java/lang/NoSuchMethodError'{0x0000000711937ce8}: 'java.lang.Object java.lang.invoke.DirectMethodHandle$Holder.invokeStaticInit(java.lang.Object, int, int, int, int)'> (0x0000000711937ce8) 
thrown [./open/src/hotspot/share/interpreter/linkResolver.cpp, line 782]
Event: 1.191 Thread 0x000001fa9519ed90 Exception <a 'java/lang/NoSuchMethodError'{0x00000007119febb0}: 'java.lang.Object java.lang.invoke.DirectMethodHandle$Holder.invokeStaticInit(java.lang.Object, java.lang.Object, int, int, int, int)'> (0x00000007119febb0) 
thrown [./open/src/hotspot/share/interpreter/linkResolver.cpp, line 782]
Event: 1.195 Thread 0x000001fa9519ed90 Exception <a 'java/lang/NoSuchMethodError'{0x0000000711609180}: 'void java.lang.invoke.DirectMethodHandle$Holder.invokeStatic(java.lang.Object, java.lang.Object, java.lang.Object)'> (0x0000000711609180) 
thrown [./open/src/hotspot/share/interpreter/linkResolver.cpp, line 782]
Event: 1.222 Thread 0x000001fa9519ed90 Exception <a 'sun/nio/fs/WindowsException'{0x0000000711650828}> (0x0000000711650828) 
thrown [./open/src/hotspot/share/prims/jni.cpp, line 578]
Event: 1.222 Thread 0x000001fa9519ed90 Exception <a 'sun/nio/fs/WindowsException'{0x0000000711650b28}> (0x0000000711650b28) 
thrown [./open/src/hotspot/share/prims/jni.cpp, line 578]
Event: 1.223 Thread 0x000001fa9519ed90 Exception <a 'sun/nio/fs/WindowsException'{0x0000000711651c50}> (0x0000000711651c50) 
thrown [./open/src/hotspot/share/prims/jni.cpp, line 578]
Event: 1.223 Thread 0x000001fa9519ed90 Exception <a 'sun/nio/fs/WindowsException'{0x0000000711651fb0}> (0x0000000711651fb0) 
thrown [./open/src/hotspot/share/prims/jni.cpp, line 578]

Events (20 events):
Event: 1.222 loading class java/nio/file/CopyMoveHelper$CopyOptions done
Event: 1.222 loading class sun/nio/fs/WindowsException
Event: 1.222 loading class sun/nio/fs/WindowsException done
Event: 1.223 loading class java/nio/file/FileVisitResult
Event: 1.223 loading class java/nio/file/FileVisitResult done
Event: 1.223 loading class java/nio/channels/Channels
Event: 1.224 loading class java/nio/channels/Channels done
Event: 1.224 loading class java/nio/channels/Channels$1
Event: 1.224 loading class java/nio/channels/Channels$1 done
Event: 1.224 loading class java/nio/channels/SelectableChannel
Event: 1.224 loading class java/nio/channels/SelectableChannel done
Event: 1.250 Executing VM operation: ICBufferFull
Event: 1.250 Executing VM operation: ICBufferFull done
Event: 1.382 loading class jdk/internal/access/foreign/MemorySegmentProxy
Event: 1.382 loading class jdk/internal/access/foreign/MemorySegmentProxy done
Event: 1.382 Thread 0x000001fab9f540f0 Thread exited: 0x000001fab9f540f0
Event: 1.505 Loaded shared library C:\Users\Admin\AppData\Local\Temp\ortools-java5485161910832420777\win32-x86-64\jniortools.dll
Event: 2.493 Thread 0x000001fa9519ff40 Thread exited: 0x000001fa9519ff40
Event: 5.916 Executing VM operation: G1CollectForAllocation
Event: 5.926 Executing VM operation: G1CollectForAllocation done


Dynamic libraries:
0x00007ff6112f0000 - 0x00007ff6112ff000 	C:\Program Files\Java\jdk-15.0.1\bin\java.exe
0x00007ffc852b0000 - 0x00007ffc854a5000 	C:\Windows\SYSTEM32\ntdll.dll
0x00007ffc851b0000 - 0x00007ffc8526d000 	C:\Windows\System32\KERNEL32.DLL
0x00007ffc82d40000 - 0x00007ffc83009000 	C:\Windows\System32\KERNELBASE.dll
0x00007ffc831c0000 - 0x00007ffc832c0000 	C:\Windows\System32\ucrtbase.dll
0x00007ffc7aff0000 - 0x00007ffc7b009000 	C:\Program Files\Java\jdk-15.0.1\bin\VCRUNTIME140.dll
0x00007ffc7cc50000 - 0x00007ffc7cc68000 	C:\Program Files\Java\jdk-15.0.1\bin\jli.dll
0x00007ffc83ab0000 - 0x00007ffc83b5c000 	C:\Windows\System32\ADVAPI32.dll
0x00007ffc83b60000 - 0x00007ffc83bfe000 	C:\Windows\System32\msvcrt.dll
0x00007ffc84630000 - 0x00007ffc846cb000 	C:\Windows\System32\sechost.dll
0x00007ffc84500000 - 0x00007ffc8462a000 	C:\Windows\System32\RPCRT4.dll
0x00007ffc83400000 - 0x00007ffc835a0000 	C:\Windows\System32\USER32.dll
0x00007ffc82a90000 - 0x00007ffc82ab2000 	C:\Windows\System32\win32u.dll
0x00007ffc6fe10000 - 0x00007ffc700aa000 	C:\Windows\WinSxS\amd64_microsoft.windows.common-controls_6595b64144ccf1df_6.0.19041.1083_none_60bbe31371f34e71\COMCTL32.dll
0x00007ffc846d0000 - 0x00007ffc846fa000 	C:\Windows\System32\GDI32.dll
0x00007ffc82c00000 - 0x00007ffc82d0b000 	C:\Windows\System32\gdi32full.dll
0x00007ffc829f0000 - 0x00007ffc82a8d000 	C:\Windows\System32\msvcp_win.dll
0x00007ffc7b280000 - 0x00007ffc7b28a000 	C:\Windows\SYSTEM32\VERSION.dll
0x00007ffc848b0000 - 0x00007ffc848e0000 	C:\Windows\System32\IMM32.DLL
0x00007ffc7d1e0000 - 0x00007ffc7d1ec000 	C:\Program Files\Java\jdk-15.0.1\bin\vcruntime140_1.dll
0x00007ffc5a5a0000 - 0x00007ffc5a631000 	C:\Program Files\Java\jdk-15.0.1\bin\msvcp140.dll
0x00007ffc36c80000 - 0x00007ffc377de000 	C:\Program Files\Java\jdk-15.0.1\bin\server\jvm.dll
0x00007ffc84830000 - 0x00007ffc84838000 	C:\Windows\System32\PSAPI.DLL
0x00007ffc723b0000 - 0x00007ffc723b9000 	C:\Windows\SYSTEM32\WSOCK32.dll
0x00007ffc743f0000 - 0x00007ffc74417000 	C:\Windows\SYSTEM32\WINMM.dll
0x00007ffc84840000 - 0x00007ffc848ab000 	C:\Windows\System32\WS2_32.dll
0x00007ffc812b0000 - 0x00007ffc812c2000 	C:\Windows\SYSTEM32\kernel.appcore.dll
0x00007ffc7afe0000 - 0x00007ffc7afea000 	C:\Program Files\Java\jdk-15.0.1\bin\jimage.dll
0x00007ffc80fd0000 - 0x00007ffc811b4000 	C:\Windows\SYSTEM32\DBGHELP.DLL
0x00007ffc79610000 - 0x00007ffc7963c000 	C:\Windows\SYSTEM32\dbgcore.DLL
0x00007ffc82ac0000 - 0x00007ffc82b43000 	C:\Windows\System32\bcryptPrimitives.dll
0x00007ffc72ff0000 - 0x00007ffc73015000 	C:\Program Files\Java\jdk-15.0.1\bin\java.dll
0x00007ffc84a70000 - 0x00007ffc851af000 	C:\Windows\System32\SHELL32.dll
0x00007ffc80830000 - 0x00007ffc80fc1000 	C:\Windows\SYSTEM32\windows.storage.dll
0x00007ffc835a0000 - 0x00007ffc838f5000 	C:\Windows\System32\combase.dll
0x00007ffc82460000 - 0x00007ffc8248c000 	C:\Windows\SYSTEM32\Wldp.dll
0x00007ffc84330000 - 0x00007ffc843de000 	C:\Windows\System32\SHCORE.dll
0x00007ffc84a10000 - 0x00007ffc84a65000 	C:\Windows\System32\shlwapi.dll
0x00007ffc82930000 - 0x00007ffc8294f000 	C:\Windows\SYSTEM32\profapi.dll
0x00007ffc7ae10000 - 0x00007ffc7ae29000 	C:\Program Files\Java\jdk-15.0.1\bin\net.dll
0x00007ffc79ca0000 - 0x00007ffc79daa000 	C:\Windows\SYSTEM32\WINHTTP.dll
0x00007ffc821c0000 - 0x00007ffc8222a000 	C:\Windows\system32\mswsock.dll
0x00007ffc78370000 - 0x00007ffc78382000 	C:\Program Files\Java\jdk-15.0.1\bin\nio.dll
0x00007ffc77a60000 - 0x00007ffc77a78000 	C:\Program Files\Java\jdk-15.0.1\bin\zip.dll
0x00007ffc823a0000 - 0x00007ffc823b8000 	C:\Windows\SYSTEM32\CRYPTSP.dll
0x00007ffc81a90000 - 0x00007ffc81ac4000 	C:\Windows\system32\rsaenh.dll
0x00007ffc82d10000 - 0x00007ffc82d37000 	C:\Windows\System32\bcrypt.dll
0x00007ffc828f0000 - 0x00007ffc8291e000 	C:\Windows\SYSTEM32\USERENV.dll
0x00007ffc823c0000 - 0x00007ffc823cc000 	C:\Windows\SYSTEM32\CRYPTBASE.dll
0x00007ffc81e60000 - 0x00007ffc81e9b000 	C:\Windows\SYSTEM32\IPHLPAPI.DLL
0x00007ffc841d0000 - 0x00007ffc841d8000 	C:\Windows\System32\NSI.dll
0x00007ffc79740000 - 0x00007ffc79757000 	C:\Windows\SYSTEM32\dhcpcsvc6.DLL
0x00007ffc79a80000 - 0x00007ffc79a9d000 	C:\Windows\SYSTEM32\dhcpcsvc.DLL
0x00007ffc81ea0000 - 0x00007ffc81f6c000 	C:\Windows\SYSTEM32\DNSAPI.dll
0x00007ffc1d730000 - 0x00007ffc1f2b9000 	C:\Users\Admin\AppData\Local\Temp\ortools-java5485161910832420777\win32-x86-64\jniortools.dll

dbghelp: loaded successfully - version: 4.0.5 - missing functions: none
symbol engine: initialized successfully - sym options: 0x614 - pdb path: .;C:\Program Files\Java\jdk-15.0.1\bin;C:\Windows\SYSTEM32;C:\Windows\WinSxS\amd64_microsoft.windows.common-controls_6595b64144ccf1df_6.0.19041.1083_none_60bbe31371f34e71;C:\Program Files\Java\jdk-15.0.1\bin\server;C:\Users\Admin\AppData\Local\Temp\ortools-java5485161910832420777\win32-x86-64

VM Arguments:
java_command: MWG2.Phase1
java_class_path (initial): C:\Users\Admin\OneDrive\Documents\NetBeansProjects\MWG2\target\classes;C:\Users\Admin\.m2\repository\com\google\ortools\ortools-java\9.0.9048\ortools-java-9.0.9048.jar;C:\Users\Admin\.m2\repository\com\google\ortools\ortools-linux-x86-64\9.0.9048\ortools-linux-x86-64-9.0.9048.jar;C:\Users\Admin\.m2\repository\com\google\ortools\ortools-darwin-x86-64\9.0.9048\ortools-darwin-x86-64-9.0.9048.jar;C:\Users\Admin\.m2\repository\com\google\ortools\ortools-win32-x86-64\9.0.9048\ortools-win32-x86-64-9.0.9048.jar;C:\Users\Admin\.m2\repository\net\java\dev\jna\jna-platform\5.8.0\jna-platform-5.8.0.jar;C:\Users\Admin\.m2\repository\net\java\dev\jna\jna\5.8.0\jna-5.8.0.jar;C:\Users\Admin\.m2\repository\com\google\protobuf\protobuf-java\3.15.8\protobuf-java-3.15.8.jar;C:\Users\Admin\.m2\repository\org\apache\poi\poi\5.0.0\poi-5.0.0.jar;C:\Users\Admin\.m2\repository\org\slf4j\slf4j-api\1.7.30\slf4j-api-1.7.30.jar;C:\Users\Admin\.m2\repository\org\slf4j\jcl-over-slf4j\1.7.30\jcl-over-slf4j-1.7.30.jar;C:\Users\Admin\.m2\repository\commons-codec\commons-codec\1.15\commons-codec-1.15.jar;C:\Users\Admin\.m2\repository\org\apache\commons\commons-collections4\4.4\commons-collections4-4.4.jar;C:\Users\Admin\.m2\repository\org\apache\commons\commons-math3\3.6.1\commons-math3-3.6.1.jar;C:\Users\Admin\.m2\repository\com\zaxxer\SparseBitSet\1.2\SparseBitSet-1.2.jar;C:\Users\Admin\.m2\repository\org\apache\poi\poi-ooxml\5.0.0\poi-ooxml-5.0.0.jar;C:\Users\Admin\.m2\repository\org\apache\poi\poi-ooxml-lite\5.0.0\poi-ooxml-lite-5.0.0.jar;C:\Users\Admin\.m2\repository\org\apache\xmlbeans\xmlbeans\4.0.0\xmlbeans-4.0.0.jar;C:\Users\Admin\.m2\repository\org\apache\commons\commons-compress\1.20\commons-compress-1.20.jar;C:\Users\Admin\.m2\repository\com\github\virtuald\curvesapi\1.06\curvesapi-1.06.jar;C:\Users\Admin\.m2\repository\org\bouncycastle\bcpkix-jdk15on\1.68\bcpkix-jdk15on-1.68.jar;C:\Users\Admin\.m2\repository\org\bouncycastle\bcprov-jdk15on\1.68\bcprov-jdk15on-
Launcher Type: SUN_STANDARD

[Global flags]
     intx CICompilerCount                          = 4                                         {product} {ergonomic}
     uint ConcGCThreads                            = 2                                         {product} {ergonomic}
     uint G1ConcRefinementThreads                  = 8                                         {product} {ergonomic}
   size_t G1HeapRegionSize                         = 2097152                                   {product} {ergonomic}
    uintx GCDrainStackTargetSize                   = 64                                        {product} {ergonomic}
   size_t InitialHeapSize                          = 266338304                                 {product} {ergonomic}
   size_t MarkStackSize                            = 4194304                                   {product} {ergonomic}
   size_t MaxHeapSize                              = 4253024256                                {product} {ergonomic}
   size_t MaxNewSize                               = 2550136832                                {product} {ergonomic}
   size_t MinHeapDeltaBytes                        = 2097152                                   {product} {ergonomic}
   size_t MinHeapSize                              = 8388608                                   {product} {ergonomic}
    uintx NonNMethodCodeHeapSize                   = 5839372                                {pd product} {ergonomic}
    uintx NonProfiledCodeHeapSize                  = 122909434                              {pd product} {ergonomic}
    uintx ProfiledCodeHeapSize                     = 122909434                              {pd product} {ergonomic}
    uintx ReservedCodeCacheSize                    = 251658240                              {pd product} {ergonomic}
     bool SegmentedCodeCache                       = true                                      {product} {ergonomic}
   size_t SoftMaxHeapSize                          = 4253024256                             {manageable} {ergonomic}
     bool UseCompressedClassPointers               = true                                 {lp64_product} {ergonomic}
     bool UseCompressedOops                        = true                                 {lp64_product} {ergonomic}
     bool UseG1GC                                  = true                                      {product} {ergonomic}
     bool UseLargePagesIndividualAllocation        = false                                  {pd product} {ergonomic}

Logging:
Log output configuration:
 #0: stdout all=warning uptime,level,tags
 #1: stderr all=off uptime,level,tags

Environment Variables:
JAVA_HOME=C:\Program Files\Java\jdk-15.0.1
PATH=C:\Program Files (x86)\Common Files\Intel\Shared Libraries\redist\intel64\compiler;C:\Program Files\Java\jdk-15.0.1\bin;C:\Program Files\Common Files\Oracle\Java\javapath;C:\Windows\system32;C:\Windows;C:\Windows\System32\Wbem;C:\Windows\System32\WindowsPowerShell\v1.0\;C:\Windows\System32\OpenSSH\;C:\Program Files\MongoDB\Server\4.4\bin;C:\Users\Admin\AppData\Roaming\Python\Python39\Scripts;C:\Program Files\Git\cmd;C:\Users\Admin\AppData\Local\Programs\Python\Python39\Scripts\;C:\Users\Admin\AppData\Local\Programs\Python\Python39\;C:\Users\Admin\AppData\Local\Microsoft\WindowsApps;C:\Users\Admin\AppData\Local\Programs\Microsoft VS Code\bin;C:\Program Files\JetBrains\PyCharm Community Edition 2021.1.1\bin;;C:\Users\Admin\AppData\Local\GitHubDesktop\bin
USERNAME=Admin
OS=Windows_NT
PROCESSOR_IDENTIFIER=Intel64 Family 6 Model 142 Stepping 10, GenuineIntel



---------------  S Y S T E M  ---------------

OS:
 Windows 10 , 64 bit Build 19041 (10.0.19041.1023)
OS uptime: 1 days 21:56 hours

CPU: total 8 (initial active 8) (4 cores per cpu, 2 threads per core) family 6 model 142 stepping 10 microcode 0xea, cmov, cx8, fxsr, mmx, sse, sse2, sse3, ssse3, sse4.1, sse4.2, popcnt, vzeroupper, avx, avx2, aes, clmul, erms, rtm, 3dnowpref, lzcnt, ht, tsc, tscinvbit, bmi1, bmi2, adx, fma, clflush, clflushopt

Memory: 4k page, system-wide physical 16217M (9678M free)
TotalPageFile size 18649M (AvailPageFile size 10382M)
current process WorkingSet (physical memory assigned to process): 115M, peak: 128M
current process commit charge ("private bytes"): 366M, peak: 391M

vm_info: Java HotSpot(TM) 64-Bit Server VM (15.0.1+9-18) for windows-amd64 JRE (15.0.1+9-18), built on Sep 15 2020 14:43:54 by "mach5one" with unknown MS VC++:1925

END.
